[2023-07-19T15:05:55.874+0000] {taskinstance.py:1103} INFO - Dependencies all met for dep_context=non-requeueable deps ti=<TaskInstance: etl.extract_parquet_data manual__2023-07-19T15:05:54.563067+00:00 [queued]>
[2023-07-19T15:05:55.894+0000] {taskinstance.py:1103} INFO - Dependencies all met for dep_context=requeueable deps ti=<TaskInstance: etl.extract_parquet_data manual__2023-07-19T15:05:54.563067+00:00 [queued]>
[2023-07-19T15:05:55.894+0000] {taskinstance.py:1308} INFO - Starting attempt 1 of 2
[2023-07-19T15:05:55.920+0000] {taskinstance.py:1327} INFO - Executing <Task(PythonOperator): extract_parquet_data> on 2023-07-19 15:05:54.563067+00:00
[2023-07-19T15:05:55.927+0000] {standard_task_runner.py:57} INFO - Started process 457 to run task
[2023-07-19T15:05:55.935+0000] {standard_task_runner.py:84} INFO - Running: ['***', 'tasks', 'run', 'etl', 'extract_parquet_data', 'manual__2023-07-19T15:05:54.563067+00:00', '--job-id', '21', '--raw', '--subdir', 'DAGS_FOLDER/etl.py', '--cfg-path', '/tmp/tmpsozfwsb0']
[2023-07-19T15:05:55.938+0000] {standard_task_runner.py:85} INFO - Job 21: Subtask extract_parquet_data
[2023-07-19T15:05:56.000+0000] {task_command.py:410} INFO - Running <TaskInstance: etl.extract_parquet_data manual__2023-07-19T15:05:54.563067+00:00 [running]> on host 6f676df8422e
[2023-07-19T15:05:56.091+0000] {taskinstance.py:1547} INFO - Exporting env vars: AIRFLOW_CTX_DAG_OWNER='Rodrigo Carvalho' AIRFLOW_CTX_DAG_ID='etl' AIRFLOW_CTX_TASK_ID='extract_parquet_data' AIRFLOW_CTX_EXECUTION_DATE='2023-07-19T15:05:54.563067+00:00' AIRFLOW_CTX_TRY_NUMBER='1' AIRFLOW_CTX_DAG_RUN_ID='manual__2023-07-19T15:05:54.563067+00:00'
[2023-07-19T15:05:56.257+0000] {logging_mixin.py:150} INFO -    id   nome_categoria
0   1         Babywear
1   2      Womens wear
2   3  Womens Footwear
3   4        Sportwear
4   5     Mens Clothes
5   6     Bath Clothes
6   7    Mens Footwear
7   8   Childrens wear
[2023-07-19T15:05:56.275+0000] {logging_mixin.py:150} INFO - Load process completed!
[2023-07-19T15:05:56.275+0000] {python.py:183} INFO - Done. Returned value was: None
[2023-07-19T15:05:56.284+0000] {taskinstance.py:1350} INFO - Marking task as SUCCESS. dag_id=etl, task_id=extract_parquet_data, execution_date=20230719T150554, start_date=20230719T150555, end_date=20230719T150556
[2023-07-19T15:05:56.310+0000] {local_task_job_runner.py:225} INFO - Task exited with return code 0
[2023-07-19T15:05:56.341+0000] {taskinstance.py:2653} INFO - 0 downstream tasks scheduled from follow-on schedule check
