[2023-07-19T12:54:16.416+0000] {processor.py:157} INFO - Started process (PID=70) to work on /home/airflow/.local/lib/python3.7/site-packages/airflow/example_dags/example_xcom.py
[2023-07-19T12:54:16.418+0000] {processor.py:826} INFO - Processing file /home/airflow/.local/lib/python3.7/site-packages/airflow/example_dags/example_xcom.py for tasks to queue
[2023-07-19T12:54:16.418+0000] {logging_mixin.py:150} INFO - [2023-07-19T12:54:16.418+0000] {dagbag.py:541} INFO - Filling up the DagBag from /home/airflow/.local/lib/python3.7/site-packages/airflow/example_dags/example_xcom.py
[2023-07-19T12:54:16.425+0000] {processor.py:836} INFO - DAG(s) dict_keys(['example_xcom']) retrieved from /home/airflow/.local/lib/python3.7/site-packages/airflow/example_dags/example_xcom.py
[2023-07-19T12:54:16.503+0000] {logging_mixin.py:150} INFO - [2023-07-19T12:54:16.503+0000] {manager.py:504} INFO - Created Permission View: can edit on DAG:example_xcom
[2023-07-19T12:54:16.510+0000] {logging_mixin.py:150} INFO - [2023-07-19T12:54:16.510+0000] {manager.py:504} INFO - Created Permission View: can read on DAG:example_xcom
[2023-07-19T12:54:16.514+0000] {logging_mixin.py:150} INFO - [2023-07-19T12:54:16.514+0000] {manager.py:504} INFO - Created Permission View: can delete on DAG:example_xcom
[2023-07-19T12:54:16.527+0000] {logging_mixin.py:150} INFO - [2023-07-19T12:54:16.527+0000] {dag.py:2742} INFO - Sync 1 DAGs
[2023-07-19T12:54:16.542+0000] {logging_mixin.py:150} INFO - [2023-07-19T12:54:16.542+0000] {dag.py:2763} INFO - Creating ORM DAG for example_xcom
[2023-07-19T12:54:16.554+0000] {logging_mixin.py:150} INFO - [2023-07-19T12:54:16.554+0000] {dag.py:3508} INFO - Setting next_dagrun for example_xcom to 2021-01-01T00:00:00+00:00, run_after=2021-01-01T00:00:00+00:00
[2023-07-19T12:54:16.568+0000] {processor.py:179} INFO - Processing /home/airflow/.local/lib/python3.7/site-packages/airflow/example_dags/example_xcom.py took 0.156 seconds
[2023-07-19T12:54:46.870+0000] {processor.py:157} INFO - Started process (PID=139) to work on /home/airflow/.local/lib/python3.7/site-packages/airflow/example_dags/example_xcom.py
[2023-07-19T12:54:46.871+0000] {processor.py:826} INFO - Processing file /home/airflow/.local/lib/python3.7/site-packages/airflow/example_dags/example_xcom.py for tasks to queue
[2023-07-19T12:54:46.872+0000] {logging_mixin.py:150} INFO - [2023-07-19T12:54:46.872+0000] {dagbag.py:541} INFO - Filling up the DagBag from /home/airflow/.local/lib/python3.7/site-packages/airflow/example_dags/example_xcom.py
[2023-07-19T12:54:46.880+0000] {processor.py:836} INFO - DAG(s) dict_keys(['example_xcom']) retrieved from /home/airflow/.local/lib/python3.7/site-packages/airflow/example_dags/example_xcom.py
[2023-07-19T12:54:46.917+0000] {logging_mixin.py:150} INFO - [2023-07-19T12:54:46.916+0000] {dag.py:2742} INFO - Sync 1 DAGs
[2023-07-19T12:54:46.944+0000] {logging_mixin.py:150} INFO - [2023-07-19T12:54:46.943+0000] {dag.py:3508} INFO - Setting next_dagrun for example_xcom to 2021-01-01T00:00:00+00:00, run_after=2021-01-01T00:00:00+00:00
[2023-07-19T12:54:46.961+0000] {processor.py:179} INFO - Processing /home/airflow/.local/lib/python3.7/site-packages/airflow/example_dags/example_xcom.py took 0.096 seconds
[2023-07-19T12:55:17.714+0000] {processor.py:157} INFO - Started process (PID=217) to work on /home/airflow/.local/lib/python3.7/site-packages/airflow/example_dags/example_xcom.py
[2023-07-19T12:55:17.718+0000] {processor.py:826} INFO - Processing file /home/airflow/.local/lib/python3.7/site-packages/airflow/example_dags/example_xcom.py for tasks to queue
[2023-07-19T12:55:17.719+0000] {logging_mixin.py:150} INFO - [2023-07-19T12:55:17.718+0000] {dagbag.py:541} INFO - Filling up the DagBag from /home/airflow/.local/lib/python3.7/site-packages/airflow/example_dags/example_xcom.py
[2023-07-19T12:55:17.728+0000] {processor.py:836} INFO - DAG(s) dict_keys(['example_xcom']) retrieved from /home/airflow/.local/lib/python3.7/site-packages/airflow/example_dags/example_xcom.py
[2023-07-19T12:55:17.757+0000] {logging_mixin.py:150} INFO - [2023-07-19T12:55:17.756+0000] {dag.py:2742} INFO - Sync 1 DAGs
[2023-07-19T12:55:17.785+0000] {logging_mixin.py:150} INFO - [2023-07-19T12:55:17.785+0000] {dag.py:3508} INFO - Setting next_dagrun for example_xcom to 2021-01-01T00:00:00+00:00, run_after=2021-01-01T00:00:00+00:00
[2023-07-19T12:55:17.801+0000] {processor.py:179} INFO - Processing /home/airflow/.local/lib/python3.7/site-packages/airflow/example_dags/example_xcom.py took 0.095 seconds
[2023-07-19T12:55:48.186+0000] {processor.py:157} INFO - Started process (PID=284) to work on /home/airflow/.local/lib/python3.7/site-packages/airflow/example_dags/example_xcom.py
[2023-07-19T12:55:48.187+0000] {processor.py:826} INFO - Processing file /home/airflow/.local/lib/python3.7/site-packages/airflow/example_dags/example_xcom.py for tasks to queue
[2023-07-19T12:55:48.188+0000] {logging_mixin.py:150} INFO - [2023-07-19T12:55:48.188+0000] {dagbag.py:541} INFO - Filling up the DagBag from /home/airflow/.local/lib/python3.7/site-packages/airflow/example_dags/example_xcom.py
[2023-07-19T12:55:48.196+0000] {processor.py:836} INFO - DAG(s) dict_keys(['example_xcom']) retrieved from /home/airflow/.local/lib/python3.7/site-packages/airflow/example_dags/example_xcom.py
[2023-07-19T12:55:48.229+0000] {logging_mixin.py:150} INFO - [2023-07-19T12:55:48.228+0000] {dag.py:2742} INFO - Sync 1 DAGs
[2023-07-19T12:55:48.269+0000] {logging_mixin.py:150} INFO - [2023-07-19T12:55:48.269+0000] {dag.py:3508} INFO - Setting next_dagrun for example_xcom to 2021-01-01T00:00:00+00:00, run_after=2021-01-01T00:00:00+00:00
[2023-07-19T12:55:48.298+0000] {processor.py:179} INFO - Processing /home/airflow/.local/lib/python3.7/site-packages/airflow/example_dags/example_xcom.py took 0.116 seconds
[2023-07-19T12:56:18.770+0000] {processor.py:157} INFO - Started process (PID=361) to work on /home/airflow/.local/lib/python3.7/site-packages/airflow/example_dags/example_xcom.py
[2023-07-19T12:56:18.771+0000] {processor.py:826} INFO - Processing file /home/airflow/.local/lib/python3.7/site-packages/airflow/example_dags/example_xcom.py for tasks to queue
[2023-07-19T12:56:18.771+0000] {logging_mixin.py:150} INFO - [2023-07-19T12:56:18.771+0000] {dagbag.py:541} INFO - Filling up the DagBag from /home/airflow/.local/lib/python3.7/site-packages/airflow/example_dags/example_xcom.py
[2023-07-19T12:56:18.778+0000] {processor.py:836} INFO - DAG(s) dict_keys(['example_xcom']) retrieved from /home/airflow/.local/lib/python3.7/site-packages/airflow/example_dags/example_xcom.py
[2023-07-19T12:56:18.804+0000] {logging_mixin.py:150} INFO - [2023-07-19T12:56:18.804+0000] {dag.py:2742} INFO - Sync 1 DAGs
[2023-07-19T12:56:18.831+0000] {logging_mixin.py:150} INFO - [2023-07-19T12:56:18.831+0000] {dag.py:3508} INFO - Setting next_dagrun for example_xcom to 2021-01-01T00:00:00+00:00, run_after=2021-01-01T00:00:00+00:00
[2023-07-19T12:56:18.849+0000] {processor.py:179} INFO - Processing /home/airflow/.local/lib/python3.7/site-packages/airflow/example_dags/example_xcom.py took 0.082 seconds
[2023-07-19T12:56:49.106+0000] {processor.py:157} INFO - Started process (PID=429) to work on /home/airflow/.local/lib/python3.7/site-packages/airflow/example_dags/example_xcom.py
[2023-07-19T12:56:49.108+0000] {processor.py:826} INFO - Processing file /home/airflow/.local/lib/python3.7/site-packages/airflow/example_dags/example_xcom.py for tasks to queue
[2023-07-19T12:56:49.110+0000] {logging_mixin.py:150} INFO - [2023-07-19T12:56:49.109+0000] {dagbag.py:541} INFO - Filling up the DagBag from /home/airflow/.local/lib/python3.7/site-packages/airflow/example_dags/example_xcom.py
[2023-07-19T12:56:49.118+0000] {processor.py:836} INFO - DAG(s) dict_keys(['example_xcom']) retrieved from /home/airflow/.local/lib/python3.7/site-packages/airflow/example_dags/example_xcom.py
[2023-07-19T12:56:49.144+0000] {logging_mixin.py:150} INFO - [2023-07-19T12:56:49.144+0000] {dag.py:2742} INFO - Sync 1 DAGs
[2023-07-19T12:56:49.168+0000] {logging_mixin.py:150} INFO - [2023-07-19T12:56:49.167+0000] {dag.py:3508} INFO - Setting next_dagrun for example_xcom to 2021-01-01T00:00:00+00:00, run_after=2021-01-01T00:00:00+00:00
[2023-07-19T12:56:49.183+0000] {processor.py:179} INFO - Processing /home/airflow/.local/lib/python3.7/site-packages/airflow/example_dags/example_xcom.py took 0.081 seconds
[2023-07-19T12:57:19.911+0000] {processor.py:157} INFO - Started process (PID=506) to work on /home/airflow/.local/lib/python3.7/site-packages/airflow/example_dags/example_xcom.py
[2023-07-19T12:57:19.912+0000] {processor.py:826} INFO - Processing file /home/airflow/.local/lib/python3.7/site-packages/airflow/example_dags/example_xcom.py for tasks to queue
[2023-07-19T12:57:19.913+0000] {logging_mixin.py:150} INFO - [2023-07-19T12:57:19.913+0000] {dagbag.py:541} INFO - Filling up the DagBag from /home/airflow/.local/lib/python3.7/site-packages/airflow/example_dags/example_xcom.py
[2023-07-19T12:57:19.924+0000] {processor.py:836} INFO - DAG(s) dict_keys(['example_xcom']) retrieved from /home/airflow/.local/lib/python3.7/site-packages/airflow/example_dags/example_xcom.py
[2023-07-19T12:57:19.962+0000] {logging_mixin.py:150} INFO - [2023-07-19T12:57:19.962+0000] {dag.py:2742} INFO - Sync 1 DAGs
[2023-07-19T12:57:20.008+0000] {logging_mixin.py:150} INFO - [2023-07-19T12:57:20.008+0000] {dag.py:3508} INFO - Setting next_dagrun for example_xcom to 2021-01-01T00:00:00+00:00, run_after=2021-01-01T00:00:00+00:00
[2023-07-19T12:57:20.032+0000] {processor.py:179} INFO - Processing /home/airflow/.local/lib/python3.7/site-packages/airflow/example_dags/example_xcom.py took 0.124 seconds
[2023-07-19T12:57:50.098+0000] {processor.py:157} INFO - Started process (PID=574) to work on /home/airflow/.local/lib/python3.7/site-packages/airflow/example_dags/example_xcom.py
[2023-07-19T12:57:50.099+0000] {processor.py:826} INFO - Processing file /home/airflow/.local/lib/python3.7/site-packages/airflow/example_dags/example_xcom.py for tasks to queue
[2023-07-19T12:57:50.099+0000] {logging_mixin.py:150} INFO - [2023-07-19T12:57:50.099+0000] {dagbag.py:541} INFO - Filling up the DagBag from /home/airflow/.local/lib/python3.7/site-packages/airflow/example_dags/example_xcom.py
[2023-07-19T12:57:50.110+0000] {processor.py:836} INFO - DAG(s) dict_keys(['example_xcom']) retrieved from /home/airflow/.local/lib/python3.7/site-packages/airflow/example_dags/example_xcom.py
[2023-07-19T12:57:50.139+0000] {logging_mixin.py:150} INFO - [2023-07-19T12:57:50.139+0000] {dag.py:2742} INFO - Sync 1 DAGs
[2023-07-19T12:57:50.165+0000] {logging_mixin.py:150} INFO - [2023-07-19T12:57:50.164+0000] {dag.py:3508} INFO - Setting next_dagrun for example_xcom to 2021-01-01T00:00:00+00:00, run_after=2021-01-01T00:00:00+00:00
[2023-07-19T12:57:50.181+0000] {processor.py:179} INFO - Processing /home/airflow/.local/lib/python3.7/site-packages/airflow/example_dags/example_xcom.py took 0.087 seconds
[2023-07-19T12:58:20.771+0000] {processor.py:157} INFO - Started process (PID=651) to work on /home/airflow/.local/lib/python3.7/site-packages/airflow/example_dags/example_xcom.py
[2023-07-19T12:58:20.772+0000] {processor.py:826} INFO - Processing file /home/airflow/.local/lib/python3.7/site-packages/airflow/example_dags/example_xcom.py for tasks to queue
[2023-07-19T12:58:20.773+0000] {logging_mixin.py:150} INFO - [2023-07-19T12:58:20.773+0000] {dagbag.py:541} INFO - Filling up the DagBag from /home/airflow/.local/lib/python3.7/site-packages/airflow/example_dags/example_xcom.py
[2023-07-19T12:58:20.779+0000] {processor.py:836} INFO - DAG(s) dict_keys(['example_xcom']) retrieved from /home/airflow/.local/lib/python3.7/site-packages/airflow/example_dags/example_xcom.py
[2023-07-19T12:58:20.803+0000] {logging_mixin.py:150} INFO - [2023-07-19T12:58:20.803+0000] {dag.py:2742} INFO - Sync 1 DAGs
[2023-07-19T12:58:20.826+0000] {logging_mixin.py:150} INFO - [2023-07-19T12:58:20.826+0000] {dag.py:3508} INFO - Setting next_dagrun for example_xcom to 2021-01-01T00:00:00+00:00, run_after=2021-01-01T00:00:00+00:00
[2023-07-19T12:58:20.846+0000] {processor.py:179} INFO - Processing /home/airflow/.local/lib/python3.7/site-packages/airflow/example_dags/example_xcom.py took 0.079 seconds
