[2023-07-19T12:54:14.838+0000] {processor.py:157} INFO - Started process (PID=59) to work on /home/airflow/.local/lib/python3.7/site-packages/airflow/example_dags/example_external_task_marker_dag.py
[2023-07-19T12:54:14.838+0000] {processor.py:826} INFO - Processing file /home/airflow/.local/lib/python3.7/site-packages/airflow/example_dags/example_external_task_marker_dag.py for tasks to queue
[2023-07-19T12:54:14.839+0000] {logging_mixin.py:150} INFO - [2023-07-19T12:54:14.839+0000] {dagbag.py:541} INFO - Filling up the DagBag from /home/airflow/.local/lib/python3.7/site-packages/airflow/example_dags/example_external_task_marker_dag.py
[2023-07-19T12:54:14.849+0000] {processor.py:836} INFO - DAG(s) dict_keys(['example_external_task_marker_parent', 'example_external_task_marker_child']) retrieved from /home/airflow/.local/lib/python3.7/site-packages/airflow/example_dags/example_external_task_marker_dag.py
[2023-07-19T12:54:15.039+0000] {logging_mixin.py:150} INFO - [2023-07-19T12:54:15.039+0000] {manager.py:504} INFO - Created Permission View: can edit on DAG:example_external_task_marker_parent
[2023-07-19T12:54:15.056+0000] {logging_mixin.py:150} INFO - [2023-07-19T12:54:15.056+0000] {manager.py:504} INFO - Created Permission View: can read on DAG:example_external_task_marker_parent
[2023-07-19T12:54:15.067+0000] {logging_mixin.py:150} INFO - [2023-07-19T12:54:15.066+0000] {manager.py:504} INFO - Created Permission View: can delete on DAG:example_external_task_marker_parent
[2023-07-19T12:54:15.103+0000] {logging_mixin.py:150} INFO - [2023-07-19T12:54:15.103+0000] {manager.py:504} INFO - Created Permission View: can edit on DAG:example_external_task_marker_child
[2023-07-19T12:54:15.109+0000] {logging_mixin.py:150} INFO - [2023-07-19T12:54:15.109+0000] {manager.py:504} INFO - Created Permission View: can read on DAG:example_external_task_marker_child
[2023-07-19T12:54:15.115+0000] {logging_mixin.py:150} INFO - [2023-07-19T12:54:15.114+0000] {manager.py:504} INFO - Created Permission View: can delete on DAG:example_external_task_marker_child
[2023-07-19T12:54:15.119+0000] {logging_mixin.py:150} INFO - [2023-07-19T12:54:15.119+0000] {dag.py:2742} INFO - Sync 2 DAGs
[2023-07-19T12:54:15.134+0000] {logging_mixin.py:150} INFO - [2023-07-19T12:54:15.134+0000] {dag.py:2763} INFO - Creating ORM DAG for example_external_task_marker_parent
[2023-07-19T12:54:15.135+0000] {logging_mixin.py:150} INFO - [2023-07-19T12:54:15.135+0000] {dag.py:2763} INFO - Creating ORM DAG for example_external_task_marker_child
[2023-07-19T12:54:15.149+0000] {logging_mixin.py:150} INFO - [2023-07-19T12:54:15.149+0000] {dag.py:3508} INFO - Setting next_dagrun for example_external_task_marker_child to None, run_after=None
[2023-07-19T12:54:15.150+0000] {logging_mixin.py:150} INFO - [2023-07-19T12:54:15.150+0000] {dag.py:3508} INFO - Setting next_dagrun for example_external_task_marker_parent to None, run_after=None
[2023-07-19T12:54:15.175+0000] {processor.py:179} INFO - Processing /home/airflow/.local/lib/python3.7/site-packages/airflow/example_dags/example_external_task_marker_dag.py took 0.343 seconds
[2023-07-19T12:54:45.204+0000] {processor.py:157} INFO - Started process (PID=128) to work on /home/airflow/.local/lib/python3.7/site-packages/airflow/example_dags/example_external_task_marker_dag.py
[2023-07-19T12:54:45.205+0000] {processor.py:826} INFO - Processing file /home/airflow/.local/lib/python3.7/site-packages/airflow/example_dags/example_external_task_marker_dag.py for tasks to queue
[2023-07-19T12:54:45.206+0000] {logging_mixin.py:150} INFO - [2023-07-19T12:54:45.206+0000] {dagbag.py:541} INFO - Filling up the DagBag from /home/airflow/.local/lib/python3.7/site-packages/airflow/example_dags/example_external_task_marker_dag.py
[2023-07-19T12:54:45.217+0000] {processor.py:836} INFO - DAG(s) dict_keys(['example_external_task_marker_child', 'example_external_task_marker_parent']) retrieved from /home/airflow/.local/lib/python3.7/site-packages/airflow/example_dags/example_external_task_marker_dag.py
[2023-07-19T12:54:45.275+0000] {logging_mixin.py:150} INFO - [2023-07-19T12:54:45.274+0000] {dag.py:2742} INFO - Sync 2 DAGs
[2023-07-19T12:54:45.323+0000] {logging_mixin.py:150} INFO - [2023-07-19T12:54:45.322+0000] {dag.py:3508} INFO - Setting next_dagrun for example_external_task_marker_child to None, run_after=None
[2023-07-19T12:54:45.327+0000] {logging_mixin.py:150} INFO - [2023-07-19T12:54:45.326+0000] {dag.py:3508} INFO - Setting next_dagrun for example_external_task_marker_parent to None, run_after=None
[2023-07-19T12:54:45.350+0000] {processor.py:179} INFO - Processing /home/airflow/.local/lib/python3.7/site-packages/airflow/example_dags/example_external_task_marker_dag.py took 0.150 seconds
[2023-07-19T12:55:16.051+0000] {processor.py:157} INFO - Started process (PID=207) to work on /home/airflow/.local/lib/python3.7/site-packages/airflow/example_dags/example_external_task_marker_dag.py
[2023-07-19T12:55:16.052+0000] {processor.py:826} INFO - Processing file /home/airflow/.local/lib/python3.7/site-packages/airflow/example_dags/example_external_task_marker_dag.py for tasks to queue
[2023-07-19T12:55:16.053+0000] {logging_mixin.py:150} INFO - [2023-07-19T12:55:16.053+0000] {dagbag.py:541} INFO - Filling up the DagBag from /home/airflow/.local/lib/python3.7/site-packages/airflow/example_dags/example_external_task_marker_dag.py
[2023-07-19T12:55:16.058+0000] {processor.py:836} INFO - DAG(s) dict_keys(['example_external_task_marker_parent', 'example_external_task_marker_child']) retrieved from /home/airflow/.local/lib/python3.7/site-packages/airflow/example_dags/example_external_task_marker_dag.py
[2023-07-19T12:55:16.080+0000] {logging_mixin.py:150} INFO - [2023-07-19T12:55:16.080+0000] {dag.py:2742} INFO - Sync 2 DAGs
[2023-07-19T12:55:16.105+0000] {logging_mixin.py:150} INFO - [2023-07-19T12:55:16.105+0000] {dag.py:3508} INFO - Setting next_dagrun for example_external_task_marker_child to None, run_after=None
[2023-07-19T12:55:16.113+0000] {logging_mixin.py:150} INFO - [2023-07-19T12:55:16.113+0000] {dag.py:3508} INFO - Setting next_dagrun for example_external_task_marker_parent to None, run_after=None
[2023-07-19T12:55:16.135+0000] {processor.py:179} INFO - Processing /home/airflow/.local/lib/python3.7/site-packages/airflow/example_dags/example_external_task_marker_dag.py took 0.088 seconds
[2023-07-19T12:55:46.380+0000] {processor.py:157} INFO - Started process (PID=273) to work on /home/airflow/.local/lib/python3.7/site-packages/airflow/example_dags/example_external_task_marker_dag.py
[2023-07-19T12:55:46.382+0000] {processor.py:826} INFO - Processing file /home/airflow/.local/lib/python3.7/site-packages/airflow/example_dags/example_external_task_marker_dag.py for tasks to queue
[2023-07-19T12:55:46.383+0000] {logging_mixin.py:150} INFO - [2023-07-19T12:55:46.382+0000] {dagbag.py:541} INFO - Filling up the DagBag from /home/airflow/.local/lib/python3.7/site-packages/airflow/example_dags/example_external_task_marker_dag.py
[2023-07-19T12:55:46.390+0000] {processor.py:836} INFO - DAG(s) dict_keys(['example_external_task_marker_child', 'example_external_task_marker_parent']) retrieved from /home/airflow/.local/lib/python3.7/site-packages/airflow/example_dags/example_external_task_marker_dag.py
[2023-07-19T12:55:46.419+0000] {logging_mixin.py:150} INFO - [2023-07-19T12:55:46.419+0000] {dag.py:2742} INFO - Sync 2 DAGs
[2023-07-19T12:55:46.449+0000] {logging_mixin.py:150} INFO - [2023-07-19T12:55:46.449+0000] {dag.py:3508} INFO - Setting next_dagrun for example_external_task_marker_child to None, run_after=None
[2023-07-19T12:55:46.452+0000] {logging_mixin.py:150} INFO - [2023-07-19T12:55:46.452+0000] {dag.py:3508} INFO - Setting next_dagrun for example_external_task_marker_parent to None, run_after=None
[2023-07-19T12:55:46.464+0000] {processor.py:179} INFO - Processing /home/airflow/.local/lib/python3.7/site-packages/airflow/example_dags/example_external_task_marker_dag.py took 0.088 seconds
[2023-07-19T12:56:17.069+0000] {processor.py:157} INFO - Started process (PID=350) to work on /home/airflow/.local/lib/python3.7/site-packages/airflow/example_dags/example_external_task_marker_dag.py
[2023-07-19T12:56:17.071+0000] {processor.py:826} INFO - Processing file /home/airflow/.local/lib/python3.7/site-packages/airflow/example_dags/example_external_task_marker_dag.py for tasks to queue
[2023-07-19T12:56:17.072+0000] {logging_mixin.py:150} INFO - [2023-07-19T12:56:17.072+0000] {dagbag.py:541} INFO - Filling up the DagBag from /home/airflow/.local/lib/python3.7/site-packages/airflow/example_dags/example_external_task_marker_dag.py
[2023-07-19T12:56:17.081+0000] {processor.py:836} INFO - DAG(s) dict_keys(['example_external_task_marker_child', 'example_external_task_marker_parent']) retrieved from /home/airflow/.local/lib/python3.7/site-packages/airflow/example_dags/example_external_task_marker_dag.py
[2023-07-19T12:56:17.120+0000] {logging_mixin.py:150} INFO - [2023-07-19T12:56:17.120+0000] {dag.py:2742} INFO - Sync 2 DAGs
[2023-07-19T12:56:17.152+0000] {logging_mixin.py:150} INFO - [2023-07-19T12:56:17.152+0000] {dag.py:3508} INFO - Setting next_dagrun for example_external_task_marker_child to None, run_after=None
[2023-07-19T12:56:17.157+0000] {logging_mixin.py:150} INFO - [2023-07-19T12:56:17.157+0000] {dag.py:3508} INFO - Setting next_dagrun for example_external_task_marker_parent to None, run_after=None
[2023-07-19T12:56:17.181+0000] {processor.py:179} INFO - Processing /home/airflow/.local/lib/python3.7/site-packages/airflow/example_dags/example_external_task_marker_dag.py took 0.117 seconds
[2023-07-19T12:56:47.335+0000] {processor.py:157} INFO - Started process (PID=418) to work on /home/airflow/.local/lib/python3.7/site-packages/airflow/example_dags/example_external_task_marker_dag.py
[2023-07-19T12:56:47.336+0000] {processor.py:826} INFO - Processing file /home/airflow/.local/lib/python3.7/site-packages/airflow/example_dags/example_external_task_marker_dag.py for tasks to queue
[2023-07-19T12:56:47.337+0000] {logging_mixin.py:150} INFO - [2023-07-19T12:56:47.337+0000] {dagbag.py:541} INFO - Filling up the DagBag from /home/airflow/.local/lib/python3.7/site-packages/airflow/example_dags/example_external_task_marker_dag.py
[2023-07-19T12:56:47.345+0000] {processor.py:836} INFO - DAG(s) dict_keys(['example_external_task_marker_child', 'example_external_task_marker_parent']) retrieved from /home/airflow/.local/lib/python3.7/site-packages/airflow/example_dags/example_external_task_marker_dag.py
[2023-07-19T12:56:47.371+0000] {logging_mixin.py:150} INFO - [2023-07-19T12:56:47.371+0000] {dag.py:2742} INFO - Sync 2 DAGs
[2023-07-19T12:56:47.398+0000] {logging_mixin.py:150} INFO - [2023-07-19T12:56:47.398+0000] {dag.py:3508} INFO - Setting next_dagrun for example_external_task_marker_child to None, run_after=None
[2023-07-19T12:56:47.401+0000] {logging_mixin.py:150} INFO - [2023-07-19T12:56:47.400+0000] {dag.py:3508} INFO - Setting next_dagrun for example_external_task_marker_parent to None, run_after=None
[2023-07-19T12:56:47.418+0000] {processor.py:179} INFO - Processing /home/airflow/.local/lib/python3.7/site-packages/airflow/example_dags/example_external_task_marker_dag.py took 0.086 seconds
[2023-07-19T12:57:17.980+0000] {processor.py:157} INFO - Started process (PID=494) to work on /home/airflow/.local/lib/python3.7/site-packages/airflow/example_dags/example_external_task_marker_dag.py
[2023-07-19T12:57:17.988+0000] {processor.py:826} INFO - Processing file /home/airflow/.local/lib/python3.7/site-packages/airflow/example_dags/example_external_task_marker_dag.py for tasks to queue
[2023-07-19T12:57:17.989+0000] {logging_mixin.py:150} INFO - [2023-07-19T12:57:17.988+0000] {dagbag.py:541} INFO - Filling up the DagBag from /home/airflow/.local/lib/python3.7/site-packages/airflow/example_dags/example_external_task_marker_dag.py
[2023-07-19T12:57:18.013+0000] {processor.py:836} INFO - DAG(s) dict_keys(['example_external_task_marker_parent', 'example_external_task_marker_child']) retrieved from /home/airflow/.local/lib/python3.7/site-packages/airflow/example_dags/example_external_task_marker_dag.py
[2023-07-19T12:57:18.057+0000] {logging_mixin.py:150} INFO - [2023-07-19T12:57:18.057+0000] {dag.py:2742} INFO - Sync 2 DAGs
[2023-07-19T12:57:18.112+0000] {logging_mixin.py:150} INFO - [2023-07-19T12:57:18.112+0000] {dag.py:3508} INFO - Setting next_dagrun for example_external_task_marker_child to None, run_after=None
[2023-07-19T12:57:18.117+0000] {logging_mixin.py:150} INFO - [2023-07-19T12:57:18.117+0000] {dag.py:3508} INFO - Setting next_dagrun for example_external_task_marker_parent to None, run_after=None
[2023-07-19T12:57:18.140+0000] {processor.py:179} INFO - Processing /home/airflow/.local/lib/python3.7/site-packages/airflow/example_dags/example_external_task_marker_dag.py took 0.181 seconds
[2023-07-19T12:57:49.148+0000] {processor.py:157} INFO - Started process (PID=563) to work on /home/airflow/.local/lib/python3.7/site-packages/airflow/example_dags/example_external_task_marker_dag.py
[2023-07-19T12:57:49.149+0000] {processor.py:826} INFO - Processing file /home/airflow/.local/lib/python3.7/site-packages/airflow/example_dags/example_external_task_marker_dag.py for tasks to queue
[2023-07-19T12:57:49.150+0000] {logging_mixin.py:150} INFO - [2023-07-19T12:57:49.149+0000] {dagbag.py:541} INFO - Filling up the DagBag from /home/airflow/.local/lib/python3.7/site-packages/airflow/example_dags/example_external_task_marker_dag.py
[2023-07-19T12:57:49.157+0000] {processor.py:836} INFO - DAG(s) dict_keys(['example_external_task_marker_parent', 'example_external_task_marker_child']) retrieved from /home/airflow/.local/lib/python3.7/site-packages/airflow/example_dags/example_external_task_marker_dag.py
[2023-07-19T12:57:49.188+0000] {logging_mixin.py:150} INFO - [2023-07-19T12:57:49.188+0000] {dag.py:2742} INFO - Sync 2 DAGs
[2023-07-19T12:57:49.221+0000] {logging_mixin.py:150} INFO - [2023-07-19T12:57:49.221+0000] {dag.py:3508} INFO - Setting next_dagrun for example_external_task_marker_child to None, run_after=None
[2023-07-19T12:57:49.225+0000] {logging_mixin.py:150} INFO - [2023-07-19T12:57:49.225+0000] {dag.py:3508} INFO - Setting next_dagrun for example_external_task_marker_parent to None, run_after=None
[2023-07-19T12:57:49.245+0000] {processor.py:179} INFO - Processing /home/airflow/.local/lib/python3.7/site-packages/airflow/example_dags/example_external_task_marker_dag.py took 0.101 seconds
[2023-07-19T12:58:19.942+0000] {processor.py:157} INFO - Started process (PID=640) to work on /home/airflow/.local/lib/python3.7/site-packages/airflow/example_dags/example_external_task_marker_dag.py
[2023-07-19T12:58:19.943+0000] {processor.py:826} INFO - Processing file /home/airflow/.local/lib/python3.7/site-packages/airflow/example_dags/example_external_task_marker_dag.py for tasks to queue
[2023-07-19T12:58:19.944+0000] {logging_mixin.py:150} INFO - [2023-07-19T12:58:19.943+0000] {dagbag.py:541} INFO - Filling up the DagBag from /home/airflow/.local/lib/python3.7/site-packages/airflow/example_dags/example_external_task_marker_dag.py
[2023-07-19T12:58:19.951+0000] {processor.py:836} INFO - DAG(s) dict_keys(['example_external_task_marker_parent', 'example_external_task_marker_child']) retrieved from /home/airflow/.local/lib/python3.7/site-packages/airflow/example_dags/example_external_task_marker_dag.py
[2023-07-19T12:58:19.984+0000] {logging_mixin.py:150} INFO - [2023-07-19T12:58:19.984+0000] {dag.py:2742} INFO - Sync 2 DAGs
[2023-07-19T12:58:20.015+0000] {logging_mixin.py:150} INFO - [2023-07-19T12:58:20.014+0000] {dag.py:3508} INFO - Setting next_dagrun for example_external_task_marker_child to None, run_after=None
[2023-07-19T12:58:20.018+0000] {logging_mixin.py:150} INFO - [2023-07-19T12:58:20.018+0000] {dag.py:3508} INFO - Setting next_dagrun for example_external_task_marker_parent to None, run_after=None
[2023-07-19T12:58:20.044+0000] {processor.py:179} INFO - Processing /home/airflow/.local/lib/python3.7/site-packages/airflow/example_dags/example_external_task_marker_dag.py took 0.106 seconds
