[2023-07-19T12:54:17.335+0000] {processor.py:157} INFO - Started process (PID=77) to work on /home/airflow/.local/lib/python3.7/site-packages/airflow/example_dags/example_branch_python_dop_operator_3.py
[2023-07-19T12:54:17.336+0000] {processor.py:826} INFO - Processing file /home/airflow/.local/lib/python3.7/site-packages/airflow/example_dags/example_branch_python_dop_operator_3.py for tasks to queue
[2023-07-19T12:54:17.337+0000] {logging_mixin.py:150} INFO - [2023-07-19T12:54:17.336+0000] {dagbag.py:541} INFO - Filling up the DagBag from /home/airflow/.local/lib/python3.7/site-packages/airflow/example_dags/example_branch_python_dop_operator_3.py
[2023-07-19T12:54:17.345+0000] {processor.py:836} INFO - DAG(s) dict_keys(['example_branch_dop_operator_v3']) retrieved from /home/airflow/.local/lib/python3.7/site-packages/airflow/example_dags/example_branch_python_dop_operator_3.py
[2023-07-19T12:54:17.464+0000] {logging_mixin.py:150} INFO - [2023-07-19T12:54:17.464+0000] {manager.py:504} INFO - Created Permission View: can edit on DAG:example_branch_dop_operator_v3
[2023-07-19T12:54:17.478+0000] {logging_mixin.py:150} INFO - [2023-07-19T12:54:17.478+0000] {manager.py:504} INFO - Created Permission View: can read on DAG:example_branch_dop_operator_v3
[2023-07-19T12:54:17.484+0000] {logging_mixin.py:150} INFO - [2023-07-19T12:54:17.483+0000] {manager.py:504} INFO - Created Permission View: can delete on DAG:example_branch_dop_operator_v3
[2023-07-19T12:54:17.498+0000] {logging_mixin.py:150} INFO - [2023-07-19T12:54:17.498+0000] {dag.py:2742} INFO - Sync 1 DAGs
[2023-07-19T12:54:17.511+0000] {logging_mixin.py:150} INFO - [2023-07-19T12:54:17.511+0000] {dag.py:2763} INFO - Creating ORM DAG for example_branch_dop_operator_v3
[2023-07-19T12:54:17.529+0000] {logging_mixin.py:150} INFO - [2023-07-19T12:54:17.529+0000] {dag.py:3508} INFO - Setting next_dagrun for example_branch_dop_operator_v3 to 2023-07-19T12:53:00+00:00, run_after=2023-07-19T12:54:00+00:00
[2023-07-19T12:54:17.543+0000] {processor.py:179} INFO - Processing /home/airflow/.local/lib/python3.7/site-packages/airflow/example_dags/example_branch_python_dop_operator_3.py took 0.211 seconds
[2023-07-19T12:54:47.703+0000] {processor.py:157} INFO - Started process (PID=153) to work on /home/airflow/.local/lib/python3.7/site-packages/airflow/example_dags/example_branch_python_dop_operator_3.py
[2023-07-19T12:54:47.704+0000] {processor.py:826} INFO - Processing file /home/airflow/.local/lib/python3.7/site-packages/airflow/example_dags/example_branch_python_dop_operator_3.py for tasks to queue
[2023-07-19T12:54:47.705+0000] {logging_mixin.py:150} INFO - [2023-07-19T12:54:47.705+0000] {dagbag.py:541} INFO - Filling up the DagBag from /home/airflow/.local/lib/python3.7/site-packages/airflow/example_dags/example_branch_python_dop_operator_3.py
[2023-07-19T12:54:47.717+0000] {processor.py:836} INFO - DAG(s) dict_keys(['example_branch_dop_operator_v3']) retrieved from /home/airflow/.local/lib/python3.7/site-packages/airflow/example_dags/example_branch_python_dop_operator_3.py
[2023-07-19T12:54:47.751+0000] {logging_mixin.py:150} INFO - [2023-07-19T12:54:47.750+0000] {dag.py:2742} INFO - Sync 1 DAGs
[2023-07-19T12:54:47.787+0000] {logging_mixin.py:150} INFO - [2023-07-19T12:54:47.787+0000] {dag.py:3508} INFO - Setting next_dagrun for example_branch_dop_operator_v3 to 2023-07-19T12:53:00+00:00, run_after=2023-07-19T12:54:00+00:00
[2023-07-19T12:54:47.808+0000] {processor.py:179} INFO - Processing /home/airflow/.local/lib/python3.7/site-packages/airflow/example_dags/example_branch_python_dop_operator_3.py took 0.111 seconds
[2023-07-19T12:55:18.153+0000] {processor.py:157} INFO - Started process (PID=224) to work on /home/airflow/.local/lib/python3.7/site-packages/airflow/example_dags/example_branch_python_dop_operator_3.py
[2023-07-19T12:55:18.154+0000] {processor.py:826} INFO - Processing file /home/airflow/.local/lib/python3.7/site-packages/airflow/example_dags/example_branch_python_dop_operator_3.py for tasks to queue
[2023-07-19T12:55:18.155+0000] {logging_mixin.py:150} INFO - [2023-07-19T12:55:18.154+0000] {dagbag.py:541} INFO - Filling up the DagBag from /home/airflow/.local/lib/python3.7/site-packages/airflow/example_dags/example_branch_python_dop_operator_3.py
[2023-07-19T12:55:18.163+0000] {processor.py:836} INFO - DAG(s) dict_keys(['example_branch_dop_operator_v3']) retrieved from /home/airflow/.local/lib/python3.7/site-packages/airflow/example_dags/example_branch_python_dop_operator_3.py
[2023-07-19T12:55:18.205+0000] {logging_mixin.py:150} INFO - [2023-07-19T12:55:18.204+0000] {dag.py:2742} INFO - Sync 1 DAGs
[2023-07-19T12:55:18.239+0000] {logging_mixin.py:150} INFO - [2023-07-19T12:55:18.239+0000] {dag.py:3508} INFO - Setting next_dagrun for example_branch_dop_operator_v3 to 2023-07-19T12:54:00+00:00, run_after=2023-07-19T12:55:00+00:00
[2023-07-19T12:55:18.284+0000] {processor.py:179} INFO - Processing /home/airflow/.local/lib/python3.7/site-packages/airflow/example_dags/example_branch_python_dop_operator_3.py took 0.135 seconds
[2023-07-19T12:55:48.757+0000] {processor.py:157} INFO - Started process (PID=291) to work on /home/airflow/.local/lib/python3.7/site-packages/airflow/example_dags/example_branch_python_dop_operator_3.py
[2023-07-19T12:55:48.758+0000] {processor.py:826} INFO - Processing file /home/airflow/.local/lib/python3.7/site-packages/airflow/example_dags/example_branch_python_dop_operator_3.py for tasks to queue
[2023-07-19T12:55:48.759+0000] {logging_mixin.py:150} INFO - [2023-07-19T12:55:48.759+0000] {dagbag.py:541} INFO - Filling up the DagBag from /home/airflow/.local/lib/python3.7/site-packages/airflow/example_dags/example_branch_python_dop_operator_3.py
[2023-07-19T12:55:48.772+0000] {processor.py:836} INFO - DAG(s) dict_keys(['example_branch_dop_operator_v3']) retrieved from /home/airflow/.local/lib/python3.7/site-packages/airflow/example_dags/example_branch_python_dop_operator_3.py
[2023-07-19T12:55:48.808+0000] {logging_mixin.py:150} INFO - [2023-07-19T12:55:48.807+0000] {dag.py:2742} INFO - Sync 1 DAGs
[2023-07-19T12:55:48.840+0000] {logging_mixin.py:150} INFO - [2023-07-19T12:55:48.840+0000] {dag.py:3508} INFO - Setting next_dagrun for example_branch_dop_operator_v3 to 2023-07-19T12:54:00+00:00, run_after=2023-07-19T12:55:00+00:00
[2023-07-19T12:55:48.864+0000] {processor.py:179} INFO - Processing /home/airflow/.local/lib/python3.7/site-packages/airflow/example_dags/example_branch_python_dop_operator_3.py took 0.110 seconds
[2023-07-19T12:56:19.230+0000] {processor.py:157} INFO - Started process (PID=368) to work on /home/airflow/.local/lib/python3.7/site-packages/airflow/example_dags/example_branch_python_dop_operator_3.py
[2023-07-19T12:56:19.231+0000] {processor.py:826} INFO - Processing file /home/airflow/.local/lib/python3.7/site-packages/airflow/example_dags/example_branch_python_dop_operator_3.py for tasks to queue
[2023-07-19T12:56:19.232+0000] {logging_mixin.py:150} INFO - [2023-07-19T12:56:19.232+0000] {dagbag.py:541} INFO - Filling up the DagBag from /home/airflow/.local/lib/python3.7/site-packages/airflow/example_dags/example_branch_python_dop_operator_3.py
[2023-07-19T12:56:19.239+0000] {processor.py:836} INFO - DAG(s) dict_keys(['example_branch_dop_operator_v3']) retrieved from /home/airflow/.local/lib/python3.7/site-packages/airflow/example_dags/example_branch_python_dop_operator_3.py
[2023-07-19T12:56:19.280+0000] {logging_mixin.py:150} INFO - [2023-07-19T12:56:19.280+0000] {dag.py:2742} INFO - Sync 1 DAGs
[2023-07-19T12:56:19.331+0000] {logging_mixin.py:150} INFO - [2023-07-19T12:56:19.331+0000] {dag.py:3508} INFO - Setting next_dagrun for example_branch_dop_operator_v3 to 2023-07-19T12:55:00+00:00, run_after=2023-07-19T12:56:00+00:00
[2023-07-19T12:56:19.351+0000] {processor.py:179} INFO - Processing /home/airflow/.local/lib/python3.7/site-packages/airflow/example_dags/example_branch_python_dop_operator_3.py took 0.125 seconds
[2023-07-19T12:56:49.640+0000] {processor.py:157} INFO - Started process (PID=436) to work on /home/airflow/.local/lib/python3.7/site-packages/airflow/example_dags/example_branch_python_dop_operator_3.py
[2023-07-19T12:56:49.641+0000] {processor.py:826} INFO - Processing file /home/airflow/.local/lib/python3.7/site-packages/airflow/example_dags/example_branch_python_dop_operator_3.py for tasks to queue
[2023-07-19T12:56:49.643+0000] {logging_mixin.py:150} INFO - [2023-07-19T12:56:49.642+0000] {dagbag.py:541} INFO - Filling up the DagBag from /home/airflow/.local/lib/python3.7/site-packages/airflow/example_dags/example_branch_python_dop_operator_3.py
[2023-07-19T12:56:49.655+0000] {processor.py:836} INFO - DAG(s) dict_keys(['example_branch_dop_operator_v3']) retrieved from /home/airflow/.local/lib/python3.7/site-packages/airflow/example_dags/example_branch_python_dop_operator_3.py
[2023-07-19T12:56:49.685+0000] {logging_mixin.py:150} INFO - [2023-07-19T12:56:49.685+0000] {dag.py:2742} INFO - Sync 1 DAGs
[2023-07-19T12:56:49.724+0000] {logging_mixin.py:150} INFO - [2023-07-19T12:56:49.724+0000] {dag.py:3508} INFO - Setting next_dagrun for example_branch_dop_operator_v3 to 2023-07-19T12:55:00+00:00, run_after=2023-07-19T12:56:00+00:00
[2023-07-19T12:56:49.741+0000] {processor.py:179} INFO - Processing /home/airflow/.local/lib/python3.7/site-packages/airflow/example_dags/example_branch_python_dop_operator_3.py took 0.104 seconds
[2023-07-19T12:57:20.443+0000] {processor.py:157} INFO - Started process (PID=513) to work on /home/airflow/.local/lib/python3.7/site-packages/airflow/example_dags/example_branch_python_dop_operator_3.py
[2023-07-19T12:57:20.444+0000] {processor.py:826} INFO - Processing file /home/airflow/.local/lib/python3.7/site-packages/airflow/example_dags/example_branch_python_dop_operator_3.py for tasks to queue
[2023-07-19T12:57:20.444+0000] {logging_mixin.py:150} INFO - [2023-07-19T12:57:20.444+0000] {dagbag.py:541} INFO - Filling up the DagBag from /home/airflow/.local/lib/python3.7/site-packages/airflow/example_dags/example_branch_python_dop_operator_3.py
[2023-07-19T12:57:20.460+0000] {processor.py:836} INFO - DAG(s) dict_keys(['example_branch_dop_operator_v3']) retrieved from /home/airflow/.local/lib/python3.7/site-packages/airflow/example_dags/example_branch_python_dop_operator_3.py
[2023-07-19T12:57:20.491+0000] {logging_mixin.py:150} INFO - [2023-07-19T12:57:20.491+0000] {dag.py:2742} INFO - Sync 1 DAGs
[2023-07-19T12:57:20.513+0000] {logging_mixin.py:150} INFO - [2023-07-19T12:57:20.513+0000] {dag.py:3508} INFO - Setting next_dagrun for example_branch_dop_operator_v3 to 2023-07-19T12:56:00+00:00, run_after=2023-07-19T12:57:00+00:00
[2023-07-19T12:57:20.537+0000] {processor.py:179} INFO - Processing /home/airflow/.local/lib/python3.7/site-packages/airflow/example_dags/example_branch_python_dop_operator_3.py took 0.098 seconds
[2023-07-19T12:57:50.680+0000] {processor.py:157} INFO - Started process (PID=581) to work on /home/airflow/.local/lib/python3.7/site-packages/airflow/example_dags/example_branch_python_dop_operator_3.py
[2023-07-19T12:57:50.681+0000] {processor.py:826} INFO - Processing file /home/airflow/.local/lib/python3.7/site-packages/airflow/example_dags/example_branch_python_dop_operator_3.py for tasks to queue
[2023-07-19T12:57:50.682+0000] {logging_mixin.py:150} INFO - [2023-07-19T12:57:50.682+0000] {dagbag.py:541} INFO - Filling up the DagBag from /home/airflow/.local/lib/python3.7/site-packages/airflow/example_dags/example_branch_python_dop_operator_3.py
[2023-07-19T12:57:50.690+0000] {processor.py:836} INFO - DAG(s) dict_keys(['example_branch_dop_operator_v3']) retrieved from /home/airflow/.local/lib/python3.7/site-packages/airflow/example_dags/example_branch_python_dop_operator_3.py
[2023-07-19T12:57:50.716+0000] {logging_mixin.py:150} INFO - [2023-07-19T12:57:50.716+0000] {dag.py:2742} INFO - Sync 1 DAGs
[2023-07-19T12:57:50.743+0000] {logging_mixin.py:150} INFO - [2023-07-19T12:57:50.743+0000] {dag.py:3508} INFO - Setting next_dagrun for example_branch_dop_operator_v3 to 2023-07-19T12:56:00+00:00, run_after=2023-07-19T12:57:00+00:00
[2023-07-19T12:57:50.776+0000] {processor.py:179} INFO - Processing /home/airflow/.local/lib/python3.7/site-packages/airflow/example_dags/example_branch_python_dop_operator_3.py took 0.100 seconds
[2023-07-19T12:58:21.308+0000] {processor.py:157} INFO - Started process (PID=658) to work on /home/airflow/.local/lib/python3.7/site-packages/airflow/example_dags/example_branch_python_dop_operator_3.py
[2023-07-19T12:58:21.309+0000] {processor.py:826} INFO - Processing file /home/airflow/.local/lib/python3.7/site-packages/airflow/example_dags/example_branch_python_dop_operator_3.py for tasks to queue
[2023-07-19T12:58:21.310+0000] {logging_mixin.py:150} INFO - [2023-07-19T12:58:21.309+0000] {dagbag.py:541} INFO - Filling up the DagBag from /home/airflow/.local/lib/python3.7/site-packages/airflow/example_dags/example_branch_python_dop_operator_3.py
[2023-07-19T12:58:21.320+0000] {processor.py:836} INFO - DAG(s) dict_keys(['example_branch_dop_operator_v3']) retrieved from /home/airflow/.local/lib/python3.7/site-packages/airflow/example_dags/example_branch_python_dop_operator_3.py
[2023-07-19T12:58:21.347+0000] {logging_mixin.py:150} INFO - [2023-07-19T12:58:21.347+0000] {dag.py:2742} INFO - Sync 1 DAGs
[2023-07-19T12:58:21.370+0000] {logging_mixin.py:150} INFO - [2023-07-19T12:58:21.370+0000] {dag.py:3508} INFO - Setting next_dagrun for example_branch_dop_operator_v3 to 2023-07-19T12:57:00+00:00, run_after=2023-07-19T12:58:00+00:00
[2023-07-19T12:58:21.389+0000] {processor.py:179} INFO - Processing /home/airflow/.local/lib/python3.7/site-packages/airflow/example_dags/example_branch_python_dop_operator_3.py took 0.084 seconds
