[2023-07-19T12:54:14.820+0000] {processor.py:157} INFO - Started process (PID=58) to work on /home/airflow/.local/lib/python3.7/site-packages/airflow/example_dags/example_dynamic_task_mapping_with_no_taskflow_operators.py
[2023-07-19T12:54:14.821+0000] {processor.py:826} INFO - Processing file /home/airflow/.local/lib/python3.7/site-packages/airflow/example_dags/example_dynamic_task_mapping_with_no_taskflow_operators.py for tasks to queue
[2023-07-19T12:54:14.822+0000] {logging_mixin.py:150} INFO - [2023-07-19T12:54:14.821+0000] {dagbag.py:541} INFO - Filling up the DagBag from /home/airflow/.local/lib/python3.7/site-packages/airflow/example_dags/example_dynamic_task_mapping_with_no_taskflow_operators.py
[2023-07-19T12:54:14.833+0000] {processor.py:836} INFO - DAG(s) dict_keys(['example_dynamic_task_mapping_with_no_taskflow_operators']) retrieved from /home/airflow/.local/lib/python3.7/site-packages/airflow/example_dags/example_dynamic_task_mapping_with_no_taskflow_operators.py
[2023-07-19T12:54:14.966+0000] {logging_mixin.py:150} INFO - [2023-07-19T12:54:14.966+0000] {manager.py:504} INFO - Created Permission View: can edit on DAG:example_dynamic_task_mapping_with_no_taskflow_operators
[2023-07-19T12:54:14.981+0000] {logging_mixin.py:150} INFO - [2023-07-19T12:54:14.981+0000] {manager.py:504} INFO - Created Permission View: can read on DAG:example_dynamic_task_mapping_with_no_taskflow_operators
[2023-07-19T12:54:14.988+0000] {logging_mixin.py:150} INFO - [2023-07-19T12:54:14.988+0000] {manager.py:504} INFO - Created Permission View: can delete on DAG:example_dynamic_task_mapping_with_no_taskflow_operators
[2023-07-19T12:54:15.009+0000] {logging_mixin.py:150} INFO - [2023-07-19T12:54:15.008+0000] {dag.py:2742} INFO - Sync 1 DAGs
[2023-07-19T12:54:15.020+0000] {logging_mixin.py:150} INFO - [2023-07-19T12:54:15.020+0000] {dag.py:2763} INFO - Creating ORM DAG for example_dynamic_task_mapping_with_no_taskflow_operators
[2023-07-19T12:54:15.034+0000] {logging_mixin.py:150} INFO - [2023-07-19T12:54:15.033+0000] {dag.py:3508} INFO - Setting next_dagrun for example_dynamic_task_mapping_with_no_taskflow_operators to 2023-07-18T12:54:15.033503+00:00, run_after=2023-07-19T12:54:15.033503+00:00
[2023-07-19T12:54:15.052+0000] {processor.py:179} INFO - Processing /home/airflow/.local/lib/python3.7/site-packages/airflow/example_dags/example_dynamic_task_mapping_with_no_taskflow_operators.py took 0.248 seconds
[2023-07-19T12:54:45.091+0000] {processor.py:157} INFO - Started process (PID=127) to work on /home/airflow/.local/lib/python3.7/site-packages/airflow/example_dags/example_dynamic_task_mapping_with_no_taskflow_operators.py
[2023-07-19T12:54:45.093+0000] {processor.py:826} INFO - Processing file /home/airflow/.local/lib/python3.7/site-packages/airflow/example_dags/example_dynamic_task_mapping_with_no_taskflow_operators.py for tasks to queue
[2023-07-19T12:54:45.094+0000] {logging_mixin.py:150} INFO - [2023-07-19T12:54:45.093+0000] {dagbag.py:541} INFO - Filling up the DagBag from /home/airflow/.local/lib/python3.7/site-packages/airflow/example_dags/example_dynamic_task_mapping_with_no_taskflow_operators.py
[2023-07-19T12:54:45.101+0000] {processor.py:836} INFO - DAG(s) dict_keys(['example_dynamic_task_mapping_with_no_taskflow_operators']) retrieved from /home/airflow/.local/lib/python3.7/site-packages/airflow/example_dags/example_dynamic_task_mapping_with_no_taskflow_operators.py
[2023-07-19T12:54:45.128+0000] {logging_mixin.py:150} INFO - [2023-07-19T12:54:45.128+0000] {dag.py:2742} INFO - Sync 1 DAGs
[2023-07-19T12:54:45.158+0000] {logging_mixin.py:150} INFO - [2023-07-19T12:54:45.158+0000] {dag.py:3508} INFO - Setting next_dagrun for example_dynamic_task_mapping_with_no_taskflow_operators to 2023-07-18T12:54:45.158527+00:00, run_after=2023-07-19T12:54:45.158527+00:00
[2023-07-19T12:54:45.183+0000] {processor.py:179} INFO - Processing /home/airflow/.local/lib/python3.7/site-packages/airflow/example_dags/example_dynamic_task_mapping_with_no_taskflow_operators.py took 0.097 seconds
[2023-07-19T12:55:15.948+0000] {processor.py:157} INFO - Started process (PID=205) to work on /home/airflow/.local/lib/python3.7/site-packages/airflow/example_dags/example_dynamic_task_mapping_with_no_taskflow_operators.py
[2023-07-19T12:55:15.948+0000] {processor.py:826} INFO - Processing file /home/airflow/.local/lib/python3.7/site-packages/airflow/example_dags/example_dynamic_task_mapping_with_no_taskflow_operators.py for tasks to queue
[2023-07-19T12:55:15.949+0000] {logging_mixin.py:150} INFO - [2023-07-19T12:55:15.949+0000] {dagbag.py:541} INFO - Filling up the DagBag from /home/airflow/.local/lib/python3.7/site-packages/airflow/example_dags/example_dynamic_task_mapping_with_no_taskflow_operators.py
[2023-07-19T12:55:15.957+0000] {processor.py:836} INFO - DAG(s) dict_keys(['example_dynamic_task_mapping_with_no_taskflow_operators']) retrieved from /home/airflow/.local/lib/python3.7/site-packages/airflow/example_dags/example_dynamic_task_mapping_with_no_taskflow_operators.py
[2023-07-19T12:55:15.978+0000] {logging_mixin.py:150} INFO - [2023-07-19T12:55:15.978+0000] {dag.py:2742} INFO - Sync 1 DAGs
[2023-07-19T12:55:16.007+0000] {logging_mixin.py:150} INFO - [2023-07-19T12:55:16.007+0000] {dag.py:3508} INFO - Setting next_dagrun for example_dynamic_task_mapping_with_no_taskflow_operators to 2023-07-18T12:55:16.006856+00:00, run_after=2023-07-19T12:55:16.006856+00:00
[2023-07-19T12:55:16.031+0000] {processor.py:179} INFO - Processing /home/airflow/.local/lib/python3.7/site-packages/airflow/example_dags/example_dynamic_task_mapping_with_no_taskflow_operators.py took 0.086 seconds
[2023-07-19T12:55:46.300+0000] {processor.py:157} INFO - Started process (PID=272) to work on /home/airflow/.local/lib/python3.7/site-packages/airflow/example_dags/example_dynamic_task_mapping_with_no_taskflow_operators.py
[2023-07-19T12:55:46.301+0000] {processor.py:826} INFO - Processing file /home/airflow/.local/lib/python3.7/site-packages/airflow/example_dags/example_dynamic_task_mapping_with_no_taskflow_operators.py for tasks to queue
[2023-07-19T12:55:46.302+0000] {logging_mixin.py:150} INFO - [2023-07-19T12:55:46.302+0000] {dagbag.py:541} INFO - Filling up the DagBag from /home/airflow/.local/lib/python3.7/site-packages/airflow/example_dags/example_dynamic_task_mapping_with_no_taskflow_operators.py
[2023-07-19T12:55:46.313+0000] {processor.py:836} INFO - DAG(s) dict_keys(['example_dynamic_task_mapping_with_no_taskflow_operators']) retrieved from /home/airflow/.local/lib/python3.7/site-packages/airflow/example_dags/example_dynamic_task_mapping_with_no_taskflow_operators.py
[2023-07-19T12:55:46.340+0000] {logging_mixin.py:150} INFO - [2023-07-19T12:55:46.340+0000] {dag.py:2742} INFO - Sync 1 DAGs
[2023-07-19T12:55:46.372+0000] {logging_mixin.py:150} INFO - [2023-07-19T12:55:46.372+0000] {dag.py:3508} INFO - Setting next_dagrun for example_dynamic_task_mapping_with_no_taskflow_operators to 2023-07-18T12:55:46.372350+00:00, run_after=2023-07-19T12:55:46.372350+00:00
[2023-07-19T12:55:46.391+0000] {processor.py:179} INFO - Processing /home/airflow/.local/lib/python3.7/site-packages/airflow/example_dags/example_dynamic_task_mapping_with_no_taskflow_operators.py took 0.096 seconds
[2023-07-19T12:56:16.949+0000] {processor.py:157} INFO - Started process (PID=349) to work on /home/airflow/.local/lib/python3.7/site-packages/airflow/example_dags/example_dynamic_task_mapping_with_no_taskflow_operators.py
[2023-07-19T12:56:16.950+0000] {processor.py:826} INFO - Processing file /home/airflow/.local/lib/python3.7/site-packages/airflow/example_dags/example_dynamic_task_mapping_with_no_taskflow_operators.py for tasks to queue
[2023-07-19T12:56:16.951+0000] {logging_mixin.py:150} INFO - [2023-07-19T12:56:16.950+0000] {dagbag.py:541} INFO - Filling up the DagBag from /home/airflow/.local/lib/python3.7/site-packages/airflow/example_dags/example_dynamic_task_mapping_with_no_taskflow_operators.py
[2023-07-19T12:56:16.960+0000] {processor.py:836} INFO - DAG(s) dict_keys(['example_dynamic_task_mapping_with_no_taskflow_operators']) retrieved from /home/airflow/.local/lib/python3.7/site-packages/airflow/example_dags/example_dynamic_task_mapping_with_no_taskflow_operators.py
[2023-07-19T12:56:16.994+0000] {logging_mixin.py:150} INFO - [2023-07-19T12:56:16.994+0000] {dag.py:2742} INFO - Sync 1 DAGs
[2023-07-19T12:56:17.021+0000] {logging_mixin.py:150} INFO - [2023-07-19T12:56:17.021+0000] {dag.py:3508} INFO - Setting next_dagrun for example_dynamic_task_mapping_with_no_taskflow_operators to 2023-07-18T12:56:17.021040+00:00, run_after=2023-07-19T12:56:17.021040+00:00
[2023-07-19T12:56:17.043+0000] {processor.py:179} INFO - Processing /home/airflow/.local/lib/python3.7/site-packages/airflow/example_dags/example_dynamic_task_mapping_with_no_taskflow_operators.py took 0.099 seconds
[2023-07-19T12:56:47.232+0000] {processor.py:157} INFO - Started process (PID=417) to work on /home/airflow/.local/lib/python3.7/site-packages/airflow/example_dags/example_dynamic_task_mapping_with_no_taskflow_operators.py
[2023-07-19T12:56:47.233+0000] {processor.py:826} INFO - Processing file /home/airflow/.local/lib/python3.7/site-packages/airflow/example_dags/example_dynamic_task_mapping_with_no_taskflow_operators.py for tasks to queue
[2023-07-19T12:56:47.233+0000] {logging_mixin.py:150} INFO - [2023-07-19T12:56:47.233+0000] {dagbag.py:541} INFO - Filling up the DagBag from /home/airflow/.local/lib/python3.7/site-packages/airflow/example_dags/example_dynamic_task_mapping_with_no_taskflow_operators.py
[2023-07-19T12:56:47.239+0000] {processor.py:836} INFO - DAG(s) dict_keys(['example_dynamic_task_mapping_with_no_taskflow_operators']) retrieved from /home/airflow/.local/lib/python3.7/site-packages/airflow/example_dags/example_dynamic_task_mapping_with_no_taskflow_operators.py
[2023-07-19T12:56:47.259+0000] {logging_mixin.py:150} INFO - [2023-07-19T12:56:47.259+0000] {dag.py:2742} INFO - Sync 1 DAGs
[2023-07-19T12:56:47.287+0000] {logging_mixin.py:150} INFO - [2023-07-19T12:56:47.287+0000] {dag.py:3508} INFO - Setting next_dagrun for example_dynamic_task_mapping_with_no_taskflow_operators to 2023-07-18T12:56:47.287144+00:00, run_after=2023-07-19T12:56:47.287144+00:00
[2023-07-19T12:56:47.316+0000] {processor.py:179} INFO - Processing /home/airflow/.local/lib/python3.7/site-packages/airflow/example_dags/example_dynamic_task_mapping_with_no_taskflow_operators.py took 0.087 seconds
[2023-07-19T12:57:17.861+0000] {processor.py:157} INFO - Started process (PID=493) to work on /home/airflow/.local/lib/python3.7/site-packages/airflow/example_dags/example_dynamic_task_mapping_with_no_taskflow_operators.py
[2023-07-19T12:57:17.862+0000] {processor.py:826} INFO - Processing file /home/airflow/.local/lib/python3.7/site-packages/airflow/example_dags/example_dynamic_task_mapping_with_no_taskflow_operators.py for tasks to queue
[2023-07-19T12:57:17.864+0000] {logging_mixin.py:150} INFO - [2023-07-19T12:57:17.863+0000] {dagbag.py:541} INFO - Filling up the DagBag from /home/airflow/.local/lib/python3.7/site-packages/airflow/example_dags/example_dynamic_task_mapping_with_no_taskflow_operators.py
[2023-07-19T12:57:17.874+0000] {processor.py:836} INFO - DAG(s) dict_keys(['example_dynamic_task_mapping_with_no_taskflow_operators']) retrieved from /home/airflow/.local/lib/python3.7/site-packages/airflow/example_dags/example_dynamic_task_mapping_with_no_taskflow_operators.py
[2023-07-19T12:57:17.905+0000] {logging_mixin.py:150} INFO - [2023-07-19T12:57:17.904+0000] {dag.py:2742} INFO - Sync 1 DAGs
[2023-07-19T12:57:17.957+0000] {logging_mixin.py:150} INFO - [2023-07-19T12:57:17.957+0000] {dag.py:3508} INFO - Setting next_dagrun for example_dynamic_task_mapping_with_no_taskflow_operators to 2023-07-18T12:57:17.957053+00:00, run_after=2023-07-19T12:57:17.957053+00:00
[2023-07-19T12:57:17.985+0000] {processor.py:179} INFO - Processing /home/airflow/.local/lib/python3.7/site-packages/airflow/example_dags/example_dynamic_task_mapping_with_no_taskflow_operators.py took 0.129 seconds
[2023-07-19T12:57:48.034+0000] {processor.py:157} INFO - Started process (PID=561) to work on /home/airflow/.local/lib/python3.7/site-packages/airflow/example_dags/example_dynamic_task_mapping_with_no_taskflow_operators.py
[2023-07-19T12:57:48.035+0000] {processor.py:826} INFO - Processing file /home/airflow/.local/lib/python3.7/site-packages/airflow/example_dags/example_dynamic_task_mapping_with_no_taskflow_operators.py for tasks to queue
[2023-07-19T12:57:48.036+0000] {logging_mixin.py:150} INFO - [2023-07-19T12:57:48.036+0000] {dagbag.py:541} INFO - Filling up the DagBag from /home/airflow/.local/lib/python3.7/site-packages/airflow/example_dags/example_dynamic_task_mapping_with_no_taskflow_operators.py
[2023-07-19T12:57:48.043+0000] {processor.py:836} INFO - DAG(s) dict_keys(['example_dynamic_task_mapping_with_no_taskflow_operators']) retrieved from /home/airflow/.local/lib/python3.7/site-packages/airflow/example_dags/example_dynamic_task_mapping_with_no_taskflow_operators.py
[2023-07-19T12:57:48.089+0000] {logging_mixin.py:150} INFO - [2023-07-19T12:57:48.088+0000] {dag.py:2742} INFO - Sync 1 DAGs
[2023-07-19T12:57:48.119+0000] {logging_mixin.py:150} INFO - [2023-07-19T12:57:48.119+0000] {dag.py:3508} INFO - Setting next_dagrun for example_dynamic_task_mapping_with_no_taskflow_operators to 2023-07-18T12:57:48.119360+00:00, run_after=2023-07-19T12:57:48.119360+00:00
[2023-07-19T12:57:48.135+0000] {processor.py:179} INFO - Processing /home/airflow/.local/lib/python3.7/site-packages/airflow/example_dags/example_dynamic_task_mapping_with_no_taskflow_operators.py took 0.104 seconds
[2023-07-19T12:58:18.800+0000] {processor.py:157} INFO - Started process (PID=629) to work on /home/airflow/.local/lib/python3.7/site-packages/airflow/example_dags/example_dynamic_task_mapping_with_no_taskflow_operators.py
[2023-07-19T12:58:18.801+0000] {processor.py:826} INFO - Processing file /home/airflow/.local/lib/python3.7/site-packages/airflow/example_dags/example_dynamic_task_mapping_with_no_taskflow_operators.py for tasks to queue
[2023-07-19T12:58:18.803+0000] {logging_mixin.py:150} INFO - [2023-07-19T12:58:18.802+0000] {dagbag.py:541} INFO - Filling up the DagBag from /home/airflow/.local/lib/python3.7/site-packages/airflow/example_dags/example_dynamic_task_mapping_with_no_taskflow_operators.py
[2023-07-19T12:58:18.811+0000] {processor.py:836} INFO - DAG(s) dict_keys(['example_dynamic_task_mapping_with_no_taskflow_operators']) retrieved from /home/airflow/.local/lib/python3.7/site-packages/airflow/example_dags/example_dynamic_task_mapping_with_no_taskflow_operators.py
[2023-07-19T12:58:18.842+0000] {logging_mixin.py:150} INFO - [2023-07-19T12:58:18.842+0000] {dag.py:2742} INFO - Sync 1 DAGs
[2023-07-19T12:58:18.881+0000] {logging_mixin.py:150} INFO - [2023-07-19T12:58:18.881+0000] {dag.py:3508} INFO - Setting next_dagrun for example_dynamic_task_mapping_with_no_taskflow_operators to 2023-07-18T12:58:18.880982+00:00, run_after=2023-07-19T12:58:18.880982+00:00
[2023-07-19T12:58:18.901+0000] {processor.py:179} INFO - Processing /home/airflow/.local/lib/python3.7/site-packages/airflow/example_dags/example_dynamic_task_mapping_with_no_taskflow_operators.py took 0.105 seconds
