[2023-07-19T12:54:12.861+0000] {processor.py:157} INFO - Started process (PID=50) to work on /home/airflow/.local/lib/python3.7/site-packages/airflow/example_dags/example_branch_datetime_operator.py
[2023-07-19T12:54:12.862+0000] {processor.py:826} INFO - Processing file /home/airflow/.local/lib/python3.7/site-packages/airflow/example_dags/example_branch_datetime_operator.py for tasks to queue
[2023-07-19T12:54:12.863+0000] {logging_mixin.py:150} INFO - [2023-07-19T12:54:12.862+0000] {dagbag.py:541} INFO - Filling up the DagBag from /home/airflow/.local/lib/python3.7/site-packages/airflow/example_dags/example_branch_datetime_operator.py
[2023-07-19T12:54:12.879+0000] {processor.py:836} INFO - DAG(s) dict_keys(['example_branch_datetime_operator_3', 'example_branch_datetime_operator', 'example_branch_datetime_operator_2']) retrieved from /home/airflow/.local/lib/python3.7/site-packages/airflow/example_dags/example_branch_datetime_operator.py
[2023-07-19T12:54:13.033+0000] {logging_mixin.py:150} INFO - [2023-07-19T12:54:13.033+0000] {manager.py:504} INFO - Created Permission View: can edit on DAG:example_branch_datetime_operator_3
[2023-07-19T12:54:13.047+0000] {logging_mixin.py:150} INFO - [2023-07-19T12:54:13.047+0000] {manager.py:504} INFO - Created Permission View: can read on DAG:example_branch_datetime_operator_3
[2023-07-19T12:54:13.056+0000] {logging_mixin.py:150} INFO - [2023-07-19T12:54:13.055+0000] {manager.py:504} INFO - Created Permission View: can delete on DAG:example_branch_datetime_operator_3
[2023-07-19T12:54:13.101+0000] {logging_mixin.py:150} INFO - [2023-07-19T12:54:13.099+0000] {manager.py:504} INFO - Created Permission View: can edit on DAG:example_branch_datetime_operator
[2023-07-19T12:54:13.118+0000] {logging_mixin.py:150} INFO - [2023-07-19T12:54:13.118+0000] {manager.py:504} INFO - Created Permission View: can read on DAG:example_branch_datetime_operator
[2023-07-19T12:54:13.135+0000] {logging_mixin.py:150} INFO - [2023-07-19T12:54:13.135+0000] {manager.py:504} INFO - Created Permission View: can delete on DAG:example_branch_datetime_operator
[2023-07-19T12:54:13.165+0000] {logging_mixin.py:150} INFO - [2023-07-19T12:54:13.165+0000] {manager.py:504} INFO - Created Permission View: can edit on DAG:example_branch_datetime_operator_2
[2023-07-19T12:54:13.172+0000] {logging_mixin.py:150} INFO - [2023-07-19T12:54:13.172+0000] {manager.py:504} INFO - Created Permission View: can read on DAG:example_branch_datetime_operator_2
[2023-07-19T12:54:13.180+0000] {logging_mixin.py:150} INFO - [2023-07-19T12:54:13.180+0000] {manager.py:504} INFO - Created Permission View: can delete on DAG:example_branch_datetime_operator_2
[2023-07-19T12:54:13.188+0000] {logging_mixin.py:150} INFO - [2023-07-19T12:54:13.188+0000] {dag.py:2742} INFO - Sync 3 DAGs
[2023-07-19T12:54:13.206+0000] {logging_mixin.py:150} INFO - [2023-07-19T12:54:13.206+0000] {dag.py:2763} INFO - Creating ORM DAG for example_branch_datetime_operator
[2023-07-19T12:54:13.206+0000] {logging_mixin.py:150} INFO - [2023-07-19T12:54:13.206+0000] {dag.py:2763} INFO - Creating ORM DAG for example_branch_datetime_operator_2
[2023-07-19T12:54:13.209+0000] {logging_mixin.py:150} INFO - [2023-07-19T12:54:13.207+0000] {dag.py:2763} INFO - Creating ORM DAG for example_branch_datetime_operator_3
[2023-07-19T12:54:13.227+0000] {logging_mixin.py:150} INFO - [2023-07-19T12:54:13.227+0000] {dag.py:3508} INFO - Setting next_dagrun for example_branch_datetime_operator to 2023-07-18T00:00:00+00:00, run_after=2023-07-19T00:00:00+00:00
[2023-07-19T12:54:13.229+0000] {logging_mixin.py:150} INFO - [2023-07-19T12:54:13.229+0000] {dag.py:3508} INFO - Setting next_dagrun for example_branch_datetime_operator_2 to 2023-07-18T00:00:00+00:00, run_after=2023-07-19T00:00:00+00:00
[2023-07-19T12:54:13.231+0000] {logging_mixin.py:150} INFO - [2023-07-19T12:54:13.231+0000] {dag.py:3508} INFO - Setting next_dagrun for example_branch_datetime_operator_3 to 2023-07-18T00:00:00+00:00, run_after=2023-07-19T00:00:00+00:00
[2023-07-19T12:54:13.254+0000] {processor.py:179} INFO - Processing /home/airflow/.local/lib/python3.7/site-packages/airflow/example_dags/example_branch_datetime_operator.py took 0.399 seconds
[2023-07-19T12:54:43.998+0000] {processor.py:157} INFO - Started process (PID=119) to work on /home/airflow/.local/lib/python3.7/site-packages/airflow/example_dags/example_branch_datetime_operator.py
[2023-07-19T12:54:43.999+0000] {processor.py:826} INFO - Processing file /home/airflow/.local/lib/python3.7/site-packages/airflow/example_dags/example_branch_datetime_operator.py for tasks to queue
[2023-07-19T12:54:44.000+0000] {logging_mixin.py:150} INFO - [2023-07-19T12:54:44.000+0000] {dagbag.py:541} INFO - Filling up the DagBag from /home/airflow/.local/lib/python3.7/site-packages/airflow/example_dags/example_branch_datetime_operator.py
[2023-07-19T12:54:44.012+0000] {processor.py:836} INFO - DAG(s) dict_keys(['example_branch_datetime_operator_3', 'example_branch_datetime_operator_2', 'example_branch_datetime_operator']) retrieved from /home/airflow/.local/lib/python3.7/site-packages/airflow/example_dags/example_branch_datetime_operator.py
[2023-07-19T12:54:44.067+0000] {logging_mixin.py:150} INFO - [2023-07-19T12:54:44.066+0000] {dag.py:2742} INFO - Sync 3 DAGs
[2023-07-19T12:54:44.105+0000] {logging_mixin.py:150} INFO - [2023-07-19T12:54:44.105+0000] {dag.py:3508} INFO - Setting next_dagrun for example_branch_datetime_operator to 2023-07-18T00:00:00+00:00, run_after=2023-07-19T00:00:00+00:00
[2023-07-19T12:54:44.117+0000] {logging_mixin.py:150} INFO - [2023-07-19T12:54:44.117+0000] {dag.py:3508} INFO - Setting next_dagrun for example_branch_datetime_operator_2 to 2023-07-18T00:00:00+00:00, run_after=2023-07-19T00:00:00+00:00
[2023-07-19T12:54:44.120+0000] {logging_mixin.py:150} INFO - [2023-07-19T12:54:44.120+0000] {dag.py:3508} INFO - Setting next_dagrun for example_branch_datetime_operator_3 to 2023-07-18T00:00:00+00:00, run_after=2023-07-19T00:00:00+00:00
[2023-07-19T12:54:44.156+0000] {processor.py:179} INFO - Processing /home/airflow/.local/lib/python3.7/site-packages/airflow/example_dags/example_branch_datetime_operator.py took 0.162 seconds
[2023-07-19T12:55:14.192+0000] {processor.py:157} INFO - Started process (PID=196) to work on /home/airflow/.local/lib/python3.7/site-packages/airflow/example_dags/example_branch_datetime_operator.py
[2023-07-19T12:55:14.193+0000] {processor.py:826} INFO - Processing file /home/airflow/.local/lib/python3.7/site-packages/airflow/example_dags/example_branch_datetime_operator.py for tasks to queue
[2023-07-19T12:55:14.193+0000] {logging_mixin.py:150} INFO - [2023-07-19T12:55:14.193+0000] {dagbag.py:541} INFO - Filling up the DagBag from /home/airflow/.local/lib/python3.7/site-packages/airflow/example_dags/example_branch_datetime_operator.py
[2023-07-19T12:55:14.201+0000] {processor.py:836} INFO - DAG(s) dict_keys(['example_branch_datetime_operator_2', 'example_branch_datetime_operator_3', 'example_branch_datetime_operator']) retrieved from /home/airflow/.local/lib/python3.7/site-packages/airflow/example_dags/example_branch_datetime_operator.py
[2023-07-19T12:55:14.229+0000] {logging_mixin.py:150} INFO - [2023-07-19T12:55:14.229+0000] {dag.py:2742} INFO - Sync 3 DAGs
[2023-07-19T12:55:14.254+0000] {logging_mixin.py:150} INFO - [2023-07-19T12:55:14.253+0000] {dag.py:3508} INFO - Setting next_dagrun for example_branch_datetime_operator to 2023-07-18T00:00:00+00:00, run_after=2023-07-19T00:00:00+00:00
[2023-07-19T12:55:14.259+0000] {logging_mixin.py:150} INFO - [2023-07-19T12:55:14.259+0000] {dag.py:3508} INFO - Setting next_dagrun for example_branch_datetime_operator_2 to 2023-07-18T00:00:00+00:00, run_after=2023-07-19T00:00:00+00:00
[2023-07-19T12:55:14.262+0000] {logging_mixin.py:150} INFO - [2023-07-19T12:55:14.262+0000] {dag.py:3508} INFO - Setting next_dagrun for example_branch_datetime_operator_3 to 2023-07-18T00:00:00+00:00, run_after=2023-07-19T00:00:00+00:00
[2023-07-19T12:55:14.290+0000] {processor.py:179} INFO - Processing /home/airflow/.local/lib/python3.7/site-packages/airflow/example_dags/example_branch_datetime_operator.py took 0.102 seconds
[2023-07-19T12:55:44.584+0000] {processor.py:157} INFO - Started process (PID=263) to work on /home/airflow/.local/lib/python3.7/site-packages/airflow/example_dags/example_branch_datetime_operator.py
[2023-07-19T12:55:44.585+0000] {processor.py:826} INFO - Processing file /home/airflow/.local/lib/python3.7/site-packages/airflow/example_dags/example_branch_datetime_operator.py for tasks to queue
[2023-07-19T12:55:44.586+0000] {logging_mixin.py:150} INFO - [2023-07-19T12:55:44.585+0000] {dagbag.py:541} INFO - Filling up the DagBag from /home/airflow/.local/lib/python3.7/site-packages/airflow/example_dags/example_branch_datetime_operator.py
[2023-07-19T12:55:44.596+0000] {processor.py:836} INFO - DAG(s) dict_keys(['example_branch_datetime_operator_2', 'example_branch_datetime_operator_3', 'example_branch_datetime_operator']) retrieved from /home/airflow/.local/lib/python3.7/site-packages/airflow/example_dags/example_branch_datetime_operator.py
[2023-07-19T12:55:44.631+0000] {logging_mixin.py:150} INFO - [2023-07-19T12:55:44.631+0000] {dag.py:2742} INFO - Sync 3 DAGs
[2023-07-19T12:55:44.675+0000] {logging_mixin.py:150} INFO - [2023-07-19T12:55:44.675+0000] {dag.py:3508} INFO - Setting next_dagrun for example_branch_datetime_operator to 2023-07-18T00:00:00+00:00, run_after=2023-07-19T00:00:00+00:00
[2023-07-19T12:55:44.679+0000] {logging_mixin.py:150} INFO - [2023-07-19T12:55:44.679+0000] {dag.py:3508} INFO - Setting next_dagrun for example_branch_datetime_operator_2 to 2023-07-18T00:00:00+00:00, run_after=2023-07-19T00:00:00+00:00
[2023-07-19T12:55:44.682+0000] {logging_mixin.py:150} INFO - [2023-07-19T12:55:44.681+0000] {dag.py:3508} INFO - Setting next_dagrun for example_branch_datetime_operator_3 to 2023-07-18T00:00:00+00:00, run_after=2023-07-19T00:00:00+00:00
[2023-07-19T12:55:44.700+0000] {processor.py:179} INFO - Processing /home/airflow/.local/lib/python3.7/site-packages/airflow/example_dags/example_branch_datetime_operator.py took 0.119 seconds
[2023-07-19T12:56:15.095+0000] {processor.py:157} INFO - Started process (PID=340) to work on /home/airflow/.local/lib/python3.7/site-packages/airflow/example_dags/example_branch_datetime_operator.py
[2023-07-19T12:56:15.096+0000] {processor.py:826} INFO - Processing file /home/airflow/.local/lib/python3.7/site-packages/airflow/example_dags/example_branch_datetime_operator.py for tasks to queue
[2023-07-19T12:56:15.097+0000] {logging_mixin.py:150} INFO - [2023-07-19T12:56:15.097+0000] {dagbag.py:541} INFO - Filling up the DagBag from /home/airflow/.local/lib/python3.7/site-packages/airflow/example_dags/example_branch_datetime_operator.py
[2023-07-19T12:56:15.106+0000] {processor.py:836} INFO - DAG(s) dict_keys(['example_branch_datetime_operator', 'example_branch_datetime_operator_3', 'example_branch_datetime_operator_2']) retrieved from /home/airflow/.local/lib/python3.7/site-packages/airflow/example_dags/example_branch_datetime_operator.py
[2023-07-19T12:56:15.132+0000] {logging_mixin.py:150} INFO - [2023-07-19T12:56:15.131+0000] {dag.py:2742} INFO - Sync 3 DAGs
[2023-07-19T12:56:15.152+0000] {logging_mixin.py:150} INFO - [2023-07-19T12:56:15.152+0000] {dag.py:3508} INFO - Setting next_dagrun for example_branch_datetime_operator to 2023-07-18T00:00:00+00:00, run_after=2023-07-19T00:00:00+00:00
[2023-07-19T12:56:15.157+0000] {logging_mixin.py:150} INFO - [2023-07-19T12:56:15.157+0000] {dag.py:3508} INFO - Setting next_dagrun for example_branch_datetime_operator_2 to 2023-07-18T00:00:00+00:00, run_after=2023-07-19T00:00:00+00:00
[2023-07-19T12:56:15.159+0000] {logging_mixin.py:150} INFO - [2023-07-19T12:56:15.159+0000] {dag.py:3508} INFO - Setting next_dagrun for example_branch_datetime_operator_3 to 2023-07-18T00:00:00+00:00, run_after=2023-07-19T00:00:00+00:00
[2023-07-19T12:56:15.177+0000] {processor.py:179} INFO - Processing /home/airflow/.local/lib/python3.7/site-packages/airflow/example_dags/example_branch_datetime_operator.py took 0.086 seconds
[2023-07-19T12:56:45.539+0000] {processor.py:157} INFO - Started process (PID=408) to work on /home/airflow/.local/lib/python3.7/site-packages/airflow/example_dags/example_branch_datetime_operator.py
[2023-07-19T12:56:45.541+0000] {processor.py:826} INFO - Processing file /home/airflow/.local/lib/python3.7/site-packages/airflow/example_dags/example_branch_datetime_operator.py for tasks to queue
[2023-07-19T12:56:45.542+0000] {logging_mixin.py:150} INFO - [2023-07-19T12:56:45.542+0000] {dagbag.py:541} INFO - Filling up the DagBag from /home/airflow/.local/lib/python3.7/site-packages/airflow/example_dags/example_branch_datetime_operator.py
[2023-07-19T12:56:45.554+0000] {processor.py:836} INFO - DAG(s) dict_keys(['example_branch_datetime_operator', 'example_branch_datetime_operator_3', 'example_branch_datetime_operator_2']) retrieved from /home/airflow/.local/lib/python3.7/site-packages/airflow/example_dags/example_branch_datetime_operator.py
[2023-07-19T12:56:45.592+0000] {logging_mixin.py:150} INFO - [2023-07-19T12:56:45.592+0000] {dag.py:2742} INFO - Sync 3 DAGs
[2023-07-19T12:56:45.619+0000] {logging_mixin.py:150} INFO - [2023-07-19T12:56:45.619+0000] {dag.py:3508} INFO - Setting next_dagrun for example_branch_datetime_operator to 2023-07-18T00:00:00+00:00, run_after=2023-07-19T00:00:00+00:00
[2023-07-19T12:56:45.626+0000] {logging_mixin.py:150} INFO - [2023-07-19T12:56:45.626+0000] {dag.py:3508} INFO - Setting next_dagrun for example_branch_datetime_operator_2 to 2023-07-18T00:00:00+00:00, run_after=2023-07-19T00:00:00+00:00
[2023-07-19T12:56:45.630+0000] {logging_mixin.py:150} INFO - [2023-07-19T12:56:45.630+0000] {dag.py:3508} INFO - Setting next_dagrun for example_branch_datetime_operator_3 to 2023-07-18T00:00:00+00:00, run_after=2023-07-19T00:00:00+00:00
[2023-07-19T12:56:45.662+0000] {processor.py:179} INFO - Processing /home/airflow/.local/lib/python3.7/site-packages/airflow/example_dags/example_branch_datetime_operator.py took 0.127 seconds
[2023-07-19T12:57:15.931+0000] {processor.py:157} INFO - Started process (PID=476) to work on /home/airflow/.local/lib/python3.7/site-packages/airflow/example_dags/example_branch_datetime_operator.py
[2023-07-19T12:57:15.932+0000] {processor.py:826} INFO - Processing file /home/airflow/.local/lib/python3.7/site-packages/airflow/example_dags/example_branch_datetime_operator.py for tasks to queue
[2023-07-19T12:57:15.933+0000] {logging_mixin.py:150} INFO - [2023-07-19T12:57:15.933+0000] {dagbag.py:541} INFO - Filling up the DagBag from /home/airflow/.local/lib/python3.7/site-packages/airflow/example_dags/example_branch_datetime_operator.py
[2023-07-19T12:57:15.949+0000] {processor.py:836} INFO - DAG(s) dict_keys(['example_branch_datetime_operator_3', 'example_branch_datetime_operator', 'example_branch_datetime_operator_2']) retrieved from /home/airflow/.local/lib/python3.7/site-packages/airflow/example_dags/example_branch_datetime_operator.py
[2023-07-19T12:57:16.005+0000] {logging_mixin.py:150} INFO - [2023-07-19T12:57:16.005+0000] {dag.py:2742} INFO - Sync 3 DAGs
[2023-07-19T12:57:16.044+0000] {logging_mixin.py:150} INFO - [2023-07-19T12:57:16.043+0000] {dag.py:3508} INFO - Setting next_dagrun for example_branch_datetime_operator to 2023-07-18T00:00:00+00:00, run_after=2023-07-19T00:00:00+00:00
[2023-07-19T12:57:16.052+0000] {logging_mixin.py:150} INFO - [2023-07-19T12:57:16.052+0000] {dag.py:3508} INFO - Setting next_dagrun for example_branch_datetime_operator_2 to 2023-07-18T00:00:00+00:00, run_after=2023-07-19T00:00:00+00:00
[2023-07-19T12:57:16.055+0000] {logging_mixin.py:150} INFO - [2023-07-19T12:57:16.055+0000] {dag.py:3508} INFO - Setting next_dagrun for example_branch_datetime_operator_3 to 2023-07-18T00:00:00+00:00, run_after=2023-07-19T00:00:00+00:00
[2023-07-19T12:57:16.073+0000] {processor.py:179} INFO - Processing /home/airflow/.local/lib/python3.7/site-packages/airflow/example_dags/example_branch_datetime_operator.py took 0.147 seconds
[2023-07-19T12:57:46.261+0000] {processor.py:157} INFO - Started process (PID=553) to work on /home/airflow/.local/lib/python3.7/site-packages/airflow/example_dags/example_branch_datetime_operator.py
[2023-07-19T12:57:46.263+0000] {processor.py:826} INFO - Processing file /home/airflow/.local/lib/python3.7/site-packages/airflow/example_dags/example_branch_datetime_operator.py for tasks to queue
[2023-07-19T12:57:46.266+0000] {logging_mixin.py:150} INFO - [2023-07-19T12:57:46.265+0000] {dagbag.py:541} INFO - Filling up the DagBag from /home/airflow/.local/lib/python3.7/site-packages/airflow/example_dags/example_branch_datetime_operator.py
[2023-07-19T12:57:46.282+0000] {processor.py:836} INFO - DAG(s) dict_keys(['example_branch_datetime_operator', 'example_branch_datetime_operator_2', 'example_branch_datetime_operator_3']) retrieved from /home/airflow/.local/lib/python3.7/site-packages/airflow/example_dags/example_branch_datetime_operator.py
[2023-07-19T12:57:46.313+0000] {logging_mixin.py:150} INFO - [2023-07-19T12:57:46.312+0000] {dag.py:2742} INFO - Sync 3 DAGs
[2023-07-19T12:57:46.338+0000] {logging_mixin.py:150} INFO - [2023-07-19T12:57:46.337+0000] {dag.py:3508} INFO - Setting next_dagrun for example_branch_datetime_operator to 2023-07-18T00:00:00+00:00, run_after=2023-07-19T00:00:00+00:00
[2023-07-19T12:57:46.344+0000] {logging_mixin.py:150} INFO - [2023-07-19T12:57:46.344+0000] {dag.py:3508} INFO - Setting next_dagrun for example_branch_datetime_operator_2 to 2023-07-18T00:00:00+00:00, run_after=2023-07-19T00:00:00+00:00
[2023-07-19T12:57:46.346+0000] {logging_mixin.py:150} INFO - [2023-07-19T12:57:46.346+0000] {dag.py:3508} INFO - Setting next_dagrun for example_branch_datetime_operator_3 to 2023-07-18T00:00:00+00:00, run_after=2023-07-19T00:00:00+00:00
[2023-07-19T12:57:46.370+0000] {processor.py:179} INFO - Processing /home/airflow/.local/lib/python3.7/site-packages/airflow/example_dags/example_branch_datetime_operator.py took 0.112 seconds
[2023-07-19T12:58:17.205+0000] {processor.py:157} INFO - Started process (PID=621) to work on /home/airflow/.local/lib/python3.7/site-packages/airflow/example_dags/example_branch_datetime_operator.py
[2023-07-19T12:58:17.207+0000] {processor.py:826} INFO - Processing file /home/airflow/.local/lib/python3.7/site-packages/airflow/example_dags/example_branch_datetime_operator.py for tasks to queue
[2023-07-19T12:58:17.209+0000] {logging_mixin.py:150} INFO - [2023-07-19T12:58:17.208+0000] {dagbag.py:541} INFO - Filling up the DagBag from /home/airflow/.local/lib/python3.7/site-packages/airflow/example_dags/example_branch_datetime_operator.py
[2023-07-19T12:58:17.223+0000] {processor.py:836} INFO - DAG(s) dict_keys(['example_branch_datetime_operator_2', 'example_branch_datetime_operator', 'example_branch_datetime_operator_3']) retrieved from /home/airflow/.local/lib/python3.7/site-packages/airflow/example_dags/example_branch_datetime_operator.py
[2023-07-19T12:58:17.263+0000] {logging_mixin.py:150} INFO - [2023-07-19T12:58:17.263+0000] {dag.py:2742} INFO - Sync 3 DAGs
[2023-07-19T12:58:17.285+0000] {logging_mixin.py:150} INFO - [2023-07-19T12:58:17.285+0000] {dag.py:3508} INFO - Setting next_dagrun for example_branch_datetime_operator to 2023-07-18T00:00:00+00:00, run_after=2023-07-19T00:00:00+00:00
[2023-07-19T12:58:17.290+0000] {logging_mixin.py:150} INFO - [2023-07-19T12:58:17.290+0000] {dag.py:3508} INFO - Setting next_dagrun for example_branch_datetime_operator_2 to 2023-07-18T00:00:00+00:00, run_after=2023-07-19T00:00:00+00:00
[2023-07-19T12:58:17.292+0000] {logging_mixin.py:150} INFO - [2023-07-19T12:58:17.292+0000] {dag.py:3508} INFO - Setting next_dagrun for example_branch_datetime_operator_3 to 2023-07-18T00:00:00+00:00, run_after=2023-07-19T00:00:00+00:00
[2023-07-19T12:58:17.316+0000] {processor.py:179} INFO - Processing /home/airflow/.local/lib/python3.7/site-packages/airflow/example_dags/example_branch_datetime_operator.py took 0.114 seconds
