[2023-07-19T12:54:17.086+0000] {processor.py:157} INFO - Started process (PID=75) to work on /home/airflow/.local/lib/python3.7/site-packages/airflow/example_dags/example_task_group_decorator.py
[2023-07-19T12:54:17.086+0000] {processor.py:826} INFO - Processing file /home/airflow/.local/lib/python3.7/site-packages/airflow/example_dags/example_task_group_decorator.py for tasks to queue
[2023-07-19T12:54:17.087+0000] {logging_mixin.py:150} INFO - [2023-07-19T12:54:17.087+0000] {dagbag.py:541} INFO - Filling up the DagBag from /home/airflow/.local/lib/python3.7/site-packages/airflow/example_dags/example_task_group_decorator.py
[2023-07-19T12:54:17.107+0000] {processor.py:836} INFO - DAG(s) dict_keys(['example_task_group_decorator']) retrieved from /home/airflow/.local/lib/python3.7/site-packages/airflow/example_dags/example_task_group_decorator.py
[2023-07-19T12:54:17.235+0000] {logging_mixin.py:150} INFO - [2023-07-19T12:54:17.235+0000] {manager.py:504} INFO - Created Permission View: can edit on DAG:example_task_group_decorator
[2023-07-19T12:54:17.242+0000] {logging_mixin.py:150} INFO - [2023-07-19T12:54:17.242+0000] {manager.py:504} INFO - Created Permission View: can read on DAG:example_task_group_decorator
[2023-07-19T12:54:17.250+0000] {logging_mixin.py:150} INFO - [2023-07-19T12:54:17.250+0000] {manager.py:504} INFO - Created Permission View: can delete on DAG:example_task_group_decorator
[2023-07-19T12:54:17.265+0000] {logging_mixin.py:150} INFO - [2023-07-19T12:54:17.265+0000] {dag.py:2742} INFO - Sync 1 DAGs
[2023-07-19T12:54:17.280+0000] {logging_mixin.py:150} INFO - [2023-07-19T12:54:17.279+0000] {dag.py:2763} INFO - Creating ORM DAG for example_task_group_decorator
[2023-07-19T12:54:17.292+0000] {logging_mixin.py:150} INFO - [2023-07-19T12:54:17.292+0000] {dag.py:3508} INFO - Setting next_dagrun for example_task_group_decorator to 2023-07-18T12:54:17.292028+00:00, run_after=2023-07-19T12:54:17.292028+00:00
[2023-07-19T12:54:17.311+0000] {processor.py:179} INFO - Processing /home/airflow/.local/lib/python3.7/site-packages/airflow/example_dags/example_task_group_decorator.py took 0.229 seconds
[2023-07-19T12:54:47.532+0000] {processor.py:157} INFO - Started process (PID=151) to work on /home/airflow/.local/lib/python3.7/site-packages/airflow/example_dags/example_task_group_decorator.py
[2023-07-19T12:54:47.533+0000] {processor.py:826} INFO - Processing file /home/airflow/.local/lib/python3.7/site-packages/airflow/example_dags/example_task_group_decorator.py for tasks to queue
[2023-07-19T12:54:47.534+0000] {logging_mixin.py:150} INFO - [2023-07-19T12:54:47.534+0000] {dagbag.py:541} INFO - Filling up the DagBag from /home/airflow/.local/lib/python3.7/site-packages/airflow/example_dags/example_task_group_decorator.py
[2023-07-19T12:54:47.564+0000] {processor.py:836} INFO - DAG(s) dict_keys(['example_task_group_decorator']) retrieved from /home/airflow/.local/lib/python3.7/site-packages/airflow/example_dags/example_task_group_decorator.py
[2023-07-19T12:54:47.643+0000] {logging_mixin.py:150} INFO - [2023-07-19T12:54:47.643+0000] {dag.py:2742} INFO - Sync 1 DAGs
[2023-07-19T12:54:47.677+0000] {logging_mixin.py:150} INFO - [2023-07-19T12:54:47.677+0000] {dag.py:3508} INFO - Setting next_dagrun for example_task_group_decorator to 2023-07-18T12:54:47.677014+00:00, run_after=2023-07-19T12:54:47.677014+00:00
[2023-07-19T12:54:47.703+0000] {processor.py:179} INFO - Processing /home/airflow/.local/lib/python3.7/site-packages/airflow/example_dags/example_task_group_decorator.py took 0.178 seconds
[2023-07-19T12:55:17.947+0000] {processor.py:157} INFO - Started process (PID=222) to work on /home/airflow/.local/lib/python3.7/site-packages/airflow/example_dags/example_task_group_decorator.py
[2023-07-19T12:55:17.948+0000] {processor.py:826} INFO - Processing file /home/airflow/.local/lib/python3.7/site-packages/airflow/example_dags/example_task_group_decorator.py for tasks to queue
[2023-07-19T12:55:17.948+0000] {logging_mixin.py:150} INFO - [2023-07-19T12:55:17.948+0000] {dagbag.py:541} INFO - Filling up the DagBag from /home/airflow/.local/lib/python3.7/site-packages/airflow/example_dags/example_task_group_decorator.py
[2023-07-19T12:55:17.969+0000] {processor.py:836} INFO - DAG(s) dict_keys(['example_task_group_decorator']) retrieved from /home/airflow/.local/lib/python3.7/site-packages/airflow/example_dags/example_task_group_decorator.py
[2023-07-19T12:55:18.042+0000] {logging_mixin.py:150} INFO - [2023-07-19T12:55:18.041+0000] {dag.py:2742} INFO - Sync 1 DAGs
[2023-07-19T12:55:18.081+0000] {logging_mixin.py:150} INFO - [2023-07-19T12:55:18.081+0000] {dag.py:3508} INFO - Setting next_dagrun for example_task_group_decorator to 2023-07-18T12:55:18.081084+00:00, run_after=2023-07-19T12:55:18.081084+00:00
[2023-07-19T12:55:18.100+0000] {processor.py:179} INFO - Processing /home/airflow/.local/lib/python3.7/site-packages/airflow/example_dags/example_task_group_decorator.py took 0.156 seconds
[2023-07-19T12:55:48.561+0000] {processor.py:157} INFO - Started process (PID=289) to work on /home/airflow/.local/lib/python3.7/site-packages/airflow/example_dags/example_task_group_decorator.py
[2023-07-19T12:55:48.563+0000] {processor.py:826} INFO - Processing file /home/airflow/.local/lib/python3.7/site-packages/airflow/example_dags/example_task_group_decorator.py for tasks to queue
[2023-07-19T12:55:48.564+0000] {logging_mixin.py:150} INFO - [2023-07-19T12:55:48.563+0000] {dagbag.py:541} INFO - Filling up the DagBag from /home/airflow/.local/lib/python3.7/site-packages/airflow/example_dags/example_task_group_decorator.py
[2023-07-19T12:55:48.586+0000] {processor.py:836} INFO - DAG(s) dict_keys(['example_task_group_decorator']) retrieved from /home/airflow/.local/lib/python3.7/site-packages/airflow/example_dags/example_task_group_decorator.py
[2023-07-19T12:55:48.631+0000] {logging_mixin.py:150} INFO - [2023-07-19T12:55:48.631+0000] {dag.py:2742} INFO - Sync 1 DAGs
[2023-07-19T12:55:48.674+0000] {logging_mixin.py:150} INFO - [2023-07-19T12:55:48.674+0000] {dag.py:3508} INFO - Setting next_dagrun for example_task_group_decorator to 2023-07-18T12:55:48.673878+00:00, run_after=2023-07-19T12:55:48.673878+00:00
[2023-07-19T12:55:48.708+0000] {processor.py:179} INFO - Processing /home/airflow/.local/lib/python3.7/site-packages/airflow/example_dags/example_task_group_decorator.py took 0.152 seconds
[2023-07-19T12:56:19.077+0000] {processor.py:157} INFO - Started process (PID=366) to work on /home/airflow/.local/lib/python3.7/site-packages/airflow/example_dags/example_task_group_decorator.py
[2023-07-19T12:56:19.079+0000] {processor.py:826} INFO - Processing file /home/airflow/.local/lib/python3.7/site-packages/airflow/example_dags/example_task_group_decorator.py for tasks to queue
[2023-07-19T12:56:19.080+0000] {logging_mixin.py:150} INFO - [2023-07-19T12:56:19.079+0000] {dagbag.py:541} INFO - Filling up the DagBag from /home/airflow/.local/lib/python3.7/site-packages/airflow/example_dags/example_task_group_decorator.py
[2023-07-19T12:56:19.098+0000] {processor.py:836} INFO - DAG(s) dict_keys(['example_task_group_decorator']) retrieved from /home/airflow/.local/lib/python3.7/site-packages/airflow/example_dags/example_task_group_decorator.py
[2023-07-19T12:56:19.126+0000] {logging_mixin.py:150} INFO - [2023-07-19T12:56:19.125+0000] {dag.py:2742} INFO - Sync 1 DAGs
[2023-07-19T12:56:19.154+0000] {logging_mixin.py:150} INFO - [2023-07-19T12:56:19.154+0000] {dag.py:3508} INFO - Setting next_dagrun for example_task_group_decorator to 2023-07-18T12:56:19.154172+00:00, run_after=2023-07-19T12:56:19.154172+00:00
[2023-07-19T12:56:19.182+0000] {processor.py:179} INFO - Processing /home/airflow/.local/lib/python3.7/site-packages/airflow/example_dags/example_task_group_decorator.py took 0.108 seconds
[2023-07-19T12:56:49.403+0000] {processor.py:157} INFO - Started process (PID=434) to work on /home/airflow/.local/lib/python3.7/site-packages/airflow/example_dags/example_task_group_decorator.py
[2023-07-19T12:56:49.404+0000] {processor.py:826} INFO - Processing file /home/airflow/.local/lib/python3.7/site-packages/airflow/example_dags/example_task_group_decorator.py for tasks to queue
[2023-07-19T12:56:49.404+0000] {logging_mixin.py:150} INFO - [2023-07-19T12:56:49.404+0000] {dagbag.py:541} INFO - Filling up the DagBag from /home/airflow/.local/lib/python3.7/site-packages/airflow/example_dags/example_task_group_decorator.py
[2023-07-19T12:56:49.417+0000] {processor.py:836} INFO - DAG(s) dict_keys(['example_task_group_decorator']) retrieved from /home/airflow/.local/lib/python3.7/site-packages/airflow/example_dags/example_task_group_decorator.py
[2023-07-19T12:56:49.455+0000] {logging_mixin.py:150} INFO - [2023-07-19T12:56:49.455+0000] {dag.py:2742} INFO - Sync 1 DAGs
[2023-07-19T12:56:49.490+0000] {logging_mixin.py:150} INFO - [2023-07-19T12:56:49.490+0000] {dag.py:3508} INFO - Setting next_dagrun for example_task_group_decorator to 2023-07-18T12:56:49.489857+00:00, run_after=2023-07-19T12:56:49.489857+00:00
[2023-07-19T12:56:49.516+0000] {processor.py:179} INFO - Processing /home/airflow/.local/lib/python3.7/site-packages/airflow/example_dags/example_task_group_decorator.py took 0.116 seconds
[2023-07-19T12:57:20.286+0000] {processor.py:157} INFO - Started process (PID=511) to work on /home/airflow/.local/lib/python3.7/site-packages/airflow/example_dags/example_task_group_decorator.py
[2023-07-19T12:57:20.287+0000] {processor.py:826} INFO - Processing file /home/airflow/.local/lib/python3.7/site-packages/airflow/example_dags/example_task_group_decorator.py for tasks to queue
[2023-07-19T12:57:20.288+0000] {logging_mixin.py:150} INFO - [2023-07-19T12:57:20.288+0000] {dagbag.py:541} INFO - Filling up the DagBag from /home/airflow/.local/lib/python3.7/site-packages/airflow/example_dags/example_task_group_decorator.py
[2023-07-19T12:57:20.311+0000] {processor.py:836} INFO - DAG(s) dict_keys(['example_task_group_decorator']) retrieved from /home/airflow/.local/lib/python3.7/site-packages/airflow/example_dags/example_task_group_decorator.py
[2023-07-19T12:57:20.355+0000] {logging_mixin.py:150} INFO - [2023-07-19T12:57:20.355+0000] {dag.py:2742} INFO - Sync 1 DAGs
[2023-07-19T12:57:20.383+0000] {logging_mixin.py:150} INFO - [2023-07-19T12:57:20.383+0000] {dag.py:3508} INFO - Setting next_dagrun for example_task_group_decorator to 2023-07-18T12:57:20.383022+00:00, run_after=2023-07-19T12:57:20.383022+00:00
[2023-07-19T12:57:20.403+0000] {processor.py:179} INFO - Processing /home/airflow/.local/lib/python3.7/site-packages/airflow/example_dags/example_task_group_decorator.py took 0.122 seconds
[2023-07-19T12:57:50.459+0000] {processor.py:157} INFO - Started process (PID=579) to work on /home/airflow/.local/lib/python3.7/site-packages/airflow/example_dags/example_task_group_decorator.py
[2023-07-19T12:57:50.460+0000] {processor.py:826} INFO - Processing file /home/airflow/.local/lib/python3.7/site-packages/airflow/example_dags/example_task_group_decorator.py for tasks to queue
[2023-07-19T12:57:50.460+0000] {logging_mixin.py:150} INFO - [2023-07-19T12:57:50.460+0000] {dagbag.py:541} INFO - Filling up the DagBag from /home/airflow/.local/lib/python3.7/site-packages/airflow/example_dags/example_task_group_decorator.py
[2023-07-19T12:57:50.482+0000] {processor.py:836} INFO - DAG(s) dict_keys(['example_task_group_decorator']) retrieved from /home/airflow/.local/lib/python3.7/site-packages/airflow/example_dags/example_task_group_decorator.py
[2023-07-19T12:57:50.523+0000] {logging_mixin.py:150} INFO - [2023-07-19T12:57:50.522+0000] {dag.py:2742} INFO - Sync 1 DAGs
[2023-07-19T12:57:50.543+0000] {logging_mixin.py:150} INFO - [2023-07-19T12:57:50.543+0000] {dag.py:3508} INFO - Setting next_dagrun for example_task_group_decorator to 2023-07-18T12:57:50.543022+00:00, run_after=2023-07-19T12:57:50.543022+00:00
[2023-07-19T12:57:50.563+0000] {processor.py:179} INFO - Processing /home/airflow/.local/lib/python3.7/site-packages/airflow/example_dags/example_task_group_decorator.py took 0.107 seconds
[2023-07-19T12:58:21.072+0000] {processor.py:157} INFO - Started process (PID=656) to work on /home/airflow/.local/lib/python3.7/site-packages/airflow/example_dags/example_task_group_decorator.py
[2023-07-19T12:58:21.073+0000] {processor.py:826} INFO - Processing file /home/airflow/.local/lib/python3.7/site-packages/airflow/example_dags/example_task_group_decorator.py for tasks to queue
[2023-07-19T12:58:21.074+0000] {logging_mixin.py:150} INFO - [2023-07-19T12:58:21.074+0000] {dagbag.py:541} INFO - Filling up the DagBag from /home/airflow/.local/lib/python3.7/site-packages/airflow/example_dags/example_task_group_decorator.py
[2023-07-19T12:58:21.104+0000] {processor.py:836} INFO - DAG(s) dict_keys(['example_task_group_decorator']) retrieved from /home/airflow/.local/lib/python3.7/site-packages/airflow/example_dags/example_task_group_decorator.py
[2023-07-19T12:58:21.146+0000] {logging_mixin.py:150} INFO - [2023-07-19T12:58:21.146+0000] {dag.py:2742} INFO - Sync 1 DAGs
[2023-07-19T12:58:21.176+0000] {logging_mixin.py:150} INFO - [2023-07-19T12:58:21.175+0000] {dag.py:3508} INFO - Setting next_dagrun for example_task_group_decorator to 2023-07-18T12:58:21.175556+00:00, run_after=2023-07-19T12:58:21.175556+00:00
[2023-07-19T12:58:21.194+0000] {processor.py:179} INFO - Processing /home/airflow/.local/lib/python3.7/site-packages/airflow/example_dags/example_task_group_decorator.py took 0.125 seconds
