[2023-07-19T12:54:15.538+0000] {processor.py:157} INFO - Started process (PID=63) to work on /home/airflow/.local/lib/python3.7/site-packages/airflow/example_dags/example_bash_operator.py
[2023-07-19T12:54:15.539+0000] {processor.py:826} INFO - Processing file /home/airflow/.local/lib/python3.7/site-packages/airflow/example_dags/example_bash_operator.py for tasks to queue
[2023-07-19T12:54:15.540+0000] {logging_mixin.py:150} INFO - [2023-07-19T12:54:15.540+0000] {dagbag.py:541} INFO - Filling up the DagBag from /home/airflow/.local/lib/python3.7/site-packages/airflow/example_dags/example_bash_operator.py
[2023-07-19T12:54:15.573+0000] {processor.py:836} INFO - DAG(s) dict_keys(['example_bash_operator']) retrieved from /home/airflow/.local/lib/python3.7/site-packages/airflow/example_dags/example_bash_operator.py
[2023-07-19T12:54:15.743+0000] {logging_mixin.py:150} INFO - [2023-07-19T12:54:15.742+0000] {manager.py:504} INFO - Created Permission View: can edit on DAG:example_bash_operator
[2023-07-19T12:54:15.752+0000] {logging_mixin.py:150} INFO - [2023-07-19T12:54:15.752+0000] {manager.py:504} INFO - Created Permission View: can read on DAG:example_bash_operator
[2023-07-19T12:54:15.758+0000] {logging_mixin.py:150} INFO - [2023-07-19T12:54:15.757+0000] {manager.py:504} INFO - Created Permission View: can delete on DAG:example_bash_operator
[2023-07-19T12:54:15.772+0000] {logging_mixin.py:150} INFO - [2023-07-19T12:54:15.771+0000] {dag.py:2742} INFO - Sync 1 DAGs
[2023-07-19T12:54:15.785+0000] {logging_mixin.py:150} INFO - [2023-07-19T12:54:15.785+0000] {dag.py:2763} INFO - Creating ORM DAG for example_bash_operator
[2023-07-19T12:54:15.796+0000] {logging_mixin.py:150} INFO - [2023-07-19T12:54:15.796+0000] {dag.py:3508} INFO - Setting next_dagrun for example_bash_operator to 2023-07-18T00:00:00+00:00, run_after=2023-07-19T00:00:00+00:00
[2023-07-19T12:54:15.810+0000] {processor.py:179} INFO - Processing /home/airflow/.local/lib/python3.7/site-packages/airflow/example_dags/example_bash_operator.py took 0.277 seconds
[2023-07-19T12:54:46.406+0000] {processor.py:157} INFO - Started process (PID=132) to work on /home/airflow/.local/lib/python3.7/site-packages/airflow/example_dags/example_bash_operator.py
[2023-07-19T12:54:46.407+0000] {processor.py:826} INFO - Processing file /home/airflow/.local/lib/python3.7/site-packages/airflow/example_dags/example_bash_operator.py for tasks to queue
[2023-07-19T12:54:46.408+0000] {logging_mixin.py:150} INFO - [2023-07-19T12:54:46.408+0000] {dagbag.py:541} INFO - Filling up the DagBag from /home/airflow/.local/lib/python3.7/site-packages/airflow/example_dags/example_bash_operator.py
[2023-07-19T12:54:46.425+0000] {processor.py:836} INFO - DAG(s) dict_keys(['example_bash_operator']) retrieved from /home/airflow/.local/lib/python3.7/site-packages/airflow/example_dags/example_bash_operator.py
[2023-07-19T12:54:46.475+0000] {logging_mixin.py:150} INFO - [2023-07-19T12:54:46.475+0000] {dag.py:2742} INFO - Sync 1 DAGs
[2023-07-19T12:54:46.498+0000] {logging_mixin.py:150} INFO - [2023-07-19T12:54:46.497+0000] {dag.py:3508} INFO - Setting next_dagrun for example_bash_operator to 2023-07-18T00:00:00+00:00, run_after=2023-07-19T00:00:00+00:00
[2023-07-19T12:54:46.519+0000] {processor.py:179} INFO - Processing /home/airflow/.local/lib/python3.7/site-packages/airflow/example_dags/example_bash_operator.py took 0.117 seconds
[2023-07-19T12:55:17.202+0000] {processor.py:157} INFO - Started process (PID=210) to work on /home/airflow/.local/lib/python3.7/site-packages/airflow/example_dags/example_bash_operator.py
[2023-07-19T12:55:17.203+0000] {processor.py:826} INFO - Processing file /home/airflow/.local/lib/python3.7/site-packages/airflow/example_dags/example_bash_operator.py for tasks to queue
[2023-07-19T12:55:17.204+0000] {logging_mixin.py:150} INFO - [2023-07-19T12:55:17.203+0000] {dagbag.py:541} INFO - Filling up the DagBag from /home/airflow/.local/lib/python3.7/site-packages/airflow/example_dags/example_bash_operator.py
[2023-07-19T12:55:17.222+0000] {processor.py:836} INFO - DAG(s) dict_keys(['example_bash_operator']) retrieved from /home/airflow/.local/lib/python3.7/site-packages/airflow/example_dags/example_bash_operator.py
[2023-07-19T12:55:17.261+0000] {logging_mixin.py:150} INFO - [2023-07-19T12:55:17.261+0000] {dag.py:2742} INFO - Sync 1 DAGs
[2023-07-19T12:55:17.306+0000] {logging_mixin.py:150} INFO - [2023-07-19T12:55:17.305+0000] {dag.py:3508} INFO - Setting next_dagrun for example_bash_operator to 2023-07-18T00:00:00+00:00, run_after=2023-07-19T00:00:00+00:00
[2023-07-19T12:55:17.343+0000] {processor.py:179} INFO - Processing /home/airflow/.local/lib/python3.7/site-packages/airflow/example_dags/example_bash_operator.py took 0.145 seconds
[2023-07-19T12:55:47.579+0000] {processor.py:157} INFO - Started process (PID=277) to work on /home/airflow/.local/lib/python3.7/site-packages/airflow/example_dags/example_bash_operator.py
[2023-07-19T12:55:47.580+0000] {processor.py:826} INFO - Processing file /home/airflow/.local/lib/python3.7/site-packages/airflow/example_dags/example_bash_operator.py for tasks to queue
[2023-07-19T12:55:47.580+0000] {logging_mixin.py:150} INFO - [2023-07-19T12:55:47.580+0000] {dagbag.py:541} INFO - Filling up the DagBag from /home/airflow/.local/lib/python3.7/site-packages/airflow/example_dags/example_bash_operator.py
[2023-07-19T12:55:47.595+0000] {processor.py:836} INFO - DAG(s) dict_keys(['example_bash_operator']) retrieved from /home/airflow/.local/lib/python3.7/site-packages/airflow/example_dags/example_bash_operator.py
[2023-07-19T12:55:47.646+0000] {logging_mixin.py:150} INFO - [2023-07-19T12:55:47.645+0000] {dag.py:2742} INFO - Sync 1 DAGs
[2023-07-19T12:55:47.674+0000] {logging_mixin.py:150} INFO - [2023-07-19T12:55:47.674+0000] {dag.py:3508} INFO - Setting next_dagrun for example_bash_operator to 2023-07-18T00:00:00+00:00, run_after=2023-07-19T00:00:00+00:00
[2023-07-19T12:55:47.690+0000] {processor.py:179} INFO - Processing /home/airflow/.local/lib/python3.7/site-packages/airflow/example_dags/example_bash_operator.py took 0.115 seconds
[2023-07-19T12:56:18.269+0000] {processor.py:157} INFO - Started process (PID=354) to work on /home/airflow/.local/lib/python3.7/site-packages/airflow/example_dags/example_bash_operator.py
[2023-07-19T12:56:18.270+0000] {processor.py:826} INFO - Processing file /home/airflow/.local/lib/python3.7/site-packages/airflow/example_dags/example_bash_operator.py for tasks to queue
[2023-07-19T12:56:18.271+0000] {logging_mixin.py:150} INFO - [2023-07-19T12:56:18.270+0000] {dagbag.py:541} INFO - Filling up the DagBag from /home/airflow/.local/lib/python3.7/site-packages/airflow/example_dags/example_bash_operator.py
[2023-07-19T12:56:18.283+0000] {processor.py:836} INFO - DAG(s) dict_keys(['example_bash_operator']) retrieved from /home/airflow/.local/lib/python3.7/site-packages/airflow/example_dags/example_bash_operator.py
[2023-07-19T12:56:18.319+0000] {logging_mixin.py:150} INFO - [2023-07-19T12:56:18.319+0000] {dag.py:2742} INFO - Sync 1 DAGs
[2023-07-19T12:56:18.345+0000] {logging_mixin.py:150} INFO - [2023-07-19T12:56:18.344+0000] {dag.py:3508} INFO - Setting next_dagrun for example_bash_operator to 2023-07-18T00:00:00+00:00, run_after=2023-07-19T00:00:00+00:00
[2023-07-19T12:56:18.363+0000] {processor.py:179} INFO - Processing /home/airflow/.local/lib/python3.7/site-packages/airflow/example_dags/example_bash_operator.py took 0.097 seconds
[2023-07-19T12:56:48.619+0000] {processor.py:157} INFO - Started process (PID=422) to work on /home/airflow/.local/lib/python3.7/site-packages/airflow/example_dags/example_bash_operator.py
[2023-07-19T12:56:48.620+0000] {processor.py:826} INFO - Processing file /home/airflow/.local/lib/python3.7/site-packages/airflow/example_dags/example_bash_operator.py for tasks to queue
[2023-07-19T12:56:48.620+0000] {logging_mixin.py:150} INFO - [2023-07-19T12:56:48.620+0000] {dagbag.py:541} INFO - Filling up the DagBag from /home/airflow/.local/lib/python3.7/site-packages/airflow/example_dags/example_bash_operator.py
[2023-07-19T12:56:48.633+0000] {processor.py:836} INFO - DAG(s) dict_keys(['example_bash_operator']) retrieved from /home/airflow/.local/lib/python3.7/site-packages/airflow/example_dags/example_bash_operator.py
[2023-07-19T12:56:48.689+0000] {logging_mixin.py:150} INFO - [2023-07-19T12:56:48.688+0000] {dag.py:2742} INFO - Sync 1 DAGs
[2023-07-19T12:56:48.724+0000] {logging_mixin.py:150} INFO - [2023-07-19T12:56:48.724+0000] {dag.py:3508} INFO - Setting next_dagrun for example_bash_operator to 2023-07-18T00:00:00+00:00, run_after=2023-07-19T00:00:00+00:00
[2023-07-19T12:56:48.759+0000] {processor.py:179} INFO - Processing /home/airflow/.local/lib/python3.7/site-packages/airflow/example_dags/example_bash_operator.py took 0.144 seconds
[2023-07-19T12:57:19.441+0000] {processor.py:157} INFO - Started process (PID=499) to work on /home/airflow/.local/lib/python3.7/site-packages/airflow/example_dags/example_bash_operator.py
[2023-07-19T12:57:19.442+0000] {processor.py:826} INFO - Processing file /home/airflow/.local/lib/python3.7/site-packages/airflow/example_dags/example_bash_operator.py for tasks to queue
[2023-07-19T12:57:19.443+0000] {logging_mixin.py:150} INFO - [2023-07-19T12:57:19.443+0000] {dagbag.py:541} INFO - Filling up the DagBag from /home/airflow/.local/lib/python3.7/site-packages/airflow/example_dags/example_bash_operator.py
[2023-07-19T12:57:19.463+0000] {processor.py:836} INFO - DAG(s) dict_keys(['example_bash_operator']) retrieved from /home/airflow/.local/lib/python3.7/site-packages/airflow/example_dags/example_bash_operator.py
[2023-07-19T12:57:19.507+0000] {logging_mixin.py:150} INFO - [2023-07-19T12:57:19.507+0000] {dag.py:2742} INFO - Sync 1 DAGs
[2023-07-19T12:57:19.537+0000] {logging_mixin.py:150} INFO - [2023-07-19T12:57:19.537+0000] {dag.py:3508} INFO - Setting next_dagrun for example_bash_operator to 2023-07-18T00:00:00+00:00, run_after=2023-07-19T00:00:00+00:00
[2023-07-19T12:57:19.559+0000] {processor.py:179} INFO - Processing /home/airflow/.local/lib/python3.7/site-packages/airflow/example_dags/example_bash_operator.py took 0.123 seconds
[2023-07-19T12:57:49.691+0000] {processor.py:157} INFO - Started process (PID=567) to work on /home/airflow/.local/lib/python3.7/site-packages/airflow/example_dags/example_bash_operator.py
[2023-07-19T12:57:49.692+0000] {processor.py:826} INFO - Processing file /home/airflow/.local/lib/python3.7/site-packages/airflow/example_dags/example_bash_operator.py for tasks to queue
[2023-07-19T12:57:49.695+0000] {logging_mixin.py:150} INFO - [2023-07-19T12:57:49.694+0000] {dagbag.py:541} INFO - Filling up the DagBag from /home/airflow/.local/lib/python3.7/site-packages/airflow/example_dags/example_bash_operator.py
[2023-07-19T12:57:49.711+0000] {processor.py:836} INFO - DAG(s) dict_keys(['example_bash_operator']) retrieved from /home/airflow/.local/lib/python3.7/site-packages/airflow/example_dags/example_bash_operator.py
[2023-07-19T12:57:49.778+0000] {logging_mixin.py:150} INFO - [2023-07-19T12:57:49.778+0000] {dag.py:2742} INFO - Sync 1 DAGs
[2023-07-19T12:57:49.808+0000] {logging_mixin.py:150} INFO - [2023-07-19T12:57:49.808+0000] {dag.py:3508} INFO - Setting next_dagrun for example_bash_operator to 2023-07-18T00:00:00+00:00, run_after=2023-07-19T00:00:00+00:00
[2023-07-19T12:57:49.822+0000] {processor.py:179} INFO - Processing /home/airflow/.local/lib/python3.7/site-packages/airflow/example_dags/example_bash_operator.py took 0.137 seconds
[2023-07-19T12:58:20.295+0000] {processor.py:157} INFO - Started process (PID=644) to work on /home/airflow/.local/lib/python3.7/site-packages/airflow/example_dags/example_bash_operator.py
[2023-07-19T12:58:20.297+0000] {processor.py:826} INFO - Processing file /home/airflow/.local/lib/python3.7/site-packages/airflow/example_dags/example_bash_operator.py for tasks to queue
[2023-07-19T12:58:20.298+0000] {logging_mixin.py:150} INFO - [2023-07-19T12:58:20.298+0000] {dagbag.py:541} INFO - Filling up the DagBag from /home/airflow/.local/lib/python3.7/site-packages/airflow/example_dags/example_bash_operator.py
[2023-07-19T12:58:20.318+0000] {processor.py:836} INFO - DAG(s) dict_keys(['example_bash_operator']) retrieved from /home/airflow/.local/lib/python3.7/site-packages/airflow/example_dags/example_bash_operator.py
[2023-07-19T12:58:20.364+0000] {logging_mixin.py:150} INFO - [2023-07-19T12:58:20.364+0000] {dag.py:2742} INFO - Sync 1 DAGs
[2023-07-19T12:58:20.407+0000] {logging_mixin.py:150} INFO - [2023-07-19T12:58:20.407+0000] {dag.py:3508} INFO - Setting next_dagrun for example_bash_operator to 2023-07-18T00:00:00+00:00, run_after=2023-07-19T00:00:00+00:00
[2023-07-19T12:58:20.423+0000] {processor.py:179} INFO - Processing /home/airflow/.local/lib/python3.7/site-packages/airflow/example_dags/example_bash_operator.py took 0.134 seconds
