[2023-07-19T12:54:17.756+0000] {processor.py:157} INFO - Started process (PID=81) to work on /home/airflow/.local/lib/python3.7/site-packages/airflow/example_dags/example_latest_only.py
[2023-07-19T12:54:17.757+0000] {processor.py:826} INFO - Processing file /home/airflow/.local/lib/python3.7/site-packages/airflow/example_dags/example_latest_only.py for tasks to queue
[2023-07-19T12:54:17.758+0000] {logging_mixin.py:150} INFO - [2023-07-19T12:54:17.758+0000] {dagbag.py:541} INFO - Filling up the DagBag from /home/airflow/.local/lib/python3.7/site-packages/airflow/example_dags/example_latest_only.py
[2023-07-19T12:54:17.766+0000] {processor.py:836} INFO - DAG(s) dict_keys(['latest_only']) retrieved from /home/airflow/.local/lib/python3.7/site-packages/airflow/example_dags/example_latest_only.py
[2023-07-19T12:54:17.902+0000] {logging_mixin.py:150} INFO - [2023-07-19T12:54:17.902+0000] {manager.py:504} INFO - Created Permission View: can edit on DAG:latest_only
[2023-07-19T12:54:17.920+0000] {logging_mixin.py:150} INFO - [2023-07-19T12:54:17.920+0000] {manager.py:504} INFO - Created Permission View: can read on DAG:latest_only
[2023-07-19T12:54:17.928+0000] {logging_mixin.py:150} INFO - [2023-07-19T12:54:17.927+0000] {manager.py:504} INFO - Created Permission View: can delete on DAG:latest_only
[2023-07-19T12:54:17.947+0000] {logging_mixin.py:150} INFO - [2023-07-19T12:54:17.947+0000] {dag.py:2742} INFO - Sync 1 DAGs
[2023-07-19T12:54:17.983+0000] {logging_mixin.py:150} INFO - [2023-07-19T12:54:17.983+0000] {dag.py:2763} INFO - Creating ORM DAG for latest_only
[2023-07-19T12:54:18.020+0000] {logging_mixin.py:150} INFO - [2023-07-19T12:54:18.019+0000] {dag.py:3508} INFO - Setting next_dagrun for latest_only to 2023-07-19T08:54:18.018736+00:00, run_after=2023-07-19T12:54:18.018736+00:00
[2023-07-19T12:54:18.057+0000] {processor.py:179} INFO - Processing /home/airflow/.local/lib/python3.7/site-packages/airflow/example_dags/example_latest_only.py took 0.305 seconds
[2023-07-19T12:54:48.991+0000] {processor.py:157} INFO - Started process (PID=160) to work on /home/airflow/.local/lib/python3.7/site-packages/airflow/example_dags/example_latest_only.py
[2023-07-19T12:54:48.992+0000] {processor.py:826} INFO - Processing file /home/airflow/.local/lib/python3.7/site-packages/airflow/example_dags/example_latest_only.py for tasks to queue
[2023-07-19T12:54:48.994+0000] {logging_mixin.py:150} INFO - [2023-07-19T12:54:48.993+0000] {dagbag.py:541} INFO - Filling up the DagBag from /home/airflow/.local/lib/python3.7/site-packages/airflow/example_dags/example_latest_only.py
[2023-07-19T12:54:49.003+0000] {processor.py:836} INFO - DAG(s) dict_keys(['latest_only']) retrieved from /home/airflow/.local/lib/python3.7/site-packages/airflow/example_dags/example_latest_only.py
[2023-07-19T12:54:49.031+0000] {logging_mixin.py:150} INFO - [2023-07-19T12:54:49.031+0000] {dag.py:2742} INFO - Sync 1 DAGs
[2023-07-19T12:54:49.061+0000] {logging_mixin.py:150} INFO - [2023-07-19T12:54:49.061+0000] {dag.py:3508} INFO - Setting next_dagrun for latest_only to 2023-07-19T08:54:49.061556+00:00, run_after=2023-07-19T12:54:49.061556+00:00
[2023-07-19T12:54:49.080+0000] {processor.py:179} INFO - Processing /home/airflow/.local/lib/python3.7/site-packages/airflow/example_dags/example_latest_only.py took 0.092 seconds
[2023-07-19T12:55:19.606+0000] {processor.py:157} INFO - Started process (PID=229) to work on /home/airflow/.local/lib/python3.7/site-packages/airflow/example_dags/example_latest_only.py
[2023-07-19T12:55:19.607+0000] {processor.py:826} INFO - Processing file /home/airflow/.local/lib/python3.7/site-packages/airflow/example_dags/example_latest_only.py for tasks to queue
[2023-07-19T12:55:19.608+0000] {logging_mixin.py:150} INFO - [2023-07-19T12:55:19.608+0000] {dagbag.py:541} INFO - Filling up the DagBag from /home/airflow/.local/lib/python3.7/site-packages/airflow/example_dags/example_latest_only.py
[2023-07-19T12:55:19.616+0000] {processor.py:836} INFO - DAG(s) dict_keys(['latest_only']) retrieved from /home/airflow/.local/lib/python3.7/site-packages/airflow/example_dags/example_latest_only.py
[2023-07-19T12:55:19.640+0000] {logging_mixin.py:150} INFO - [2023-07-19T12:55:19.640+0000] {dag.py:2742} INFO - Sync 1 DAGs
[2023-07-19T12:55:19.661+0000] {logging_mixin.py:150} INFO - [2023-07-19T12:55:19.661+0000] {dag.py:3508} INFO - Setting next_dagrun for latest_only to 2023-07-19T08:55:19.660997+00:00, run_after=2023-07-19T12:55:19.660997+00:00
[2023-07-19T12:55:19.679+0000] {processor.py:179} INFO - Processing /home/airflow/.local/lib/python3.7/site-packages/airflow/example_dags/example_latest_only.py took 0.077 seconds
[2023-07-19T12:55:50.117+0000] {processor.py:157} INFO - Started process (PID=305) to work on /home/airflow/.local/lib/python3.7/site-packages/airflow/example_dags/example_latest_only.py
[2023-07-19T12:55:50.118+0000] {processor.py:826} INFO - Processing file /home/airflow/.local/lib/python3.7/site-packages/airflow/example_dags/example_latest_only.py for tasks to queue
[2023-07-19T12:55:50.119+0000] {logging_mixin.py:150} INFO - [2023-07-19T12:55:50.119+0000] {dagbag.py:541} INFO - Filling up the DagBag from /home/airflow/.local/lib/python3.7/site-packages/airflow/example_dags/example_latest_only.py
[2023-07-19T12:55:50.127+0000] {processor.py:836} INFO - DAG(s) dict_keys(['latest_only']) retrieved from /home/airflow/.local/lib/python3.7/site-packages/airflow/example_dags/example_latest_only.py
[2023-07-19T12:55:50.161+0000] {logging_mixin.py:150} INFO - [2023-07-19T12:55:50.161+0000] {dag.py:2742} INFO - Sync 1 DAGs
[2023-07-19T12:55:50.187+0000] {logging_mixin.py:150} INFO - [2023-07-19T12:55:50.187+0000] {dag.py:3508} INFO - Setting next_dagrun for latest_only to 2023-07-19T08:55:50.187067+00:00, run_after=2023-07-19T12:55:50.187067+00:00
[2023-07-19T12:55:50.203+0000] {processor.py:179} INFO - Processing /home/airflow/.local/lib/python3.7/site-packages/airflow/example_dags/example_latest_only.py took 0.089 seconds
[2023-07-19T12:56:20.549+0000] {processor.py:157} INFO - Started process (PID=373) to work on /home/airflow/.local/lib/python3.7/site-packages/airflow/example_dags/example_latest_only.py
[2023-07-19T12:56:20.551+0000] {processor.py:826} INFO - Processing file /home/airflow/.local/lib/python3.7/site-packages/airflow/example_dags/example_latest_only.py for tasks to queue
[2023-07-19T12:56:20.552+0000] {logging_mixin.py:150} INFO - [2023-07-19T12:56:20.552+0000] {dagbag.py:541} INFO - Filling up the DagBag from /home/airflow/.local/lib/python3.7/site-packages/airflow/example_dags/example_latest_only.py
[2023-07-19T12:56:20.559+0000] {processor.py:836} INFO - DAG(s) dict_keys(['latest_only']) retrieved from /home/airflow/.local/lib/python3.7/site-packages/airflow/example_dags/example_latest_only.py
[2023-07-19T12:56:20.591+0000] {logging_mixin.py:150} INFO - [2023-07-19T12:56:20.591+0000] {dag.py:2742} INFO - Sync 1 DAGs
[2023-07-19T12:56:20.624+0000] {logging_mixin.py:150} INFO - [2023-07-19T12:56:20.624+0000] {dag.py:3508} INFO - Setting next_dagrun for latest_only to 2023-07-19T08:56:20.623939+00:00, run_after=2023-07-19T12:56:20.623939+00:00
[2023-07-19T12:56:20.643+0000] {processor.py:179} INFO - Processing /home/airflow/.local/lib/python3.7/site-packages/airflow/example_dags/example_latest_only.py took 0.097 seconds
[2023-07-19T12:56:50.878+0000] {processor.py:157} INFO - Started process (PID=441) to work on /home/airflow/.local/lib/python3.7/site-packages/airflow/example_dags/example_latest_only.py
[2023-07-19T12:56:50.880+0000] {processor.py:826} INFO - Processing file /home/airflow/.local/lib/python3.7/site-packages/airflow/example_dags/example_latest_only.py for tasks to queue
[2023-07-19T12:56:50.881+0000] {logging_mixin.py:150} INFO - [2023-07-19T12:56:50.881+0000] {dagbag.py:541} INFO - Filling up the DagBag from /home/airflow/.local/lib/python3.7/site-packages/airflow/example_dags/example_latest_only.py
[2023-07-19T12:56:50.888+0000] {processor.py:836} INFO - DAG(s) dict_keys(['latest_only']) retrieved from /home/airflow/.local/lib/python3.7/site-packages/airflow/example_dags/example_latest_only.py
[2023-07-19T12:56:50.919+0000] {logging_mixin.py:150} INFO - [2023-07-19T12:56:50.919+0000] {dag.py:2742} INFO - Sync 1 DAGs
[2023-07-19T12:56:50.951+0000] {logging_mixin.py:150} INFO - [2023-07-19T12:56:50.951+0000] {dag.py:3508} INFO - Setting next_dagrun for latest_only to 2023-07-19T08:56:50.951296+00:00, run_after=2023-07-19T12:56:50.951296+00:00
[2023-07-19T12:56:50.971+0000] {processor.py:179} INFO - Processing /home/airflow/.local/lib/python3.7/site-packages/airflow/example_dags/example_latest_only.py took 0.097 seconds
[2023-07-19T12:57:21.769+0000] {processor.py:157} INFO - Started process (PID=518) to work on /home/airflow/.local/lib/python3.7/site-packages/airflow/example_dags/example_latest_only.py
[2023-07-19T12:57:21.770+0000] {processor.py:826} INFO - Processing file /home/airflow/.local/lib/python3.7/site-packages/airflow/example_dags/example_latest_only.py for tasks to queue
[2023-07-19T12:57:21.771+0000] {logging_mixin.py:150} INFO - [2023-07-19T12:57:21.771+0000] {dagbag.py:541} INFO - Filling up the DagBag from /home/airflow/.local/lib/python3.7/site-packages/airflow/example_dags/example_latest_only.py
[2023-07-19T12:57:21.779+0000] {processor.py:836} INFO - DAG(s) dict_keys(['latest_only']) retrieved from /home/airflow/.local/lib/python3.7/site-packages/airflow/example_dags/example_latest_only.py
[2023-07-19T12:57:21.814+0000] {logging_mixin.py:150} INFO - [2023-07-19T12:57:21.813+0000] {dag.py:2742} INFO - Sync 1 DAGs
[2023-07-19T12:57:21.841+0000] {logging_mixin.py:150} INFO - [2023-07-19T12:57:21.840+0000] {dag.py:3508} INFO - Setting next_dagrun for latest_only to 2023-07-19T08:57:21.840682+00:00, run_after=2023-07-19T12:57:21.840682+00:00
[2023-07-19T12:57:21.861+0000] {processor.py:179} INFO - Processing /home/airflow/.local/lib/python3.7/site-packages/airflow/example_dags/example_latest_only.py took 0.098 seconds
[2023-07-19T12:57:51.963+0000] {processor.py:157} INFO - Started process (PID=586) to work on /home/airflow/.local/lib/python3.7/site-packages/airflow/example_dags/example_latest_only.py
[2023-07-19T12:57:51.964+0000] {processor.py:826} INFO - Processing file /home/airflow/.local/lib/python3.7/site-packages/airflow/example_dags/example_latest_only.py for tasks to queue
[2023-07-19T12:57:51.965+0000] {logging_mixin.py:150} INFO - [2023-07-19T12:57:51.965+0000] {dagbag.py:541} INFO - Filling up the DagBag from /home/airflow/.local/lib/python3.7/site-packages/airflow/example_dags/example_latest_only.py
[2023-07-19T12:57:51.970+0000] {processor.py:836} INFO - DAG(s) dict_keys(['latest_only']) retrieved from /home/airflow/.local/lib/python3.7/site-packages/airflow/example_dags/example_latest_only.py
[2023-07-19T12:57:51.997+0000] {logging_mixin.py:150} INFO - [2023-07-19T12:57:51.997+0000] {dag.py:2742} INFO - Sync 1 DAGs
[2023-07-19T12:57:52.024+0000] {logging_mixin.py:150} INFO - [2023-07-19T12:57:52.024+0000] {dag.py:3508} INFO - Setting next_dagrun for latest_only to 2023-07-19T08:57:52.023710+00:00, run_after=2023-07-19T12:57:52.023710+00:00
[2023-07-19T12:57:52.052+0000] {processor.py:179} INFO - Processing /home/airflow/.local/lib/python3.7/site-packages/airflow/example_dags/example_latest_only.py took 0.093 seconds
[2023-07-19T12:58:22.602+0000] {processor.py:157} INFO - Started process (PID=663) to work on /home/airflow/.local/lib/python3.7/site-packages/airflow/example_dags/example_latest_only.py
[2023-07-19T12:58:22.604+0000] {processor.py:826} INFO - Processing file /home/airflow/.local/lib/python3.7/site-packages/airflow/example_dags/example_latest_only.py for tasks to queue
[2023-07-19T12:58:22.605+0000] {logging_mixin.py:150} INFO - [2023-07-19T12:58:22.605+0000] {dagbag.py:541} INFO - Filling up the DagBag from /home/airflow/.local/lib/python3.7/site-packages/airflow/example_dags/example_latest_only.py
[2023-07-19T12:58:22.616+0000] {processor.py:836} INFO - DAG(s) dict_keys(['latest_only']) retrieved from /home/airflow/.local/lib/python3.7/site-packages/airflow/example_dags/example_latest_only.py
[2023-07-19T12:58:22.652+0000] {logging_mixin.py:150} INFO - [2023-07-19T12:58:22.652+0000] {dag.py:2742} INFO - Sync 1 DAGs
[2023-07-19T12:58:22.681+0000] {logging_mixin.py:150} INFO - [2023-07-19T12:58:22.681+0000] {dag.py:3508} INFO - Setting next_dagrun for latest_only to 2023-07-19T08:58:22.681565+00:00, run_after=2023-07-19T12:58:22.681565+00:00
[2023-07-19T12:58:22.703+0000] {processor.py:179} INFO - Processing /home/airflow/.local/lib/python3.7/site-packages/airflow/example_dags/example_latest_only.py took 0.107 seconds
