[2023-07-19T12:54:13.435+0000] {processor.py:157} INFO - Started process (PID=52) to work on /home/airflow/.local/lib/python3.7/site-packages/airflow/example_dags/example_datasets.py
[2023-07-19T12:54:13.436+0000] {processor.py:826} INFO - Processing file /home/airflow/.local/lib/python3.7/site-packages/airflow/example_dags/example_datasets.py for tasks to queue
[2023-07-19T12:54:13.437+0000] {logging_mixin.py:150} INFO - [2023-07-19T12:54:13.437+0000] {dagbag.py:541} INFO - Filling up the DagBag from /home/airflow/.local/lib/python3.7/site-packages/airflow/example_dags/example_datasets.py
[2023-07-19T12:54:13.452+0000] {processor.py:836} INFO - DAG(s) dict_keys(['dataset_consumes_1_and_2', 'dataset_produces_2', 'dataset_consumes_1', 'dataset_consumes_1_never_scheduled', 'dataset_produces_1', 'dataset_consumes_unknown_never_scheduled']) retrieved from /home/airflow/.local/lib/python3.7/site-packages/airflow/example_dags/example_datasets.py
[2023-07-19T12:54:13.609+0000] {logging_mixin.py:150} INFO - [2023-07-19T12:54:13.609+0000] {manager.py:504} INFO - Created Permission View: can edit on DAG:dataset_consumes_1_and_2
[2023-07-19T12:54:13.633+0000] {logging_mixin.py:150} INFO - [2023-07-19T12:54:13.632+0000] {manager.py:504} INFO - Created Permission View: can read on DAG:dataset_consumes_1_and_2
[2023-07-19T12:54:13.640+0000] {logging_mixin.py:150} INFO - [2023-07-19T12:54:13.639+0000] {manager.py:504} INFO - Created Permission View: can delete on DAG:dataset_consumes_1_and_2
[2023-07-19T12:54:13.677+0000] {logging_mixin.py:150} INFO - [2023-07-19T12:54:13.677+0000] {manager.py:504} INFO - Created Permission View: can edit on DAG:dataset_produces_2
[2023-07-19T12:54:13.685+0000] {logging_mixin.py:150} INFO - [2023-07-19T12:54:13.684+0000] {manager.py:504} INFO - Created Permission View: can read on DAG:dataset_produces_2
[2023-07-19T12:54:13.691+0000] {logging_mixin.py:150} INFO - [2023-07-19T12:54:13.691+0000] {manager.py:504} INFO - Created Permission View: can delete on DAG:dataset_produces_2
[2023-07-19T12:54:13.714+0000] {logging_mixin.py:150} INFO - [2023-07-19T12:54:13.714+0000] {manager.py:504} INFO - Created Permission View: can edit on DAG:dataset_consumes_1
[2023-07-19T12:54:13.720+0000] {logging_mixin.py:150} INFO - [2023-07-19T12:54:13.720+0000] {manager.py:504} INFO - Created Permission View: can read on DAG:dataset_consumes_1
[2023-07-19T12:54:13.725+0000] {logging_mixin.py:150} INFO - [2023-07-19T12:54:13.725+0000] {manager.py:504} INFO - Created Permission View: can delete on DAG:dataset_consumes_1
[2023-07-19T12:54:13.751+0000] {logging_mixin.py:150} INFO - [2023-07-19T12:54:13.750+0000] {manager.py:504} INFO - Created Permission View: can edit on DAG:dataset_consumes_1_never_scheduled
[2023-07-19T12:54:13.758+0000] {logging_mixin.py:150} INFO - [2023-07-19T12:54:13.758+0000] {manager.py:504} INFO - Created Permission View: can read on DAG:dataset_consumes_1_never_scheduled
[2023-07-19T12:54:13.765+0000] {logging_mixin.py:150} INFO - [2023-07-19T12:54:13.765+0000] {manager.py:504} INFO - Created Permission View: can delete on DAG:dataset_consumes_1_never_scheduled
[2023-07-19T12:54:13.783+0000] {logging_mixin.py:150} INFO - [2023-07-19T12:54:13.782+0000] {manager.py:504} INFO - Created Permission View: can edit on DAG:dataset_produces_1
[2023-07-19T12:54:13.789+0000] {logging_mixin.py:150} INFO - [2023-07-19T12:54:13.789+0000] {manager.py:504} INFO - Created Permission View: can read on DAG:dataset_produces_1
[2023-07-19T12:54:13.797+0000] {logging_mixin.py:150} INFO - [2023-07-19T12:54:13.797+0000] {manager.py:504} INFO - Created Permission View: can delete on DAG:dataset_produces_1
[2023-07-19T12:54:13.816+0000] {logging_mixin.py:150} INFO - [2023-07-19T12:54:13.815+0000] {manager.py:504} INFO - Created Permission View: can edit on DAG:dataset_consumes_unknown_never_scheduled
[2023-07-19T12:54:13.823+0000] {logging_mixin.py:150} INFO - [2023-07-19T12:54:13.821+0000] {manager.py:504} INFO - Created Permission View: can read on DAG:dataset_consumes_unknown_never_scheduled
[2023-07-19T12:54:13.829+0000] {logging_mixin.py:150} INFO - [2023-07-19T12:54:13.829+0000] {manager.py:504} INFO - Created Permission View: can delete on DAG:dataset_consumes_unknown_never_scheduled
[2023-07-19T12:54:13.835+0000] {logging_mixin.py:150} INFO - [2023-07-19T12:54:13.835+0000] {dag.py:2742} INFO - Sync 6 DAGs
[2023-07-19T12:54:13.850+0000] {logging_mixin.py:150} INFO - [2023-07-19T12:54:13.850+0000] {dag.py:2763} INFO - Creating ORM DAG for dataset_consumes_1
[2023-07-19T12:54:13.851+0000] {logging_mixin.py:150} INFO - [2023-07-19T12:54:13.851+0000] {dag.py:2763} INFO - Creating ORM DAG for dataset_consumes_1_never_scheduled
[2023-07-19T12:54:13.851+0000] {logging_mixin.py:150} INFO - [2023-07-19T12:54:13.851+0000] {dag.py:2763} INFO - Creating ORM DAG for dataset_consumes_1_and_2
[2023-07-19T12:54:13.852+0000] {logging_mixin.py:150} INFO - [2023-07-19T12:54:13.852+0000] {dag.py:2763} INFO - Creating ORM DAG for dataset_produces_2
[2023-07-19T12:54:13.852+0000] {logging_mixin.py:150} INFO - [2023-07-19T12:54:13.852+0000] {dag.py:2763} INFO - Creating ORM DAG for dataset_consumes_unknown_never_scheduled
[2023-07-19T12:54:13.853+0000] {logging_mixin.py:150} INFO - [2023-07-19T12:54:13.853+0000] {dag.py:2763} INFO - Creating ORM DAG for dataset_produces_1
[2023-07-19T12:54:13.866+0000] {logging_mixin.py:150} INFO - [2023-07-19T12:54:13.866+0000] {dag.py:3508} INFO - Setting next_dagrun for dataset_consumes_1 to None, run_after=None
[2023-07-19T12:54:13.867+0000] {logging_mixin.py:150} INFO - [2023-07-19T12:54:13.866+0000] {dag.py:3508} INFO - Setting next_dagrun for dataset_consumes_1_and_2 to None, run_after=None
[2023-07-19T12:54:13.868+0000] {logging_mixin.py:150} INFO - [2023-07-19T12:54:13.867+0000] {dag.py:3508} INFO - Setting next_dagrun for dataset_consumes_1_never_scheduled to None, run_after=None
[2023-07-19T12:54:13.868+0000] {logging_mixin.py:150} INFO - [2023-07-19T12:54:13.868+0000] {dag.py:3508} INFO - Setting next_dagrun for dataset_consumes_unknown_never_scheduled to None, run_after=None
[2023-07-19T12:54:13.870+0000] {logging_mixin.py:150} INFO - [2023-07-19T12:54:13.870+0000] {dag.py:3508} INFO - Setting next_dagrun for dataset_produces_1 to 2023-07-18T00:00:00+00:00, run_after=2023-07-19T00:00:00+00:00
[2023-07-19T12:54:13.871+0000] {logging_mixin.py:150} INFO - [2023-07-19T12:54:13.871+0000] {dag.py:3508} INFO - Setting next_dagrun for dataset_produces_2 to None, run_after=None
[2023-07-19T12:54:13.917+0000] {processor.py:179} INFO - Processing /home/airflow/.local/lib/python3.7/site-packages/airflow/example_dags/example_datasets.py took 0.485 seconds
[2023-07-19T12:54:44.371+0000] {processor.py:157} INFO - Started process (PID=121) to work on /home/airflow/.local/lib/python3.7/site-packages/airflow/example_dags/example_datasets.py
[2023-07-19T12:54:44.372+0000] {processor.py:826} INFO - Processing file /home/airflow/.local/lib/python3.7/site-packages/airflow/example_dags/example_datasets.py for tasks to queue
[2023-07-19T12:54:44.373+0000] {logging_mixin.py:150} INFO - [2023-07-19T12:54:44.373+0000] {dagbag.py:541} INFO - Filling up the DagBag from /home/airflow/.local/lib/python3.7/site-packages/airflow/example_dags/example_datasets.py
[2023-07-19T12:54:44.385+0000] {processor.py:836} INFO - DAG(s) dict_keys(['dataset_consumes_unknown_never_scheduled', 'dataset_consumes_1_and_2', 'dataset_produces_2', 'dataset_consumes_1_never_scheduled', 'dataset_consumes_1', 'dataset_produces_1']) retrieved from /home/airflow/.local/lib/python3.7/site-packages/airflow/example_dags/example_datasets.py
[2023-07-19T12:54:44.427+0000] {logging_mixin.py:150} INFO - [2023-07-19T12:54:44.427+0000] {dag.py:2742} INFO - Sync 6 DAGs
[2023-07-19T12:54:44.462+0000] {logging_mixin.py:150} INFO - [2023-07-19T12:54:44.462+0000] {dag.py:3508} INFO - Setting next_dagrun for dataset_consumes_1 to None, run_after=None
[2023-07-19T12:54:44.467+0000] {logging_mixin.py:150} INFO - [2023-07-19T12:54:44.467+0000] {dag.py:3508} INFO - Setting next_dagrun for dataset_consumes_1_and_2 to None, run_after=None
[2023-07-19T12:54:44.468+0000] {logging_mixin.py:150} INFO - [2023-07-19T12:54:44.468+0000] {dag.py:3508} INFO - Setting next_dagrun for dataset_consumes_1_never_scheduled to None, run_after=None
[2023-07-19T12:54:44.470+0000] {logging_mixin.py:150} INFO - [2023-07-19T12:54:44.470+0000] {dag.py:3508} INFO - Setting next_dagrun for dataset_consumes_unknown_never_scheduled to None, run_after=None
[2023-07-19T12:54:44.472+0000] {logging_mixin.py:150} INFO - [2023-07-19T12:54:44.472+0000] {dag.py:3508} INFO - Setting next_dagrun for dataset_produces_1 to 2023-07-18T00:00:00+00:00, run_after=2023-07-19T00:00:00+00:00
[2023-07-19T12:54:44.473+0000] {logging_mixin.py:150} INFO - [2023-07-19T12:54:44.473+0000] {dag.py:3508} INFO - Setting next_dagrun for dataset_produces_2 to None, run_after=None
[2023-07-19T12:54:44.510+0000] {processor.py:179} INFO - Processing /home/airflow/.local/lib/python3.7/site-packages/airflow/example_dags/example_datasets.py took 0.143 seconds
[2023-07-19T12:55:15.452+0000] {processor.py:157} INFO - Started process (PID=199) to work on /home/airflow/.local/lib/python3.7/site-packages/airflow/example_dags/example_datasets.py
[2023-07-19T12:55:15.452+0000] {processor.py:826} INFO - Processing file /home/airflow/.local/lib/python3.7/site-packages/airflow/example_dags/example_datasets.py for tasks to queue
[2023-07-19T12:55:15.453+0000] {logging_mixin.py:150} INFO - [2023-07-19T12:55:15.453+0000] {dagbag.py:541} INFO - Filling up the DagBag from /home/airflow/.local/lib/python3.7/site-packages/airflow/example_dags/example_datasets.py
[2023-07-19T12:55:15.465+0000] {processor.py:836} INFO - DAG(s) dict_keys(['dataset_produces_1', 'dataset_consumes_1', 'dataset_produces_2', 'dataset_consumes_1_never_scheduled', 'dataset_consumes_unknown_never_scheduled', 'dataset_consumes_1_and_2']) retrieved from /home/airflow/.local/lib/python3.7/site-packages/airflow/example_dags/example_datasets.py
[2023-07-19T12:55:15.511+0000] {logging_mixin.py:150} INFO - [2023-07-19T12:55:15.510+0000] {dag.py:2742} INFO - Sync 6 DAGs
[2023-07-19T12:55:15.542+0000] {logging_mixin.py:150} INFO - [2023-07-19T12:55:15.542+0000] {dag.py:3508} INFO - Setting next_dagrun for dataset_consumes_1 to None, run_after=None
[2023-07-19T12:55:15.546+0000] {logging_mixin.py:150} INFO - [2023-07-19T12:55:15.545+0000] {dag.py:3508} INFO - Setting next_dagrun for dataset_consumes_1_and_2 to None, run_after=None
[2023-07-19T12:55:15.546+0000] {logging_mixin.py:150} INFO - [2023-07-19T12:55:15.546+0000] {dag.py:3508} INFO - Setting next_dagrun for dataset_consumes_1_never_scheduled to None, run_after=None
[2023-07-19T12:55:15.547+0000] {logging_mixin.py:150} INFO - [2023-07-19T12:55:15.547+0000] {dag.py:3508} INFO - Setting next_dagrun for dataset_consumes_unknown_never_scheduled to None, run_after=None
[2023-07-19T12:55:15.549+0000] {logging_mixin.py:150} INFO - [2023-07-19T12:55:15.549+0000] {dag.py:3508} INFO - Setting next_dagrun for dataset_produces_1 to 2023-07-18T00:00:00+00:00, run_after=2023-07-19T00:00:00+00:00
[2023-07-19T12:55:15.550+0000] {logging_mixin.py:150} INFO - [2023-07-19T12:55:15.550+0000] {dag.py:3508} INFO - Setting next_dagrun for dataset_produces_2 to None, run_after=None
[2023-07-19T12:55:15.578+0000] {processor.py:179} INFO - Processing /home/airflow/.local/lib/python3.7/site-packages/airflow/example_dags/example_datasets.py took 0.137 seconds
[2023-07-19T12:55:45.606+0000] {processor.py:157} INFO - Started process (PID=265) to work on /home/airflow/.local/lib/python3.7/site-packages/airflow/example_dags/example_datasets.py
[2023-07-19T12:55:45.607+0000] {processor.py:826} INFO - Processing file /home/airflow/.local/lib/python3.7/site-packages/airflow/example_dags/example_datasets.py for tasks to queue
[2023-07-19T12:55:45.608+0000] {logging_mixin.py:150} INFO - [2023-07-19T12:55:45.608+0000] {dagbag.py:541} INFO - Filling up the DagBag from /home/airflow/.local/lib/python3.7/site-packages/airflow/example_dags/example_datasets.py
[2023-07-19T12:55:45.617+0000] {processor.py:836} INFO - DAG(s) dict_keys(['dataset_produces_1', 'dataset_consumes_1_and_2', 'dataset_consumes_1_never_scheduled', 'dataset_produces_2', 'dataset_consumes_unknown_never_scheduled', 'dataset_consumes_1']) retrieved from /home/airflow/.local/lib/python3.7/site-packages/airflow/example_dags/example_datasets.py
[2023-07-19T12:55:45.669+0000] {logging_mixin.py:150} INFO - [2023-07-19T12:55:45.668+0000] {dag.py:2742} INFO - Sync 6 DAGs
[2023-07-19T12:55:45.696+0000] {logging_mixin.py:150} INFO - [2023-07-19T12:55:45.696+0000] {dag.py:3508} INFO - Setting next_dagrun for dataset_consumes_1 to None, run_after=None
[2023-07-19T12:55:45.701+0000] {logging_mixin.py:150} INFO - [2023-07-19T12:55:45.701+0000] {dag.py:3508} INFO - Setting next_dagrun for dataset_consumes_1_and_2 to None, run_after=None
[2023-07-19T12:55:45.702+0000] {logging_mixin.py:150} INFO - [2023-07-19T12:55:45.702+0000] {dag.py:3508} INFO - Setting next_dagrun for dataset_consumes_1_never_scheduled to None, run_after=None
[2023-07-19T12:55:45.703+0000] {logging_mixin.py:150} INFO - [2023-07-19T12:55:45.703+0000] {dag.py:3508} INFO - Setting next_dagrun for dataset_consumes_unknown_never_scheduled to None, run_after=None
[2023-07-19T12:55:45.705+0000] {logging_mixin.py:150} INFO - [2023-07-19T12:55:45.705+0000] {dag.py:3508} INFO - Setting next_dagrun for dataset_produces_1 to 2023-07-18T00:00:00+00:00, run_after=2023-07-19T00:00:00+00:00
[2023-07-19T12:55:45.706+0000] {logging_mixin.py:150} INFO - [2023-07-19T12:55:45.706+0000] {dag.py:3508} INFO - Setting next_dagrun for dataset_produces_2 to None, run_after=None
[2023-07-19T12:55:45.740+0000] {processor.py:179} INFO - Processing /home/airflow/.local/lib/python3.7/site-packages/airflow/example_dags/example_datasets.py took 0.137 seconds
[2023-07-19T12:56:16.350+0000] {processor.py:157} INFO - Started process (PID=343) to work on /home/airflow/.local/lib/python3.7/site-packages/airflow/example_dags/example_datasets.py
[2023-07-19T12:56:16.351+0000] {processor.py:826} INFO - Processing file /home/airflow/.local/lib/python3.7/site-packages/airflow/example_dags/example_datasets.py for tasks to queue
[2023-07-19T12:56:16.352+0000] {logging_mixin.py:150} INFO - [2023-07-19T12:56:16.352+0000] {dagbag.py:541} INFO - Filling up the DagBag from /home/airflow/.local/lib/python3.7/site-packages/airflow/example_dags/example_datasets.py
[2023-07-19T12:56:16.362+0000] {processor.py:836} INFO - DAG(s) dict_keys(['dataset_consumes_1_never_scheduled', 'dataset_consumes_1_and_2', 'dataset_consumes_1', 'dataset_produces_2', 'dataset_consumes_unknown_never_scheduled', 'dataset_produces_1']) retrieved from /home/airflow/.local/lib/python3.7/site-packages/airflow/example_dags/example_datasets.py
[2023-07-19T12:56:16.416+0000] {logging_mixin.py:150} INFO - [2023-07-19T12:56:16.415+0000] {dag.py:2742} INFO - Sync 6 DAGs
[2023-07-19T12:56:16.452+0000] {logging_mixin.py:150} INFO - [2023-07-19T12:56:16.452+0000] {dag.py:3508} INFO - Setting next_dagrun for dataset_consumes_1 to None, run_after=None
[2023-07-19T12:56:16.458+0000] {logging_mixin.py:150} INFO - [2023-07-19T12:56:16.458+0000] {dag.py:3508} INFO - Setting next_dagrun for dataset_consumes_1_and_2 to None, run_after=None
[2023-07-19T12:56:16.461+0000] {logging_mixin.py:150} INFO - [2023-07-19T12:56:16.461+0000] {dag.py:3508} INFO - Setting next_dagrun for dataset_consumes_1_never_scheduled to None, run_after=None
[2023-07-19T12:56:16.462+0000] {logging_mixin.py:150} INFO - [2023-07-19T12:56:16.462+0000] {dag.py:3508} INFO - Setting next_dagrun for dataset_consumes_unknown_never_scheduled to None, run_after=None
[2023-07-19T12:56:16.465+0000] {logging_mixin.py:150} INFO - [2023-07-19T12:56:16.465+0000] {dag.py:3508} INFO - Setting next_dagrun for dataset_produces_1 to 2023-07-18T00:00:00+00:00, run_after=2023-07-19T00:00:00+00:00
[2023-07-19T12:56:16.467+0000] {logging_mixin.py:150} INFO - [2023-07-19T12:56:16.466+0000] {dag.py:3508} INFO - Setting next_dagrun for dataset_produces_2 to None, run_after=None
[2023-07-19T12:56:16.505+0000] {processor.py:179} INFO - Processing /home/airflow/.local/lib/python3.7/site-packages/airflow/example_dags/example_datasets.py took 0.159 seconds
[2023-07-19T12:56:46.792+0000] {processor.py:157} INFO - Started process (PID=411) to work on /home/airflow/.local/lib/python3.7/site-packages/airflow/example_dags/example_datasets.py
[2023-07-19T12:56:46.793+0000] {processor.py:826} INFO - Processing file /home/airflow/.local/lib/python3.7/site-packages/airflow/example_dags/example_datasets.py for tasks to queue
[2023-07-19T12:56:46.794+0000] {logging_mixin.py:150} INFO - [2023-07-19T12:56:46.794+0000] {dagbag.py:541} INFO - Filling up the DagBag from /home/airflow/.local/lib/python3.7/site-packages/airflow/example_dags/example_datasets.py
[2023-07-19T12:56:46.806+0000] {processor.py:836} INFO - DAG(s) dict_keys(['dataset_produces_2', 'dataset_consumes_1', 'dataset_consumes_unknown_never_scheduled', 'dataset_produces_1', 'dataset_consumes_1_never_scheduled', 'dataset_consumes_1_and_2']) retrieved from /home/airflow/.local/lib/python3.7/site-packages/airflow/example_dags/example_datasets.py
[2023-07-19T12:56:46.858+0000] {logging_mixin.py:150} INFO - [2023-07-19T12:56:46.857+0000] {dag.py:2742} INFO - Sync 6 DAGs
[2023-07-19T12:56:46.891+0000] {logging_mixin.py:150} INFO - [2023-07-19T12:56:46.891+0000] {dag.py:3508} INFO - Setting next_dagrun for dataset_consumes_1 to None, run_after=None
[2023-07-19T12:56:46.896+0000] {logging_mixin.py:150} INFO - [2023-07-19T12:56:46.895+0000] {dag.py:3508} INFO - Setting next_dagrun for dataset_consumes_1_and_2 to None, run_after=None
[2023-07-19T12:56:46.897+0000] {logging_mixin.py:150} INFO - [2023-07-19T12:56:46.897+0000] {dag.py:3508} INFO - Setting next_dagrun for dataset_consumes_1_never_scheduled to None, run_after=None
[2023-07-19T12:56:46.898+0000] {logging_mixin.py:150} INFO - [2023-07-19T12:56:46.898+0000] {dag.py:3508} INFO - Setting next_dagrun for dataset_consumes_unknown_never_scheduled to None, run_after=None
[2023-07-19T12:56:46.904+0000] {logging_mixin.py:150} INFO - [2023-07-19T12:56:46.904+0000] {dag.py:3508} INFO - Setting next_dagrun for dataset_produces_1 to 2023-07-18T00:00:00+00:00, run_after=2023-07-19T00:00:00+00:00
[2023-07-19T12:56:46.905+0000] {logging_mixin.py:150} INFO - [2023-07-19T12:56:46.905+0000] {dag.py:3508} INFO - Setting next_dagrun for dataset_produces_2 to None, run_after=None
[2023-07-19T12:56:46.942+0000] {processor.py:179} INFO - Processing /home/airflow/.local/lib/python3.7/site-packages/airflow/example_dags/example_datasets.py took 0.154 seconds
[2023-07-19T12:57:17.281+0000] {processor.py:157} INFO - Started process (PID=488) to work on /home/airflow/.local/lib/python3.7/site-packages/airflow/example_dags/example_datasets.py
[2023-07-19T12:57:17.284+0000] {processor.py:826} INFO - Processing file /home/airflow/.local/lib/python3.7/site-packages/airflow/example_dags/example_datasets.py for tasks to queue
[2023-07-19T12:57:17.285+0000] {logging_mixin.py:150} INFO - [2023-07-19T12:57:17.284+0000] {dagbag.py:541} INFO - Filling up the DagBag from /home/airflow/.local/lib/python3.7/site-packages/airflow/example_dags/example_datasets.py
[2023-07-19T12:57:17.313+0000] {processor.py:836} INFO - DAG(s) dict_keys(['dataset_produces_2', 'dataset_consumes_1', 'dataset_consumes_1_never_scheduled', 'dataset_consumes_1_and_2', 'dataset_consumes_unknown_never_scheduled', 'dataset_produces_1']) retrieved from /home/airflow/.local/lib/python3.7/site-packages/airflow/example_dags/example_datasets.py
[2023-07-19T12:57:17.377+0000] {logging_mixin.py:150} INFO - [2023-07-19T12:57:17.377+0000] {dag.py:2742} INFO - Sync 6 DAGs
[2023-07-19T12:57:17.427+0000] {logging_mixin.py:150} INFO - [2023-07-19T12:57:17.426+0000] {dag.py:3508} INFO - Setting next_dagrun for dataset_consumes_1 to None, run_after=None
[2023-07-19T12:57:17.431+0000] {logging_mixin.py:150} INFO - [2023-07-19T12:57:17.431+0000] {dag.py:3508} INFO - Setting next_dagrun for dataset_consumes_1_and_2 to None, run_after=None
[2023-07-19T12:57:17.433+0000] {logging_mixin.py:150} INFO - [2023-07-19T12:57:17.433+0000] {dag.py:3508} INFO - Setting next_dagrun for dataset_consumes_1_never_scheduled to None, run_after=None
[2023-07-19T12:57:17.440+0000] {logging_mixin.py:150} INFO - [2023-07-19T12:57:17.440+0000] {dag.py:3508} INFO - Setting next_dagrun for dataset_consumes_unknown_never_scheduled to None, run_after=None
[2023-07-19T12:57:17.445+0000] {logging_mixin.py:150} INFO - [2023-07-19T12:57:17.444+0000] {dag.py:3508} INFO - Setting next_dagrun for dataset_produces_1 to 2023-07-18T00:00:00+00:00, run_after=2023-07-19T00:00:00+00:00
[2023-07-19T12:57:17.448+0000] {logging_mixin.py:150} INFO - [2023-07-19T12:57:17.447+0000] {dag.py:3508} INFO - Setting next_dagrun for dataset_produces_2 to None, run_after=None
[2023-07-19T12:57:17.509+0000] {processor.py:179} INFO - Processing /home/airflow/.local/lib/python3.7/site-packages/airflow/example_dags/example_datasets.py took 0.235 seconds
[2023-07-19T12:57:47.772+0000] {processor.py:157} INFO - Started process (PID=556) to work on /home/airflow/.local/lib/python3.7/site-packages/airflow/example_dags/example_datasets.py
[2023-07-19T12:57:47.773+0000] {processor.py:826} INFO - Processing file /home/airflow/.local/lib/python3.7/site-packages/airflow/example_dags/example_datasets.py for tasks to queue
[2023-07-19T12:57:47.774+0000] {logging_mixin.py:150} INFO - [2023-07-19T12:57:47.774+0000] {dagbag.py:541} INFO - Filling up the DagBag from /home/airflow/.local/lib/python3.7/site-packages/airflow/example_dags/example_datasets.py
[2023-07-19T12:57:47.781+0000] {processor.py:836} INFO - DAG(s) dict_keys(['dataset_consumes_1', 'dataset_consumes_1_never_scheduled', 'dataset_consumes_unknown_never_scheduled', 'dataset_consumes_1_and_2', 'dataset_produces_2', 'dataset_produces_1']) retrieved from /home/airflow/.local/lib/python3.7/site-packages/airflow/example_dags/example_datasets.py
[2023-07-19T12:57:47.831+0000] {logging_mixin.py:150} INFO - [2023-07-19T12:57:47.831+0000] {dag.py:2742} INFO - Sync 6 DAGs
[2023-07-19T12:57:47.864+0000] {logging_mixin.py:150} INFO - [2023-07-19T12:57:47.864+0000] {dag.py:3508} INFO - Setting next_dagrun for dataset_consumes_1 to None, run_after=None
[2023-07-19T12:57:47.872+0000] {logging_mixin.py:150} INFO - [2023-07-19T12:57:47.872+0000] {dag.py:3508} INFO - Setting next_dagrun for dataset_consumes_1_and_2 to None, run_after=None
[2023-07-19T12:57:47.873+0000] {logging_mixin.py:150} INFO - [2023-07-19T12:57:47.873+0000] {dag.py:3508} INFO - Setting next_dagrun for dataset_consumes_1_never_scheduled to None, run_after=None
[2023-07-19T12:57:47.874+0000] {logging_mixin.py:150} INFO - [2023-07-19T12:57:47.874+0000] {dag.py:3508} INFO - Setting next_dagrun for dataset_consumes_unknown_never_scheduled to None, run_after=None
[2023-07-19T12:57:47.876+0000] {logging_mixin.py:150} INFO - [2023-07-19T12:57:47.876+0000] {dag.py:3508} INFO - Setting next_dagrun for dataset_produces_1 to 2023-07-18T00:00:00+00:00, run_after=2023-07-19T00:00:00+00:00
[2023-07-19T12:57:47.877+0000] {logging_mixin.py:150} INFO - [2023-07-19T12:57:47.877+0000] {dag.py:3508} INFO - Setting next_dagrun for dataset_produces_2 to None, run_after=None
[2023-07-19T12:57:47.909+0000] {processor.py:179} INFO - Processing /home/airflow/.local/lib/python3.7/site-packages/airflow/example_dags/example_datasets.py took 0.141 seconds
[2023-07-19T12:58:18.414+0000] {processor.py:157} INFO - Started process (PID=624) to work on /home/airflow/.local/lib/python3.7/site-packages/airflow/example_dags/example_datasets.py
[2023-07-19T12:58:18.415+0000] {processor.py:826} INFO - Processing file /home/airflow/.local/lib/python3.7/site-packages/airflow/example_dags/example_datasets.py for tasks to queue
[2023-07-19T12:58:18.416+0000] {logging_mixin.py:150} INFO - [2023-07-19T12:58:18.416+0000] {dagbag.py:541} INFO - Filling up the DagBag from /home/airflow/.local/lib/python3.7/site-packages/airflow/example_dags/example_datasets.py
[2023-07-19T12:58:18.424+0000] {processor.py:836} INFO - DAG(s) dict_keys(['dataset_produces_2', 'dataset_produces_1', 'dataset_consumes_unknown_never_scheduled', 'dataset_consumes_1', 'dataset_consumes_1_and_2', 'dataset_consumes_1_never_scheduled']) retrieved from /home/airflow/.local/lib/python3.7/site-packages/airflow/example_dags/example_datasets.py
[2023-07-19T12:58:18.461+0000] {logging_mixin.py:150} INFO - [2023-07-19T12:58:18.461+0000] {dag.py:2742} INFO - Sync 6 DAGs
[2023-07-19T12:58:18.487+0000] {logging_mixin.py:150} INFO - [2023-07-19T12:58:18.487+0000] {dag.py:3508} INFO - Setting next_dagrun for dataset_consumes_1 to None, run_after=None
[2023-07-19T12:58:18.492+0000] {logging_mixin.py:150} INFO - [2023-07-19T12:58:18.492+0000] {dag.py:3508} INFO - Setting next_dagrun for dataset_consumes_1_and_2 to None, run_after=None
[2023-07-19T12:58:18.493+0000] {logging_mixin.py:150} INFO - [2023-07-19T12:58:18.493+0000] {dag.py:3508} INFO - Setting next_dagrun for dataset_consumes_1_never_scheduled to None, run_after=None
[2023-07-19T12:58:18.494+0000] {logging_mixin.py:150} INFO - [2023-07-19T12:58:18.494+0000] {dag.py:3508} INFO - Setting next_dagrun for dataset_consumes_unknown_never_scheduled to None, run_after=None
[2023-07-19T12:58:18.498+0000] {logging_mixin.py:150} INFO - [2023-07-19T12:58:18.498+0000] {dag.py:3508} INFO - Setting next_dagrun for dataset_produces_1 to 2023-07-18T00:00:00+00:00, run_after=2023-07-19T00:00:00+00:00
[2023-07-19T12:58:18.499+0000] {logging_mixin.py:150} INFO - [2023-07-19T12:58:18.499+0000] {dag.py:3508} INFO - Setting next_dagrun for dataset_produces_2 to None, run_after=None
[2023-07-19T12:58:18.525+0000] {processor.py:179} INFO - Processing /home/airflow/.local/lib/python3.7/site-packages/airflow/example_dags/example_datasets.py took 0.114 seconds
