[2023-07-19T12:54:13.946+0000] {processor.py:157} INFO - Started process (PID=54) to work on /home/airflow/.local/lib/python3.7/site-packages/airflow/example_dags/example_local_kubernetes_executor.py
[2023-07-19T12:54:13.947+0000] {processor.py:826} INFO - Processing file /home/airflow/.local/lib/python3.7/site-packages/airflow/example_dags/example_local_kubernetes_executor.py for tasks to queue
[2023-07-19T12:54:13.952+0000] {logging_mixin.py:150} INFO - [2023-07-19T12:54:13.947+0000] {dagbag.py:541} INFO - Filling up the DagBag from /home/airflow/.local/lib/python3.7/site-packages/airflow/example_dags/example_local_kubernetes_executor.py
[2023-07-19T12:54:14.179+0000] {processor.py:836} INFO - DAG(s) dict_keys(['example_local_kubernetes_executor']) retrieved from /home/airflow/.local/lib/python3.7/site-packages/airflow/example_dags/example_local_kubernetes_executor.py
[2023-07-19T12:54:14.329+0000] {logging_mixin.py:150} INFO - [2023-07-19T12:54:14.328+0000] {manager.py:504} INFO - Created Permission View: can edit on DAG:example_local_kubernetes_executor
[2023-07-19T12:54:14.345+0000] {logging_mixin.py:150} INFO - [2023-07-19T12:54:14.344+0000] {manager.py:504} INFO - Created Permission View: can read on DAG:example_local_kubernetes_executor
[2023-07-19T12:54:14.353+0000] {logging_mixin.py:150} INFO - [2023-07-19T12:54:14.353+0000] {manager.py:504} INFO - Created Permission View: can delete on DAG:example_local_kubernetes_executor
[2023-07-19T12:54:14.378+0000] {logging_mixin.py:150} INFO - [2023-07-19T12:54:14.377+0000] {dag.py:2742} INFO - Sync 1 DAGs
[2023-07-19T12:54:14.392+0000] {logging_mixin.py:150} INFO - [2023-07-19T12:54:14.392+0000] {dag.py:2763} INFO - Creating ORM DAG for example_local_kubernetes_executor
[2023-07-19T12:54:14.405+0000] {logging_mixin.py:150} INFO - [2023-07-19T12:54:14.405+0000] {dag.py:3508} INFO - Setting next_dagrun for example_local_kubernetes_executor to None, run_after=None
[2023-07-19T12:54:14.424+0000] {processor.py:179} INFO - Processing /home/airflow/.local/lib/python3.7/site-packages/airflow/example_dags/example_local_kubernetes_executor.py took 0.481 seconds
[2023-07-19T12:54:44.543+0000] {processor.py:157} INFO - Started process (PID=123) to work on /home/airflow/.local/lib/python3.7/site-packages/airflow/example_dags/example_local_kubernetes_executor.py
[2023-07-19T12:54:44.544+0000] {processor.py:826} INFO - Processing file /home/airflow/.local/lib/python3.7/site-packages/airflow/example_dags/example_local_kubernetes_executor.py for tasks to queue
[2023-07-19T12:54:44.545+0000] {logging_mixin.py:150} INFO - [2023-07-19T12:54:44.544+0000] {dagbag.py:541} INFO - Filling up the DagBag from /home/airflow/.local/lib/python3.7/site-packages/airflow/example_dags/example_local_kubernetes_executor.py
[2023-07-19T12:54:44.803+0000] {processor.py:836} INFO - DAG(s) dict_keys(['example_local_kubernetes_executor']) retrieved from /home/airflow/.local/lib/python3.7/site-packages/airflow/example_dags/example_local_kubernetes_executor.py
[2023-07-19T12:54:44.856+0000] {logging_mixin.py:150} INFO - [2023-07-19T12:54:44.856+0000] {dag.py:2742} INFO - Sync 1 DAGs
[2023-07-19T12:54:44.892+0000] {logging_mixin.py:150} INFO - [2023-07-19T12:54:44.891+0000] {dag.py:3508} INFO - Setting next_dagrun for example_local_kubernetes_executor to None, run_after=None
[2023-07-19T12:54:44.909+0000] {processor.py:179} INFO - Processing /home/airflow/.local/lib/python3.7/site-packages/airflow/example_dags/example_local_kubernetes_executor.py took 0.372 seconds
[2023-07-19T12:55:15.629+0000] {processor.py:157} INFO - Started process (PID=201) to work on /home/airflow/.local/lib/python3.7/site-packages/airflow/example_dags/example_local_kubernetes_executor.py
[2023-07-19T12:55:15.630+0000] {processor.py:826} INFO - Processing file /home/airflow/.local/lib/python3.7/site-packages/airflow/example_dags/example_local_kubernetes_executor.py for tasks to queue
[2023-07-19T12:55:15.631+0000] {logging_mixin.py:150} INFO - [2023-07-19T12:55:15.631+0000] {dagbag.py:541} INFO - Filling up the DagBag from /home/airflow/.local/lib/python3.7/site-packages/airflow/example_dags/example_local_kubernetes_executor.py
[2023-07-19T12:55:15.830+0000] {processor.py:836} INFO - DAG(s) dict_keys(['example_local_kubernetes_executor']) retrieved from /home/airflow/.local/lib/python3.7/site-packages/airflow/example_dags/example_local_kubernetes_executor.py
[2023-07-19T12:55:15.868+0000] {logging_mixin.py:150} INFO - [2023-07-19T12:55:15.868+0000] {dag.py:2742} INFO - Sync 1 DAGs
[2023-07-19T12:55:15.897+0000] {logging_mixin.py:150} INFO - [2023-07-19T12:55:15.897+0000] {dag.py:3508} INFO - Setting next_dagrun for example_local_kubernetes_executor to None, run_after=None
[2023-07-19T12:55:15.917+0000] {processor.py:179} INFO - Processing /home/airflow/.local/lib/python3.7/site-packages/airflow/example_dags/example_local_kubernetes_executor.py took 0.291 seconds
[2023-07-19T12:55:46.050+0000] {processor.py:157} INFO - Started process (PID=269) to work on /home/airflow/.local/lib/python3.7/site-packages/airflow/example_dags/example_local_kubernetes_executor.py
[2023-07-19T12:55:46.051+0000] {processor.py:826} INFO - Processing file /home/airflow/.local/lib/python3.7/site-packages/airflow/example_dags/example_local_kubernetes_executor.py for tasks to queue
[2023-07-19T12:55:46.052+0000] {logging_mixin.py:150} INFO - [2023-07-19T12:55:46.051+0000] {dagbag.py:541} INFO - Filling up the DagBag from /home/airflow/.local/lib/python3.7/site-packages/airflow/example_dags/example_local_kubernetes_executor.py
[2023-07-19T12:55:46.255+0000] {processor.py:836} INFO - DAG(s) dict_keys(['example_local_kubernetes_executor']) retrieved from /home/airflow/.local/lib/python3.7/site-packages/airflow/example_dags/example_local_kubernetes_executor.py
[2023-07-19T12:55:46.302+0000] {logging_mixin.py:150} INFO - [2023-07-19T12:55:46.302+0000] {dag.py:2742} INFO - Sync 1 DAGs
[2023-07-19T12:55:46.333+0000] {logging_mixin.py:150} INFO - [2023-07-19T12:55:46.333+0000] {dag.py:3508} INFO - Setting next_dagrun for example_local_kubernetes_executor to None, run_after=None
[2023-07-19T12:55:46.353+0000] {processor.py:179} INFO - Processing /home/airflow/.local/lib/python3.7/site-packages/airflow/example_dags/example_local_kubernetes_executor.py took 0.307 seconds
[2023-07-19T12:56:16.770+0000] {processor.py:157} INFO - Started process (PID=347) to work on /home/airflow/.local/lib/python3.7/site-packages/airflow/example_dags/example_local_kubernetes_executor.py
[2023-07-19T12:56:16.772+0000] {processor.py:826} INFO - Processing file /home/airflow/.local/lib/python3.7/site-packages/airflow/example_dags/example_local_kubernetes_executor.py for tasks to queue
[2023-07-19T12:56:16.773+0000] {logging_mixin.py:150} INFO - [2023-07-19T12:56:16.772+0000] {dagbag.py:541} INFO - Filling up the DagBag from /home/airflow/.local/lib/python3.7/site-packages/airflow/example_dags/example_local_kubernetes_executor.py
[2023-07-19T12:56:17.000+0000] {processor.py:836} INFO - DAG(s) dict_keys(['example_local_kubernetes_executor']) retrieved from /home/airflow/.local/lib/python3.7/site-packages/airflow/example_dags/example_local_kubernetes_executor.py
[2023-07-19T12:56:17.047+0000] {logging_mixin.py:150} INFO - [2023-07-19T12:56:17.047+0000] {dag.py:2742} INFO - Sync 1 DAGs
[2023-07-19T12:56:17.103+0000] {logging_mixin.py:150} INFO - [2023-07-19T12:56:17.103+0000] {dag.py:3508} INFO - Setting next_dagrun for example_local_kubernetes_executor to None, run_after=None
[2023-07-19T12:56:17.123+0000] {processor.py:179} INFO - Processing /home/airflow/.local/lib/python3.7/site-packages/airflow/example_dags/example_local_kubernetes_executor.py took 0.356 seconds
[2023-07-19T12:56:47.178+0000] {processor.py:157} INFO - Started process (PID=416) to work on /home/airflow/.local/lib/python3.7/site-packages/airflow/example_dags/example_local_kubernetes_executor.py
[2023-07-19T12:56:47.179+0000] {processor.py:826} INFO - Processing file /home/airflow/.local/lib/python3.7/site-packages/airflow/example_dags/example_local_kubernetes_executor.py for tasks to queue
[2023-07-19T12:56:47.180+0000] {logging_mixin.py:150} INFO - [2023-07-19T12:56:47.180+0000] {dagbag.py:541} INFO - Filling up the DagBag from /home/airflow/.local/lib/python3.7/site-packages/airflow/example_dags/example_local_kubernetes_executor.py
[2023-07-19T12:56:47.370+0000] {processor.py:836} INFO - DAG(s) dict_keys(['example_local_kubernetes_executor']) retrieved from /home/airflow/.local/lib/python3.7/site-packages/airflow/example_dags/example_local_kubernetes_executor.py
[2023-07-19T12:56:47.402+0000] {logging_mixin.py:150} INFO - [2023-07-19T12:56:47.402+0000] {dag.py:2742} INFO - Sync 1 DAGs
[2023-07-19T12:56:47.427+0000] {logging_mixin.py:150} INFO - [2023-07-19T12:56:47.427+0000] {dag.py:3508} INFO - Setting next_dagrun for example_local_kubernetes_executor to None, run_after=None
[2023-07-19T12:56:47.476+0000] {processor.py:179} INFO - Processing /home/airflow/.local/lib/python3.7/site-packages/airflow/example_dags/example_local_kubernetes_executor.py took 0.302 seconds
[2023-07-19T12:57:18.012+0000] {processor.py:157} INFO - Started process (PID=495) to work on /home/airflow/.local/lib/python3.7/site-packages/airflow/example_dags/example_local_kubernetes_executor.py
[2023-07-19T12:57:18.022+0000] {processor.py:826} INFO - Processing file /home/airflow/.local/lib/python3.7/site-packages/airflow/example_dags/example_local_kubernetes_executor.py for tasks to queue
[2023-07-19T12:57:18.024+0000] {logging_mixin.py:150} INFO - [2023-07-19T12:57:18.024+0000] {dagbag.py:541} INFO - Filling up the DagBag from /home/airflow/.local/lib/python3.7/site-packages/airflow/example_dags/example_local_kubernetes_executor.py
[2023-07-19T12:57:18.387+0000] {processor.py:836} INFO - DAG(s) dict_keys(['example_local_kubernetes_executor']) retrieved from /home/airflow/.local/lib/python3.7/site-packages/airflow/example_dags/example_local_kubernetes_executor.py
[2023-07-19T12:57:18.481+0000] {logging_mixin.py:150} INFO - [2023-07-19T12:57:18.481+0000] {dag.py:2742} INFO - Sync 1 DAGs
[2023-07-19T12:57:18.518+0000] {logging_mixin.py:150} INFO - [2023-07-19T12:57:18.518+0000] {dag.py:3508} INFO - Setting next_dagrun for example_local_kubernetes_executor to None, run_after=None
[2023-07-19T12:57:18.555+0000] {processor.py:179} INFO - Processing /home/airflow/.local/lib/python3.7/site-packages/airflow/example_dags/example_local_kubernetes_executor.py took 0.549 seconds
[2023-07-19T12:57:49.138+0000] {processor.py:157} INFO - Started process (PID=562) to work on /home/airflow/.local/lib/python3.7/site-packages/airflow/example_dags/example_local_kubernetes_executor.py
[2023-07-19T12:57:49.140+0000] {processor.py:826} INFO - Processing file /home/airflow/.local/lib/python3.7/site-packages/airflow/example_dags/example_local_kubernetes_executor.py for tasks to queue
[2023-07-19T12:57:49.140+0000] {logging_mixin.py:150} INFO - [2023-07-19T12:57:49.140+0000] {dagbag.py:541} INFO - Filling up the DagBag from /home/airflow/.local/lib/python3.7/site-packages/airflow/example_dags/example_local_kubernetes_executor.py
[2023-07-19T12:57:49.306+0000] {processor.py:836} INFO - DAG(s) dict_keys(['example_local_kubernetes_executor']) retrieved from /home/airflow/.local/lib/python3.7/site-packages/airflow/example_dags/example_local_kubernetes_executor.py
[2023-07-19T12:57:49.364+0000] {logging_mixin.py:150} INFO - [2023-07-19T12:57:49.364+0000] {dag.py:2742} INFO - Sync 1 DAGs
[2023-07-19T12:57:49.402+0000] {logging_mixin.py:150} INFO - [2023-07-19T12:57:49.401+0000] {dag.py:3508} INFO - Setting next_dagrun for example_local_kubernetes_executor to None, run_after=None
[2023-07-19T12:57:49.416+0000] {processor.py:179} INFO - Processing /home/airflow/.local/lib/python3.7/site-packages/airflow/example_dags/example_local_kubernetes_executor.py took 0.280 seconds
[2023-07-19T12:58:19.934+0000] {processor.py:157} INFO - Started process (PID=639) to work on /home/airflow/.local/lib/python3.7/site-packages/airflow/example_dags/example_local_kubernetes_executor.py
[2023-07-19T12:58:19.935+0000] {processor.py:826} INFO - Processing file /home/airflow/.local/lib/python3.7/site-packages/airflow/example_dags/example_local_kubernetes_executor.py for tasks to queue
[2023-07-19T12:58:19.936+0000] {logging_mixin.py:150} INFO - [2023-07-19T12:58:19.936+0000] {dagbag.py:541} INFO - Filling up the DagBag from /home/airflow/.local/lib/python3.7/site-packages/airflow/example_dags/example_local_kubernetes_executor.py
[2023-07-19T12:58:20.119+0000] {processor.py:836} INFO - DAG(s) dict_keys(['example_local_kubernetes_executor']) retrieved from /home/airflow/.local/lib/python3.7/site-packages/airflow/example_dags/example_local_kubernetes_executor.py
[2023-07-19T12:58:20.177+0000] {logging_mixin.py:150} INFO - [2023-07-19T12:58:20.176+0000] {dag.py:2742} INFO - Sync 1 DAGs
[2023-07-19T12:58:20.205+0000] {logging_mixin.py:150} INFO - [2023-07-19T12:58:20.205+0000] {dag.py:3508} INFO - Setting next_dagrun for example_local_kubernetes_executor to None, run_after=None
[2023-07-19T12:58:20.233+0000] {processor.py:179} INFO - Processing /home/airflow/.local/lib/python3.7/site-packages/airflow/example_dags/example_local_kubernetes_executor.py took 0.302 seconds
