[2023-07-19T12:54:16.590+0000] {processor.py:157} INFO - Started process (PID=71) to work on /home/airflow/.local/lib/python3.7/site-packages/airflow/example_dags/example_python_operator.py
[2023-07-19T12:54:16.591+0000] {processor.py:826} INFO - Processing file /home/airflow/.local/lib/python3.7/site-packages/airflow/example_dags/example_python_operator.py for tasks to queue
[2023-07-19T12:54:16.592+0000] {logging_mixin.py:150} INFO - [2023-07-19T12:54:16.591+0000] {dagbag.py:541} INFO - Filling up the DagBag from /home/airflow/.local/lib/python3.7/site-packages/airflow/example_dags/example_python_operator.py
[2023-07-19T12:54:16.605+0000] {processor.py:836} INFO - DAG(s) dict_keys(['example_python_operator']) retrieved from /home/airflow/.local/lib/python3.7/site-packages/airflow/example_dags/example_python_operator.py
[2023-07-19T12:54:16.736+0000] {logging_mixin.py:150} INFO - [2023-07-19T12:54:16.736+0000] {manager.py:504} INFO - Created Permission View: can edit on DAG:example_python_operator
[2023-07-19T12:54:16.745+0000] {logging_mixin.py:150} INFO - [2023-07-19T12:54:16.745+0000] {manager.py:504} INFO - Created Permission View: can read on DAG:example_python_operator
[2023-07-19T12:54:16.749+0000] {logging_mixin.py:150} INFO - [2023-07-19T12:54:16.749+0000] {manager.py:504} INFO - Created Permission View: can delete on DAG:example_python_operator
[2023-07-19T12:54:16.765+0000] {logging_mixin.py:150} INFO - [2023-07-19T12:54:16.764+0000] {dag.py:2742} INFO - Sync 1 DAGs
[2023-07-19T12:54:16.784+0000] {logging_mixin.py:150} INFO - [2023-07-19T12:54:16.783+0000] {dag.py:2763} INFO - Creating ORM DAG for example_python_operator
[2023-07-19T12:54:16.795+0000] {logging_mixin.py:150} INFO - [2023-07-19T12:54:16.795+0000] {dag.py:3508} INFO - Setting next_dagrun for example_python_operator to None, run_after=None
[2023-07-19T12:54:16.810+0000] {processor.py:179} INFO - Processing /home/airflow/.local/lib/python3.7/site-packages/airflow/example_dags/example_python_operator.py took 0.223 seconds
[2023-07-19T12:54:46.904+0000] {processor.py:157} INFO - Started process (PID=140) to work on /home/airflow/.local/lib/python3.7/site-packages/airflow/example_dags/example_python_operator.py
[2023-07-19T12:54:46.906+0000] {processor.py:826} INFO - Processing file /home/airflow/.local/lib/python3.7/site-packages/airflow/example_dags/example_python_operator.py for tasks to queue
[2023-07-19T12:54:46.906+0000] {logging_mixin.py:150} INFO - [2023-07-19T12:54:46.906+0000] {dagbag.py:541} INFO - Filling up the DagBag from /home/airflow/.local/lib/python3.7/site-packages/airflow/example_dags/example_python_operator.py
[2023-07-19T12:54:46.916+0000] {processor.py:836} INFO - DAG(s) dict_keys(['example_python_operator']) retrieved from /home/airflow/.local/lib/python3.7/site-packages/airflow/example_dags/example_python_operator.py
[2023-07-19T12:54:46.947+0000] {logging_mixin.py:150} INFO - [2023-07-19T12:54:46.947+0000] {dag.py:2742} INFO - Sync 1 DAGs
[2023-07-19T12:54:46.976+0000] {logging_mixin.py:150} INFO - [2023-07-19T12:54:46.976+0000] {dag.py:3508} INFO - Setting next_dagrun for example_python_operator to None, run_after=None
[2023-07-19T12:54:47.004+0000] {processor.py:179} INFO - Processing /home/airflow/.local/lib/python3.7/site-packages/airflow/example_dags/example_python_operator.py took 0.103 seconds
[2023-07-19T12:55:17.740+0000] {processor.py:157} INFO - Started process (PID=218) to work on /home/airflow/.local/lib/python3.7/site-packages/airflow/example_dags/example_python_operator.py
[2023-07-19T12:55:17.741+0000] {processor.py:826} INFO - Processing file /home/airflow/.local/lib/python3.7/site-packages/airflow/example_dags/example_python_operator.py for tasks to queue
[2023-07-19T12:55:17.741+0000] {logging_mixin.py:150} INFO - [2023-07-19T12:55:17.741+0000] {dagbag.py:541} INFO - Filling up the DagBag from /home/airflow/.local/lib/python3.7/site-packages/airflow/example_dags/example_python_operator.py
[2023-07-19T12:55:17.751+0000] {processor.py:836} INFO - DAG(s) dict_keys(['example_python_operator']) retrieved from /home/airflow/.local/lib/python3.7/site-packages/airflow/example_dags/example_python_operator.py
[2023-07-19T12:55:17.783+0000] {logging_mixin.py:150} INFO - [2023-07-19T12:55:17.783+0000] {dag.py:2742} INFO - Sync 1 DAGs
[2023-07-19T12:55:17.803+0000] {logging_mixin.py:150} INFO - [2023-07-19T12:55:17.803+0000] {dag.py:3508} INFO - Setting next_dagrun for example_python_operator to None, run_after=None
[2023-07-19T12:55:17.823+0000] {processor.py:179} INFO - Processing /home/airflow/.local/lib/python3.7/site-packages/airflow/example_dags/example_python_operator.py took 0.088 seconds
[2023-07-19T12:55:48.228+0000] {processor.py:157} INFO - Started process (PID=285) to work on /home/airflow/.local/lib/python3.7/site-packages/airflow/example_dags/example_python_operator.py
[2023-07-19T12:55:48.230+0000] {processor.py:826} INFO - Processing file /home/airflow/.local/lib/python3.7/site-packages/airflow/example_dags/example_python_operator.py for tasks to queue
[2023-07-19T12:55:48.231+0000] {logging_mixin.py:150} INFO - [2023-07-19T12:55:48.231+0000] {dagbag.py:541} INFO - Filling up the DagBag from /home/airflow/.local/lib/python3.7/site-packages/airflow/example_dags/example_python_operator.py
[2023-07-19T12:55:48.245+0000] {processor.py:836} INFO - DAG(s) dict_keys(['example_python_operator']) retrieved from /home/airflow/.local/lib/python3.7/site-packages/airflow/example_dags/example_python_operator.py
[2023-07-19T12:55:48.276+0000] {logging_mixin.py:150} INFO - [2023-07-19T12:55:48.275+0000] {dag.py:2742} INFO - Sync 1 DAGs
[2023-07-19T12:55:48.316+0000] {logging_mixin.py:150} INFO - [2023-07-19T12:55:48.316+0000] {dag.py:3508} INFO - Setting next_dagrun for example_python_operator to None, run_after=None
[2023-07-19T12:55:48.340+0000] {processor.py:179} INFO - Processing /home/airflow/.local/lib/python3.7/site-packages/airflow/example_dags/example_python_operator.py took 0.119 seconds
[2023-07-19T12:56:18.849+0000] {processor.py:157} INFO - Started process (PID=362) to work on /home/airflow/.local/lib/python3.7/site-packages/airflow/example_dags/example_python_operator.py
[2023-07-19T12:56:18.850+0000] {processor.py:826} INFO - Processing file /home/airflow/.local/lib/python3.7/site-packages/airflow/example_dags/example_python_operator.py for tasks to queue
[2023-07-19T12:56:18.852+0000] {logging_mixin.py:150} INFO - [2023-07-19T12:56:18.851+0000] {dagbag.py:541} INFO - Filling up the DagBag from /home/airflow/.local/lib/python3.7/site-packages/airflow/example_dags/example_python_operator.py
[2023-07-19T12:56:18.866+0000] {processor.py:836} INFO - DAG(s) dict_keys(['example_python_operator']) retrieved from /home/airflow/.local/lib/python3.7/site-packages/airflow/example_dags/example_python_operator.py
[2023-07-19T12:56:18.895+0000] {logging_mixin.py:150} INFO - [2023-07-19T12:56:18.895+0000] {dag.py:2742} INFO - Sync 1 DAGs
[2023-07-19T12:56:18.919+0000] {logging_mixin.py:150} INFO - [2023-07-19T12:56:18.918+0000] {dag.py:3508} INFO - Setting next_dagrun for example_python_operator to None, run_after=None
[2023-07-19T12:56:18.939+0000] {processor.py:179} INFO - Processing /home/airflow/.local/lib/python3.7/site-packages/airflow/example_dags/example_python_operator.py took 0.095 seconds
[2023-07-19T12:56:49.179+0000] {processor.py:157} INFO - Started process (PID=430) to work on /home/airflow/.local/lib/python3.7/site-packages/airflow/example_dags/example_python_operator.py
[2023-07-19T12:56:49.180+0000] {processor.py:826} INFO - Processing file /home/airflow/.local/lib/python3.7/site-packages/airflow/example_dags/example_python_operator.py for tasks to queue
[2023-07-19T12:56:49.181+0000] {logging_mixin.py:150} INFO - [2023-07-19T12:56:49.180+0000] {dagbag.py:541} INFO - Filling up the DagBag from /home/airflow/.local/lib/python3.7/site-packages/airflow/example_dags/example_python_operator.py
[2023-07-19T12:56:49.192+0000] {processor.py:836} INFO - DAG(s) dict_keys(['example_python_operator']) retrieved from /home/airflow/.local/lib/python3.7/site-packages/airflow/example_dags/example_python_operator.py
[2023-07-19T12:56:49.217+0000] {logging_mixin.py:150} INFO - [2023-07-19T12:56:49.217+0000] {dag.py:2742} INFO - Sync 1 DAGs
[2023-07-19T12:56:49.258+0000] {logging_mixin.py:150} INFO - [2023-07-19T12:56:49.258+0000] {dag.py:3508} INFO - Setting next_dagrun for example_python_operator to None, run_after=None
[2023-07-19T12:56:49.276+0000] {processor.py:179} INFO - Processing /home/airflow/.local/lib/python3.7/site-packages/airflow/example_dags/example_python_operator.py took 0.100 seconds
[2023-07-19T12:57:19.960+0000] {processor.py:157} INFO - Started process (PID=507) to work on /home/airflow/.local/lib/python3.7/site-packages/airflow/example_dags/example_python_operator.py
[2023-07-19T12:57:19.961+0000] {processor.py:826} INFO - Processing file /home/airflow/.local/lib/python3.7/site-packages/airflow/example_dags/example_python_operator.py for tasks to queue
[2023-07-19T12:57:19.965+0000] {logging_mixin.py:150} INFO - [2023-07-19T12:57:19.964+0000] {dagbag.py:541} INFO - Filling up the DagBag from /home/airflow/.local/lib/python3.7/site-packages/airflow/example_dags/example_python_operator.py
[2023-07-19T12:57:19.989+0000] {processor.py:836} INFO - DAG(s) dict_keys(['example_python_operator']) retrieved from /home/airflow/.local/lib/python3.7/site-packages/airflow/example_dags/example_python_operator.py
[2023-07-19T12:57:20.029+0000] {logging_mixin.py:150} INFO - [2023-07-19T12:57:20.028+0000] {dag.py:2742} INFO - Sync 1 DAGs
[2023-07-19T12:57:20.061+0000] {logging_mixin.py:150} INFO - [2023-07-19T12:57:20.061+0000] {dag.py:3508} INFO - Setting next_dagrun for example_python_operator to None, run_after=None
[2023-07-19T12:57:20.083+0000] {processor.py:179} INFO - Processing /home/airflow/.local/lib/python3.7/site-packages/airflow/example_dags/example_python_operator.py took 0.128 seconds
[2023-07-19T12:57:50.162+0000] {processor.py:157} INFO - Started process (PID=575) to work on /home/airflow/.local/lib/python3.7/site-packages/airflow/example_dags/example_python_operator.py
[2023-07-19T12:57:50.164+0000] {processor.py:826} INFO - Processing file /home/airflow/.local/lib/python3.7/site-packages/airflow/example_dags/example_python_operator.py for tasks to queue
[2023-07-19T12:57:50.165+0000] {logging_mixin.py:150} INFO - [2023-07-19T12:57:50.165+0000] {dagbag.py:541} INFO - Filling up the DagBag from /home/airflow/.local/lib/python3.7/site-packages/airflow/example_dags/example_python_operator.py
[2023-07-19T12:57:50.177+0000] {processor.py:836} INFO - DAG(s) dict_keys(['example_python_operator']) retrieved from /home/airflow/.local/lib/python3.7/site-packages/airflow/example_dags/example_python_operator.py
[2023-07-19T12:57:50.205+0000] {logging_mixin.py:150} INFO - [2023-07-19T12:57:50.205+0000] {dag.py:2742} INFO - Sync 1 DAGs
[2023-07-19T12:57:50.231+0000] {logging_mixin.py:150} INFO - [2023-07-19T12:57:50.231+0000] {dag.py:3508} INFO - Setting next_dagrun for example_python_operator to None, run_after=None
[2023-07-19T12:57:50.245+0000] {processor.py:179} INFO - Processing /home/airflow/.local/lib/python3.7/site-packages/airflow/example_dags/example_python_operator.py took 0.086 seconds
[2023-07-19T12:58:20.844+0000] {processor.py:157} INFO - Started process (PID=652) to work on /home/airflow/.local/lib/python3.7/site-packages/airflow/example_dags/example_python_operator.py
[2023-07-19T12:58:20.845+0000] {processor.py:826} INFO - Processing file /home/airflow/.local/lib/python3.7/site-packages/airflow/example_dags/example_python_operator.py for tasks to queue
[2023-07-19T12:58:20.845+0000] {logging_mixin.py:150} INFO - [2023-07-19T12:58:20.845+0000] {dagbag.py:541} INFO - Filling up the DagBag from /home/airflow/.local/lib/python3.7/site-packages/airflow/example_dags/example_python_operator.py
[2023-07-19T12:58:20.856+0000] {processor.py:836} INFO - DAG(s) dict_keys(['example_python_operator']) retrieved from /home/airflow/.local/lib/python3.7/site-packages/airflow/example_dags/example_python_operator.py
[2023-07-19T12:58:20.881+0000] {logging_mixin.py:150} INFO - [2023-07-19T12:58:20.881+0000] {dag.py:2742} INFO - Sync 1 DAGs
[2023-07-19T12:58:20.915+0000] {logging_mixin.py:150} INFO - [2023-07-19T12:58:20.915+0000] {dag.py:3508} INFO - Setting next_dagrun for example_python_operator to None, run_after=None
[2023-07-19T12:58:20.935+0000] {processor.py:179} INFO - Processing /home/airflow/.local/lib/python3.7/site-packages/airflow/example_dags/example_python_operator.py took 0.095 seconds
