[2023-07-19T12:54:13.676+0000] {processor.py:157} INFO - Started process (PID=53) to work on /home/airflow/.local/lib/python3.7/site-packages/airflow/example_dags/example_short_circuit_operator.py
[2023-07-19T12:54:13.677+0000] {processor.py:826} INFO - Processing file /home/airflow/.local/lib/python3.7/site-packages/airflow/example_dags/example_short_circuit_operator.py for tasks to queue
[2023-07-19T12:54:13.678+0000] {logging_mixin.py:150} INFO - [2023-07-19T12:54:13.678+0000] {dagbag.py:541} INFO - Filling up the DagBag from /home/airflow/.local/lib/python3.7/site-packages/airflow/example_dags/example_short_circuit_operator.py
[2023-07-19T12:54:13.721+0000] {processor.py:836} INFO - DAG(s) dict_keys(['example_short_circuit_operator']) retrieved from /home/airflow/.local/lib/python3.7/site-packages/airflow/example_dags/example_short_circuit_operator.py
[2023-07-19T12:54:13.966+0000] {logging_mixin.py:150} INFO - [2023-07-19T12:54:13.966+0000] {manager.py:504} INFO - Created Permission View: can edit on DAG:example_short_circuit_operator
[2023-07-19T12:54:13.983+0000] {logging_mixin.py:150} INFO - [2023-07-19T12:54:13.982+0000] {manager.py:504} INFO - Created Permission View: can read on DAG:example_short_circuit_operator
[2023-07-19T12:54:13.989+0000] {logging_mixin.py:150} INFO - [2023-07-19T12:54:13.989+0000] {manager.py:504} INFO - Created Permission View: can delete on DAG:example_short_circuit_operator
[2023-07-19T12:54:14.005+0000] {logging_mixin.py:150} INFO - [2023-07-19T12:54:14.005+0000] {dag.py:2742} INFO - Sync 1 DAGs
[2023-07-19T12:54:14.019+0000] {logging_mixin.py:150} INFO - [2023-07-19T12:54:14.019+0000] {dag.py:2763} INFO - Creating ORM DAG for example_short_circuit_operator
[2023-07-19T12:54:14.032+0000] {logging_mixin.py:150} INFO - [2023-07-19T12:54:14.032+0000] {dag.py:3508} INFO - Setting next_dagrun for example_short_circuit_operator to 2023-07-18T12:54:14.032417+00:00, run_after=2023-07-19T12:54:14.032417+00:00
[2023-07-19T12:54:14.050+0000] {processor.py:179} INFO - Processing /home/airflow/.local/lib/python3.7/site-packages/airflow/example_dags/example_short_circuit_operator.py took 0.388 seconds
[2023-07-19T12:54:44.532+0000] {processor.py:157} INFO - Started process (PID=122) to work on /home/airflow/.local/lib/python3.7/site-packages/airflow/example_dags/example_short_circuit_operator.py
[2023-07-19T12:54:44.533+0000] {processor.py:826} INFO - Processing file /home/airflow/.local/lib/python3.7/site-packages/airflow/example_dags/example_short_circuit_operator.py for tasks to queue
[2023-07-19T12:54:44.534+0000] {logging_mixin.py:150} INFO - [2023-07-19T12:54:44.534+0000] {dagbag.py:541} INFO - Filling up the DagBag from /home/airflow/.local/lib/python3.7/site-packages/airflow/example_dags/example_short_circuit_operator.py
[2023-07-19T12:54:44.542+0000] {processor.py:836} INFO - DAG(s) dict_keys(['example_short_circuit_operator']) retrieved from /home/airflow/.local/lib/python3.7/site-packages/airflow/example_dags/example_short_circuit_operator.py
[2023-07-19T12:54:44.569+0000] {logging_mixin.py:150} INFO - [2023-07-19T12:54:44.568+0000] {dag.py:2742} INFO - Sync 1 DAGs
[2023-07-19T12:54:44.601+0000] {logging_mixin.py:150} INFO - [2023-07-19T12:54:44.601+0000] {dag.py:3508} INFO - Setting next_dagrun for example_short_circuit_operator to 2023-07-18T12:54:44.600804+00:00, run_after=2023-07-19T12:54:44.600804+00:00
[2023-07-19T12:54:44.622+0000] {processor.py:179} INFO - Processing /home/airflow/.local/lib/python3.7/site-packages/airflow/example_dags/example_short_circuit_operator.py took 0.094 seconds
[2023-07-19T12:55:15.598+0000] {processor.py:157} INFO - Started process (PID=200) to work on /home/airflow/.local/lib/python3.7/site-packages/airflow/example_dags/example_short_circuit_operator.py
[2023-07-19T12:55:15.599+0000] {processor.py:826} INFO - Processing file /home/airflow/.local/lib/python3.7/site-packages/airflow/example_dags/example_short_circuit_operator.py for tasks to queue
[2023-07-19T12:55:15.600+0000] {logging_mixin.py:150} INFO - [2023-07-19T12:55:15.600+0000] {dagbag.py:541} INFO - Filling up the DagBag from /home/airflow/.local/lib/python3.7/site-packages/airflow/example_dags/example_short_circuit_operator.py
[2023-07-19T12:55:15.612+0000] {processor.py:836} INFO - DAG(s) dict_keys(['example_short_circuit_operator']) retrieved from /home/airflow/.local/lib/python3.7/site-packages/airflow/example_dags/example_short_circuit_operator.py
[2023-07-19T12:55:15.639+0000] {logging_mixin.py:150} INFO - [2023-07-19T12:55:15.639+0000] {dag.py:2742} INFO - Sync 1 DAGs
[2023-07-19T12:55:15.671+0000] {logging_mixin.py:150} INFO - [2023-07-19T12:55:15.671+0000] {dag.py:3508} INFO - Setting next_dagrun for example_short_circuit_operator to 2023-07-18T12:55:15.670835+00:00, run_after=2023-07-19T12:55:15.670835+00:00
[2023-07-19T12:55:15.689+0000] {processor.py:179} INFO - Processing /home/airflow/.local/lib/python3.7/site-packages/airflow/example_dags/example_short_circuit_operator.py took 0.095 seconds
[2023-07-19T12:55:45.763+0000] {processor.py:157} INFO - Started process (PID=267) to work on /home/airflow/.local/lib/python3.7/site-packages/airflow/example_dags/example_short_circuit_operator.py
[2023-07-19T12:55:45.764+0000] {processor.py:826} INFO - Processing file /home/airflow/.local/lib/python3.7/site-packages/airflow/example_dags/example_short_circuit_operator.py for tasks to queue
[2023-07-19T12:55:45.765+0000] {logging_mixin.py:150} INFO - [2023-07-19T12:55:45.764+0000] {dagbag.py:541} INFO - Filling up the DagBag from /home/airflow/.local/lib/python3.7/site-packages/airflow/example_dags/example_short_circuit_operator.py
[2023-07-19T12:55:45.776+0000] {processor.py:836} INFO - DAG(s) dict_keys(['example_short_circuit_operator']) retrieved from /home/airflow/.local/lib/python3.7/site-packages/airflow/example_dags/example_short_circuit_operator.py
[2023-07-19T12:55:45.806+0000] {logging_mixin.py:150} INFO - [2023-07-19T12:55:45.806+0000] {dag.py:2742} INFO - Sync 1 DAGs
[2023-07-19T12:55:45.832+0000] {logging_mixin.py:150} INFO - [2023-07-19T12:55:45.832+0000] {dag.py:3508} INFO - Setting next_dagrun for example_short_circuit_operator to 2023-07-18T12:55:45.832205+00:00, run_after=2023-07-19T12:55:45.832205+00:00
[2023-07-19T12:55:45.856+0000] {processor.py:179} INFO - Processing /home/airflow/.local/lib/python3.7/site-packages/airflow/example_dags/example_short_circuit_operator.py took 0.097 seconds
[2023-07-19T12:56:16.535+0000] {processor.py:157} INFO - Started process (PID=344) to work on /home/airflow/.local/lib/python3.7/site-packages/airflow/example_dags/example_short_circuit_operator.py
[2023-07-19T12:56:16.536+0000] {processor.py:826} INFO - Processing file /home/airflow/.local/lib/python3.7/site-packages/airflow/example_dags/example_short_circuit_operator.py for tasks to queue
[2023-07-19T12:56:16.537+0000] {logging_mixin.py:150} INFO - [2023-07-19T12:56:16.537+0000] {dagbag.py:541} INFO - Filling up the DagBag from /home/airflow/.local/lib/python3.7/site-packages/airflow/example_dags/example_short_circuit_operator.py
[2023-07-19T12:56:16.547+0000] {processor.py:836} INFO - DAG(s) dict_keys(['example_short_circuit_operator']) retrieved from /home/airflow/.local/lib/python3.7/site-packages/airflow/example_dags/example_short_circuit_operator.py
[2023-07-19T12:56:16.592+0000] {logging_mixin.py:150} INFO - [2023-07-19T12:56:16.592+0000] {dag.py:2742} INFO - Sync 1 DAGs
[2023-07-19T12:56:16.625+0000] {logging_mixin.py:150} INFO - [2023-07-19T12:56:16.625+0000] {dag.py:3508} INFO - Setting next_dagrun for example_short_circuit_operator to 2023-07-18T12:56:16.624649+00:00, run_after=2023-07-19T12:56:16.624649+00:00
[2023-07-19T12:56:16.657+0000] {processor.py:179} INFO - Processing /home/airflow/.local/lib/python3.7/site-packages/airflow/example_dags/example_short_circuit_operator.py took 0.126 seconds
[2023-07-19T12:56:46.959+0000] {processor.py:157} INFO - Started process (PID=412) to work on /home/airflow/.local/lib/python3.7/site-packages/airflow/example_dags/example_short_circuit_operator.py
[2023-07-19T12:56:46.960+0000] {processor.py:826} INFO - Processing file /home/airflow/.local/lib/python3.7/site-packages/airflow/example_dags/example_short_circuit_operator.py for tasks to queue
[2023-07-19T12:56:46.960+0000] {logging_mixin.py:150} INFO - [2023-07-19T12:56:46.960+0000] {dagbag.py:541} INFO - Filling up the DagBag from /home/airflow/.local/lib/python3.7/site-packages/airflow/example_dags/example_short_circuit_operator.py
[2023-07-19T12:56:46.967+0000] {processor.py:836} INFO - DAG(s) dict_keys(['example_short_circuit_operator']) retrieved from /home/airflow/.local/lib/python3.7/site-packages/airflow/example_dags/example_short_circuit_operator.py
[2023-07-19T12:56:46.991+0000] {logging_mixin.py:150} INFO - [2023-07-19T12:56:46.990+0000] {dag.py:2742} INFO - Sync 1 DAGs
[2023-07-19T12:56:47.014+0000] {logging_mixin.py:150} INFO - [2023-07-19T12:56:47.014+0000] {dag.py:3508} INFO - Setting next_dagrun for example_short_circuit_operator to 2023-07-18T12:56:47.013884+00:00, run_after=2023-07-19T12:56:47.013884+00:00
[2023-07-19T12:56:47.032+0000] {processor.py:179} INFO - Processing /home/airflow/.local/lib/python3.7/site-packages/airflow/example_dags/example_short_circuit_operator.py took 0.076 seconds
[2023-07-19T12:57:17.452+0000] {processor.py:157} INFO - Started process (PID=489) to work on /home/airflow/.local/lib/python3.7/site-packages/airflow/example_dags/example_short_circuit_operator.py
[2023-07-19T12:57:17.453+0000] {processor.py:826} INFO - Processing file /home/airflow/.local/lib/python3.7/site-packages/airflow/example_dags/example_short_circuit_operator.py for tasks to queue
[2023-07-19T12:57:17.454+0000] {logging_mixin.py:150} INFO - [2023-07-19T12:57:17.454+0000] {dagbag.py:541} INFO - Filling up the DagBag from /home/airflow/.local/lib/python3.7/site-packages/airflow/example_dags/example_short_circuit_operator.py
[2023-07-19T12:57:17.467+0000] {processor.py:836} INFO - DAG(s) dict_keys(['example_short_circuit_operator']) retrieved from /home/airflow/.local/lib/python3.7/site-packages/airflow/example_dags/example_short_circuit_operator.py
[2023-07-19T12:57:17.498+0000] {logging_mixin.py:150} INFO - [2023-07-19T12:57:17.497+0000] {dag.py:2742} INFO - Sync 1 DAGs
[2023-07-19T12:57:17.527+0000] {logging_mixin.py:150} INFO - [2023-07-19T12:57:17.527+0000] {dag.py:3508} INFO - Setting next_dagrun for example_short_circuit_operator to 2023-07-18T12:57:17.527179+00:00, run_after=2023-07-19T12:57:17.527179+00:00
[2023-07-19T12:57:17.550+0000] {processor.py:179} INFO - Processing /home/airflow/.local/lib/python3.7/site-packages/airflow/example_dags/example_short_circuit_operator.py took 0.105 seconds
[2023-07-19T12:57:47.777+0000] {processor.py:157} INFO - Started process (PID=557) to work on /home/airflow/.local/lib/python3.7/site-packages/airflow/example_dags/example_short_circuit_operator.py
[2023-07-19T12:57:47.778+0000] {processor.py:826} INFO - Processing file /home/airflow/.local/lib/python3.7/site-packages/airflow/example_dags/example_short_circuit_operator.py for tasks to queue
[2023-07-19T12:57:47.779+0000] {logging_mixin.py:150} INFO - [2023-07-19T12:57:47.779+0000] {dagbag.py:541} INFO - Filling up the DagBag from /home/airflow/.local/lib/python3.7/site-packages/airflow/example_dags/example_short_circuit_operator.py
[2023-07-19T12:57:47.787+0000] {processor.py:836} INFO - DAG(s) dict_keys(['example_short_circuit_operator']) retrieved from /home/airflow/.local/lib/python3.7/site-packages/airflow/example_dags/example_short_circuit_operator.py
[2023-07-19T12:57:47.813+0000] {logging_mixin.py:150} INFO - [2023-07-19T12:57:47.813+0000] {dag.py:2742} INFO - Sync 1 DAGs
[2023-07-19T12:57:47.837+0000] {logging_mixin.py:150} INFO - [2023-07-19T12:57:47.837+0000] {dag.py:3508} INFO - Setting next_dagrun for example_short_circuit_operator to 2023-07-18T12:57:47.836845+00:00, run_after=2023-07-19T12:57:47.836845+00:00
[2023-07-19T12:57:47.852+0000] {processor.py:179} INFO - Processing /home/airflow/.local/lib/python3.7/site-packages/airflow/example_dags/example_short_circuit_operator.py took 0.078 seconds
[2023-07-19T12:58:18.547+0000] {processor.py:157} INFO - Started process (PID=625) to work on /home/airflow/.local/lib/python3.7/site-packages/airflow/example_dags/example_short_circuit_operator.py
[2023-07-19T12:58:18.549+0000] {processor.py:826} INFO - Processing file /home/airflow/.local/lib/python3.7/site-packages/airflow/example_dags/example_short_circuit_operator.py for tasks to queue
[2023-07-19T12:58:18.550+0000] {logging_mixin.py:150} INFO - [2023-07-19T12:58:18.550+0000] {dagbag.py:541} INFO - Filling up the DagBag from /home/airflow/.local/lib/python3.7/site-packages/airflow/example_dags/example_short_circuit_operator.py
[2023-07-19T12:58:18.559+0000] {processor.py:836} INFO - DAG(s) dict_keys(['example_short_circuit_operator']) retrieved from /home/airflow/.local/lib/python3.7/site-packages/airflow/example_dags/example_short_circuit_operator.py
[2023-07-19T12:58:18.586+0000] {logging_mixin.py:150} INFO - [2023-07-19T12:58:18.586+0000] {dag.py:2742} INFO - Sync 1 DAGs
[2023-07-19T12:58:18.616+0000] {logging_mixin.py:150} INFO - [2023-07-19T12:58:18.616+0000] {dag.py:3508} INFO - Setting next_dagrun for example_short_circuit_operator to 2023-07-18T12:58:18.615868+00:00, run_after=2023-07-19T12:58:18.615868+00:00
[2023-07-19T12:58:18.642+0000] {processor.py:179} INFO - Processing /home/airflow/.local/lib/python3.7/site-packages/airflow/example_dags/example_short_circuit_operator.py took 0.104 seconds
