[2023-07-19T12:54:16.636+0000] {processor.py:157} INFO - Started process (PID=72) to work on /home/airflow/.local/lib/python3.7/site-packages/airflow/example_dags/example_short_circuit_decorator.py
[2023-07-19T12:54:16.637+0000] {processor.py:826} INFO - Processing file /home/airflow/.local/lib/python3.7/site-packages/airflow/example_dags/example_short_circuit_decorator.py for tasks to queue
[2023-07-19T12:54:16.638+0000] {logging_mixin.py:150} INFO - [2023-07-19T12:54:16.637+0000] {dagbag.py:541} INFO - Filling up the DagBag from /home/airflow/.local/lib/python3.7/site-packages/airflow/example_dags/example_short_circuit_decorator.py
[2023-07-19T12:54:16.651+0000] {processor.py:836} INFO - DAG(s) dict_keys(['example_short_circuit_decorator']) retrieved from /home/airflow/.local/lib/python3.7/site-packages/airflow/example_dags/example_short_circuit_decorator.py
[2023-07-19T12:54:16.756+0000] {logging_mixin.py:150} INFO - [2023-07-19T12:54:16.755+0000] {manager.py:504} INFO - Created Permission View: can edit on DAG:example_short_circuit_decorator
[2023-07-19T12:54:16.763+0000] {logging_mixin.py:150} INFO - [2023-07-19T12:54:16.763+0000] {manager.py:504} INFO - Created Permission View: can read on DAG:example_short_circuit_decorator
[2023-07-19T12:54:16.773+0000] {logging_mixin.py:150} INFO - [2023-07-19T12:54:16.773+0000] {manager.py:504} INFO - Created Permission View: can delete on DAG:example_short_circuit_decorator
[2023-07-19T12:54:16.787+0000] {logging_mixin.py:150} INFO - [2023-07-19T12:54:16.787+0000] {dag.py:2742} INFO - Sync 1 DAGs
[2023-07-19T12:54:16.800+0000] {logging_mixin.py:150} INFO - [2023-07-19T12:54:16.800+0000] {dag.py:2763} INFO - Creating ORM DAG for example_short_circuit_decorator
[2023-07-19T12:54:16.809+0000] {logging_mixin.py:150} INFO - [2023-07-19T12:54:16.809+0000] {dag.py:3508} INFO - Setting next_dagrun for example_short_circuit_decorator to 2023-07-18T12:54:16.809566+00:00, run_after=2023-07-19T12:54:16.809566+00:00
[2023-07-19T12:54:16.845+0000] {processor.py:179} INFO - Processing /home/airflow/.local/lib/python3.7/site-packages/airflow/example_dags/example_short_circuit_decorator.py took 0.214 seconds
[2023-07-19T12:54:46.981+0000] {processor.py:157} INFO - Started process (PID=141) to work on /home/airflow/.local/lib/python3.7/site-packages/airflow/example_dags/example_short_circuit_decorator.py
[2023-07-19T12:54:46.983+0000] {processor.py:826} INFO - Processing file /home/airflow/.local/lib/python3.7/site-packages/airflow/example_dags/example_short_circuit_decorator.py for tasks to queue
[2023-07-19T12:54:46.983+0000] {logging_mixin.py:150} INFO - [2023-07-19T12:54:46.983+0000] {dagbag.py:541} INFO - Filling up the DagBag from /home/airflow/.local/lib/python3.7/site-packages/airflow/example_dags/example_short_circuit_decorator.py
[2023-07-19T12:54:46.996+0000] {processor.py:836} INFO - DAG(s) dict_keys(['example_short_circuit_decorator']) retrieved from /home/airflow/.local/lib/python3.7/site-packages/airflow/example_dags/example_short_circuit_decorator.py
[2023-07-19T12:54:47.025+0000] {logging_mixin.py:150} INFO - [2023-07-19T12:54:47.025+0000] {dag.py:2742} INFO - Sync 1 DAGs
[2023-07-19T12:54:47.055+0000] {logging_mixin.py:150} INFO - [2023-07-19T12:54:47.055+0000] {dag.py:3508} INFO - Setting next_dagrun for example_short_circuit_decorator to 2023-07-18T12:54:47.055018+00:00, run_after=2023-07-19T12:54:47.055018+00:00
[2023-07-19T12:54:47.078+0000] {processor.py:179} INFO - Processing /home/airflow/.local/lib/python3.7/site-packages/airflow/example_dags/example_short_circuit_decorator.py took 0.100 seconds
[2023-07-19T12:55:17.822+0000] {processor.py:157} INFO - Started process (PID=219) to work on /home/airflow/.local/lib/python3.7/site-packages/airflow/example_dags/example_short_circuit_decorator.py
[2023-07-19T12:55:17.823+0000] {processor.py:826} INFO - Processing file /home/airflow/.local/lib/python3.7/site-packages/airflow/example_dags/example_short_circuit_decorator.py for tasks to queue
[2023-07-19T12:55:17.824+0000] {logging_mixin.py:150} INFO - [2023-07-19T12:55:17.824+0000] {dagbag.py:541} INFO - Filling up the DagBag from /home/airflow/.local/lib/python3.7/site-packages/airflow/example_dags/example_short_circuit_decorator.py
[2023-07-19T12:55:17.834+0000] {processor.py:836} INFO - DAG(s) dict_keys(['example_short_circuit_decorator']) retrieved from /home/airflow/.local/lib/python3.7/site-packages/airflow/example_dags/example_short_circuit_decorator.py
[2023-07-19T12:55:17.863+0000] {logging_mixin.py:150} INFO - [2023-07-19T12:55:17.863+0000] {dag.py:2742} INFO - Sync 1 DAGs
[2023-07-19T12:55:17.900+0000] {logging_mixin.py:150} INFO - [2023-07-19T12:55:17.900+0000] {dag.py:3508} INFO - Setting next_dagrun for example_short_circuit_decorator to 2023-07-18T12:55:17.899815+00:00, run_after=2023-07-19T12:55:17.899815+00:00
[2023-07-19T12:55:17.914+0000] {processor.py:179} INFO - Processing /home/airflow/.local/lib/python3.7/site-packages/airflow/example_dags/example_short_circuit_decorator.py took 0.097 seconds
[2023-07-19T12:55:48.326+0000] {processor.py:157} INFO - Started process (PID=286) to work on /home/airflow/.local/lib/python3.7/site-packages/airflow/example_dags/example_short_circuit_decorator.py
[2023-07-19T12:55:48.327+0000] {processor.py:826} INFO - Processing file /home/airflow/.local/lib/python3.7/site-packages/airflow/example_dags/example_short_circuit_decorator.py for tasks to queue
[2023-07-19T12:55:48.329+0000] {logging_mixin.py:150} INFO - [2023-07-19T12:55:48.328+0000] {dagbag.py:541} INFO - Filling up the DagBag from /home/airflow/.local/lib/python3.7/site-packages/airflow/example_dags/example_short_circuit_decorator.py
[2023-07-19T12:55:48.345+0000] {processor.py:836} INFO - DAG(s) dict_keys(['example_short_circuit_decorator']) retrieved from /home/airflow/.local/lib/python3.7/site-packages/airflow/example_dags/example_short_circuit_decorator.py
[2023-07-19T12:55:48.389+0000] {logging_mixin.py:150} INFO - [2023-07-19T12:55:48.389+0000] {dag.py:2742} INFO - Sync 1 DAGs
[2023-07-19T12:55:48.413+0000] {logging_mixin.py:150} INFO - [2023-07-19T12:55:48.412+0000] {dag.py:3508} INFO - Setting next_dagrun for example_short_circuit_decorator to 2023-07-18T12:55:48.412704+00:00, run_after=2023-07-19T12:55:48.412704+00:00
[2023-07-19T12:55:48.448+0000] {processor.py:179} INFO - Processing /home/airflow/.local/lib/python3.7/site-packages/airflow/example_dags/example_short_circuit_decorator.py took 0.126 seconds
[2023-07-19T12:56:18.876+0000] {processor.py:157} INFO - Started process (PID=363) to work on /home/airflow/.local/lib/python3.7/site-packages/airflow/example_dags/example_short_circuit_decorator.py
[2023-07-19T12:56:18.877+0000] {processor.py:826} INFO - Processing file /home/airflow/.local/lib/python3.7/site-packages/airflow/example_dags/example_short_circuit_decorator.py for tasks to queue
[2023-07-19T12:56:18.878+0000] {logging_mixin.py:150} INFO - [2023-07-19T12:56:18.877+0000] {dagbag.py:541} INFO - Filling up the DagBag from /home/airflow/.local/lib/python3.7/site-packages/airflow/example_dags/example_short_circuit_decorator.py
[2023-07-19T12:56:18.888+0000] {processor.py:836} INFO - DAG(s) dict_keys(['example_short_circuit_decorator']) retrieved from /home/airflow/.local/lib/python3.7/site-packages/airflow/example_dags/example_short_circuit_decorator.py
[2023-07-19T12:56:18.917+0000] {logging_mixin.py:150} INFO - [2023-07-19T12:56:18.917+0000] {dag.py:2742} INFO - Sync 1 DAGs
[2023-07-19T12:56:18.944+0000] {logging_mixin.py:150} INFO - [2023-07-19T12:56:18.943+0000] {dag.py:3508} INFO - Setting next_dagrun for example_short_circuit_decorator to 2023-07-18T12:56:18.943384+00:00, run_after=2023-07-19T12:56:18.943384+00:00
[2023-07-19T12:56:18.969+0000] {processor.py:179} INFO - Processing /home/airflow/.local/lib/python3.7/site-packages/airflow/example_dags/example_short_circuit_decorator.py took 0.097 seconds
[2023-07-19T12:56:49.203+0000] {processor.py:157} INFO - Started process (PID=431) to work on /home/airflow/.local/lib/python3.7/site-packages/airflow/example_dags/example_short_circuit_decorator.py
[2023-07-19T12:56:49.204+0000] {processor.py:826} INFO - Processing file /home/airflow/.local/lib/python3.7/site-packages/airflow/example_dags/example_short_circuit_decorator.py for tasks to queue
[2023-07-19T12:56:49.205+0000] {logging_mixin.py:150} INFO - [2023-07-19T12:56:49.205+0000] {dagbag.py:541} INFO - Filling up the DagBag from /home/airflow/.local/lib/python3.7/site-packages/airflow/example_dags/example_short_circuit_decorator.py
[2023-07-19T12:56:49.217+0000] {processor.py:836} INFO - DAG(s) dict_keys(['example_short_circuit_decorator']) retrieved from /home/airflow/.local/lib/python3.7/site-packages/airflow/example_dags/example_short_circuit_decorator.py
[2023-07-19T12:56:49.264+0000] {logging_mixin.py:150} INFO - [2023-07-19T12:56:49.263+0000] {dag.py:2742} INFO - Sync 1 DAGs
[2023-07-19T12:56:49.294+0000] {logging_mixin.py:150} INFO - [2023-07-19T12:56:49.294+0000] {dag.py:3508} INFO - Setting next_dagrun for example_short_circuit_decorator to 2023-07-18T12:56:49.293828+00:00, run_after=2023-07-19T12:56:49.293828+00:00
[2023-07-19T12:56:49.315+0000] {processor.py:179} INFO - Processing /home/airflow/.local/lib/python3.7/site-packages/airflow/example_dags/example_short_circuit_decorator.py took 0.115 seconds
[2023-07-19T12:57:20.054+0000] {processor.py:157} INFO - Started process (PID=508) to work on /home/airflow/.local/lib/python3.7/site-packages/airflow/example_dags/example_short_circuit_decorator.py
[2023-07-19T12:57:20.055+0000] {processor.py:826} INFO - Processing file /home/airflow/.local/lib/python3.7/site-packages/airflow/example_dags/example_short_circuit_decorator.py for tasks to queue
[2023-07-19T12:57:20.056+0000] {logging_mixin.py:150} INFO - [2023-07-19T12:57:20.056+0000] {dagbag.py:541} INFO - Filling up the DagBag from /home/airflow/.local/lib/python3.7/site-packages/airflow/example_dags/example_short_circuit_decorator.py
[2023-07-19T12:57:20.067+0000] {processor.py:836} INFO - DAG(s) dict_keys(['example_short_circuit_decorator']) retrieved from /home/airflow/.local/lib/python3.7/site-packages/airflow/example_dags/example_short_circuit_decorator.py
[2023-07-19T12:57:20.097+0000] {logging_mixin.py:150} INFO - [2023-07-19T12:57:20.096+0000] {dag.py:2742} INFO - Sync 1 DAGs
[2023-07-19T12:57:20.128+0000] {logging_mixin.py:150} INFO - [2023-07-19T12:57:20.127+0000] {dag.py:3508} INFO - Setting next_dagrun for example_short_circuit_decorator to 2023-07-18T12:57:20.127472+00:00, run_after=2023-07-19T12:57:20.127472+00:00
[2023-07-19T12:57:20.153+0000] {processor.py:179} INFO - Processing /home/airflow/.local/lib/python3.7/site-packages/airflow/example_dags/example_short_circuit_decorator.py took 0.104 seconds
[2023-07-19T12:57:50.205+0000] {processor.py:157} INFO - Started process (PID=576) to work on /home/airflow/.local/lib/python3.7/site-packages/airflow/example_dags/example_short_circuit_decorator.py
[2023-07-19T12:57:50.206+0000] {processor.py:826} INFO - Processing file /home/airflow/.local/lib/python3.7/site-packages/airflow/example_dags/example_short_circuit_decorator.py for tasks to queue
[2023-07-19T12:57:50.207+0000] {logging_mixin.py:150} INFO - [2023-07-19T12:57:50.206+0000] {dagbag.py:541} INFO - Filling up the DagBag from /home/airflow/.local/lib/python3.7/site-packages/airflow/example_dags/example_short_circuit_decorator.py
[2023-07-19T12:57:50.218+0000] {processor.py:836} INFO - DAG(s) dict_keys(['example_short_circuit_decorator']) retrieved from /home/airflow/.local/lib/python3.7/site-packages/airflow/example_dags/example_short_circuit_decorator.py
[2023-07-19T12:57:50.241+0000] {logging_mixin.py:150} INFO - [2023-07-19T12:57:50.241+0000] {dag.py:2742} INFO - Sync 1 DAGs
[2023-07-19T12:57:50.266+0000] {logging_mixin.py:150} INFO - [2023-07-19T12:57:50.266+0000] {dag.py:3508} INFO - Setting next_dagrun for example_short_circuit_decorator to 2023-07-18T12:57:50.265854+00:00, run_after=2023-07-19T12:57:50.265854+00:00
[2023-07-19T12:57:50.285+0000] {processor.py:179} INFO - Processing /home/airflow/.local/lib/python3.7/site-packages/airflow/example_dags/example_short_circuit_decorator.py took 0.083 seconds
[2023-07-19T12:58:20.871+0000] {processor.py:157} INFO - Started process (PID=653) to work on /home/airflow/.local/lib/python3.7/site-packages/airflow/example_dags/example_short_circuit_decorator.py
[2023-07-19T12:58:20.873+0000] {processor.py:826} INFO - Processing file /home/airflow/.local/lib/python3.7/site-packages/airflow/example_dags/example_short_circuit_decorator.py for tasks to queue
[2023-07-19T12:58:20.874+0000] {logging_mixin.py:150} INFO - [2023-07-19T12:58:20.873+0000] {dagbag.py:541} INFO - Filling up the DagBag from /home/airflow/.local/lib/python3.7/site-packages/airflow/example_dags/example_short_circuit_decorator.py
[2023-07-19T12:58:20.885+0000] {processor.py:836} INFO - DAG(s) dict_keys(['example_short_circuit_decorator']) retrieved from /home/airflow/.local/lib/python3.7/site-packages/airflow/example_dags/example_short_circuit_decorator.py
[2023-07-19T12:58:20.925+0000] {logging_mixin.py:150} INFO - [2023-07-19T12:58:20.924+0000] {dag.py:2742} INFO - Sync 1 DAGs
[2023-07-19T12:58:20.950+0000] {logging_mixin.py:150} INFO - [2023-07-19T12:58:20.950+0000] {dag.py:3508} INFO - Setting next_dagrun for example_short_circuit_decorator to 2023-07-18T12:58:20.949839+00:00, run_after=2023-07-19T12:58:20.949839+00:00
[2023-07-19T12:58:20.979+0000] {processor.py:179} INFO - Processing /home/airflow/.local/lib/python3.7/site-packages/airflow/example_dags/example_short_circuit_decorator.py took 0.113 seconds
