[2023-07-19T12:54:11.324+0000] {processor.py:157} INFO - Started process (PID=45) to work on /home/airflow/.local/lib/python3.7/site-packages/airflow/example_dags/example_kubernetes_executor.py
[2023-07-19T12:54:11.325+0000] {processor.py:826} INFO - Processing file /home/airflow/.local/lib/python3.7/site-packages/airflow/example_dags/example_kubernetes_executor.py for tasks to queue
[2023-07-19T12:54:11.326+0000] {logging_mixin.py:150} INFO - [2023-07-19T12:54:11.326+0000] {dagbag.py:541} INFO - Filling up the DagBag from /home/airflow/.local/lib/python3.7/site-packages/airflow/example_dags/example_kubernetes_executor.py
[2023-07-19T12:54:13.087+0000] {processor.py:836} INFO - DAG(s) dict_keys(['example_kubernetes_executor']) retrieved from /home/airflow/.local/lib/python3.7/site-packages/airflow/example_dags/example_kubernetes_executor.py
[2023-07-19T12:54:13.305+0000] {logging_mixin.py:150} INFO - [2023-07-19T12:54:13.305+0000] {manager.py:504} INFO - Created Permission View: can edit on DAG:example_kubernetes_executor
[2023-07-19T12:54:13.314+0000] {logging_mixin.py:150} INFO - [2023-07-19T12:54:13.314+0000] {manager.py:504} INFO - Created Permission View: can read on DAG:example_kubernetes_executor
[2023-07-19T12:54:13.319+0000] {logging_mixin.py:150} INFO - [2023-07-19T12:54:13.319+0000] {manager.py:504} INFO - Created Permission View: can delete on DAG:example_kubernetes_executor
[2023-07-19T12:54:13.350+0000] {logging_mixin.py:150} INFO - [2023-07-19T12:54:13.350+0000] {dag.py:2742} INFO - Sync 1 DAGs
[2023-07-19T12:54:13.370+0000] {logging_mixin.py:150} INFO - [2023-07-19T12:54:13.370+0000] {dag.py:2763} INFO - Creating ORM DAG for example_kubernetes_executor
[2023-07-19T12:54:13.383+0000] {logging_mixin.py:150} INFO - [2023-07-19T12:54:13.383+0000] {dag.py:3508} INFO - Setting next_dagrun for example_kubernetes_executor to None, run_after=None
[2023-07-19T12:54:13.406+0000] {processor.py:179} INFO - Processing /home/airflow/.local/lib/python3.7/site-packages/airflow/example_dags/example_kubernetes_executor.py took 2.099 seconds
[2023-07-19T12:54:43.991+0000] {processor.py:157} INFO - Started process (PID=118) to work on /home/airflow/.local/lib/python3.7/site-packages/airflow/example_dags/example_kubernetes_executor.py
[2023-07-19T12:54:43.992+0000] {processor.py:826} INFO - Processing file /home/airflow/.local/lib/python3.7/site-packages/airflow/example_dags/example_kubernetes_executor.py for tasks to queue
[2023-07-19T12:54:43.993+0000] {logging_mixin.py:150} INFO - [2023-07-19T12:54:43.992+0000] {dagbag.py:541} INFO - Filling up the DagBag from /home/airflow/.local/lib/python3.7/site-packages/airflow/example_dags/example_kubernetes_executor.py
[2023-07-19T12:54:44.228+0000] {processor.py:836} INFO - DAG(s) dict_keys(['example_kubernetes_executor']) retrieved from /home/airflow/.local/lib/python3.7/site-packages/airflow/example_dags/example_kubernetes_executor.py
[2023-07-19T12:54:44.278+0000] {logging_mixin.py:150} INFO - [2023-07-19T12:54:44.278+0000] {dag.py:2742} INFO - Sync 1 DAGs
[2023-07-19T12:54:44.319+0000] {logging_mixin.py:150} INFO - [2023-07-19T12:54:44.318+0000] {dag.py:3508} INFO - Setting next_dagrun for example_kubernetes_executor to None, run_after=None
[2023-07-19T12:54:44.339+0000] {processor.py:179} INFO - Processing /home/airflow/.local/lib/python3.7/site-packages/airflow/example_dags/example_kubernetes_executor.py took 0.351 seconds
[2023-07-19T12:55:15.315+0000] {processor.py:157} INFO - Started process (PID=197) to work on /home/airflow/.local/lib/python3.7/site-packages/airflow/example_dags/example_kubernetes_executor.py
[2023-07-19T12:55:15.316+0000] {processor.py:826} INFO - Processing file /home/airflow/.local/lib/python3.7/site-packages/airflow/example_dags/example_kubernetes_executor.py for tasks to queue
[2023-07-19T12:55:15.317+0000] {logging_mixin.py:150} INFO - [2023-07-19T12:55:15.316+0000] {dagbag.py:541} INFO - Filling up the DagBag from /home/airflow/.local/lib/python3.7/site-packages/airflow/example_dags/example_kubernetes_executor.py
[2023-07-19T12:55:15.530+0000] {processor.py:836} INFO - DAG(s) dict_keys(['example_kubernetes_executor']) retrieved from /home/airflow/.local/lib/python3.7/site-packages/airflow/example_dags/example_kubernetes_executor.py
[2023-07-19T12:55:15.561+0000] {logging_mixin.py:150} INFO - [2023-07-19T12:55:15.561+0000] {dag.py:2742} INFO - Sync 1 DAGs
[2023-07-19T12:55:15.582+0000] {logging_mixin.py:150} INFO - [2023-07-19T12:55:15.582+0000] {dag.py:3508} INFO - Setting next_dagrun for example_kubernetes_executor to None, run_after=None
[2023-07-19T12:55:15.607+0000] {processor.py:179} INFO - Processing /home/airflow/.local/lib/python3.7/site-packages/airflow/example_dags/example_kubernetes_executor.py took 0.296 seconds
[2023-07-19T12:55:45.718+0000] {processor.py:157} INFO - Started process (PID=266) to work on /home/airflow/.local/lib/python3.7/site-packages/airflow/example_dags/example_kubernetes_executor.py
[2023-07-19T12:55:45.720+0000] {processor.py:826} INFO - Processing file /home/airflow/.local/lib/python3.7/site-packages/airflow/example_dags/example_kubernetes_executor.py for tasks to queue
[2023-07-19T12:55:45.721+0000] {logging_mixin.py:150} INFO - [2023-07-19T12:55:45.720+0000] {dagbag.py:541} INFO - Filling up the DagBag from /home/airflow/.local/lib/python3.7/site-packages/airflow/example_dags/example_kubernetes_executor.py
[2023-07-19T12:55:45.946+0000] {processor.py:836} INFO - DAG(s) dict_keys(['example_kubernetes_executor']) retrieved from /home/airflow/.local/lib/python3.7/site-packages/airflow/example_dags/example_kubernetes_executor.py
[2023-07-19T12:55:45.988+0000] {logging_mixin.py:150} INFO - [2023-07-19T12:55:45.988+0000] {dag.py:2742} INFO - Sync 1 DAGs
[2023-07-19T12:55:46.032+0000] {logging_mixin.py:150} INFO - [2023-07-19T12:55:46.032+0000] {dag.py:3508} INFO - Setting next_dagrun for example_kubernetes_executor to None, run_after=None
[2023-07-19T12:55:46.051+0000] {processor.py:179} INFO - Processing /home/airflow/.local/lib/python3.7/site-packages/airflow/example_dags/example_kubernetes_executor.py took 0.337 seconds
[2023-07-19T12:56:16.193+0000] {processor.py:157} INFO - Started process (PID=341) to work on /home/airflow/.local/lib/python3.7/site-packages/airflow/example_dags/example_kubernetes_executor.py
[2023-07-19T12:56:16.194+0000] {processor.py:826} INFO - Processing file /home/airflow/.local/lib/python3.7/site-packages/airflow/example_dags/example_kubernetes_executor.py for tasks to queue
[2023-07-19T12:56:16.195+0000] {logging_mixin.py:150} INFO - [2023-07-19T12:56:16.195+0000] {dagbag.py:541} INFO - Filling up the DagBag from /home/airflow/.local/lib/python3.7/site-packages/airflow/example_dags/example_kubernetes_executor.py
[2023-07-19T12:56:16.454+0000] {processor.py:836} INFO - DAG(s) dict_keys(['example_kubernetes_executor']) retrieved from /home/airflow/.local/lib/python3.7/site-packages/airflow/example_dags/example_kubernetes_executor.py
[2023-07-19T12:56:16.506+0000] {logging_mixin.py:150} INFO - [2023-07-19T12:56:16.506+0000] {dag.py:2742} INFO - Sync 1 DAGs
[2023-07-19T12:56:16.540+0000] {logging_mixin.py:150} INFO - [2023-07-19T12:56:16.539+0000] {dag.py:3508} INFO - Setting next_dagrun for example_kubernetes_executor to None, run_after=None
[2023-07-19T12:56:16.572+0000] {processor.py:179} INFO - Processing /home/airflow/.local/lib/python3.7/site-packages/airflow/example_dags/example_kubernetes_executor.py took 0.383 seconds
[2023-07-19T12:56:46.674+0000] {processor.py:157} INFO - Started process (PID=409) to work on /home/airflow/.local/lib/python3.7/site-packages/airflow/example_dags/example_kubernetes_executor.py
[2023-07-19T12:56:46.675+0000] {processor.py:826} INFO - Processing file /home/airflow/.local/lib/python3.7/site-packages/airflow/example_dags/example_kubernetes_executor.py for tasks to queue
[2023-07-19T12:56:46.678+0000] {logging_mixin.py:150} INFO - [2023-07-19T12:56:46.677+0000] {dagbag.py:541} INFO - Filling up the DagBag from /home/airflow/.local/lib/python3.7/site-packages/airflow/example_dags/example_kubernetes_executor.py
[2023-07-19T12:56:46.889+0000] {processor.py:836} INFO - DAG(s) dict_keys(['example_kubernetes_executor']) retrieved from /home/airflow/.local/lib/python3.7/site-packages/airflow/example_dags/example_kubernetes_executor.py
[2023-07-19T12:56:46.929+0000] {logging_mixin.py:150} INFO - [2023-07-19T12:56:46.929+0000] {dag.py:2742} INFO - Sync 1 DAGs
[2023-07-19T12:56:46.954+0000] {logging_mixin.py:150} INFO - [2023-07-19T12:56:46.954+0000] {dag.py:3508} INFO - Setting next_dagrun for example_kubernetes_executor to None, run_after=None
[2023-07-19T12:56:46.968+0000] {processor.py:179} INFO - Processing /home/airflow/.local/lib/python3.7/site-packages/airflow/example_dags/example_kubernetes_executor.py took 0.298 seconds
[2023-07-19T12:57:17.029+0000] {processor.py:157} INFO - Started process (PID=486) to work on /home/airflow/.local/lib/python3.7/site-packages/airflow/example_dags/example_kubernetes_executor.py
[2023-07-19T12:57:17.030+0000] {processor.py:826} INFO - Processing file /home/airflow/.local/lib/python3.7/site-packages/airflow/example_dags/example_kubernetes_executor.py for tasks to queue
[2023-07-19T12:57:17.031+0000] {logging_mixin.py:150} INFO - [2023-07-19T12:57:17.031+0000] {dagbag.py:541} INFO - Filling up the DagBag from /home/airflow/.local/lib/python3.7/site-packages/airflow/example_dags/example_kubernetes_executor.py
[2023-07-19T12:57:17.274+0000] {processor.py:836} INFO - DAG(s) dict_keys(['example_kubernetes_executor']) retrieved from /home/airflow/.local/lib/python3.7/site-packages/airflow/example_dags/example_kubernetes_executor.py
[2023-07-19T12:57:17.342+0000] {logging_mixin.py:150} INFO - [2023-07-19T12:57:17.342+0000] {dag.py:2742} INFO - Sync 1 DAGs
[2023-07-19T12:57:17.387+0000] {logging_mixin.py:150} INFO - [2023-07-19T12:57:17.387+0000] {dag.py:3508} INFO - Setting next_dagrun for example_kubernetes_executor to None, run_after=None
[2023-07-19T12:57:17.414+0000] {processor.py:179} INFO - Processing /home/airflow/.local/lib/python3.7/site-packages/airflow/example_dags/example_kubernetes_executor.py took 0.390 seconds
[2023-07-19T12:57:47.460+0000] {processor.py:157} INFO - Started process (PID=555) to work on /home/airflow/.local/lib/python3.7/site-packages/airflow/example_dags/example_kubernetes_executor.py
[2023-07-19T12:57:47.462+0000] {processor.py:826} INFO - Processing file /home/airflow/.local/lib/python3.7/site-packages/airflow/example_dags/example_kubernetes_executor.py for tasks to queue
[2023-07-19T12:57:47.465+0000] {logging_mixin.py:150} INFO - [2023-07-19T12:57:47.463+0000] {dagbag.py:541} INFO - Filling up the DagBag from /home/airflow/.local/lib/python3.7/site-packages/airflow/example_dags/example_kubernetes_executor.py
[2023-07-19T12:57:47.645+0000] {processor.py:836} INFO - DAG(s) dict_keys(['example_kubernetes_executor']) retrieved from /home/airflow/.local/lib/python3.7/site-packages/airflow/example_dags/example_kubernetes_executor.py
[2023-07-19T12:57:47.712+0000] {logging_mixin.py:150} INFO - [2023-07-19T12:57:47.712+0000] {dag.py:2742} INFO - Sync 1 DAGs
[2023-07-19T12:57:47.737+0000] {logging_mixin.py:150} INFO - [2023-07-19T12:57:47.737+0000] {dag.py:3508} INFO - Setting next_dagrun for example_kubernetes_executor to None, run_after=None
[2023-07-19T12:57:47.752+0000] {processor.py:179} INFO - Processing /home/airflow/.local/lib/python3.7/site-packages/airflow/example_dags/example_kubernetes_executor.py took 0.296 seconds
[2023-07-19T12:58:18.284+0000] {processor.py:157} INFO - Started process (PID=622) to work on /home/airflow/.local/lib/python3.7/site-packages/airflow/example_dags/example_kubernetes_executor.py
[2023-07-19T12:58:18.285+0000] {processor.py:826} INFO - Processing file /home/airflow/.local/lib/python3.7/site-packages/airflow/example_dags/example_kubernetes_executor.py for tasks to queue
[2023-07-19T12:58:18.286+0000] {logging_mixin.py:150} INFO - [2023-07-19T12:58:18.286+0000] {dagbag.py:541} INFO - Filling up the DagBag from /home/airflow/.local/lib/python3.7/site-packages/airflow/example_dags/example_kubernetes_executor.py
[2023-07-19T12:58:18.494+0000] {processor.py:836} INFO - DAG(s) dict_keys(['example_kubernetes_executor']) retrieved from /home/airflow/.local/lib/python3.7/site-packages/airflow/example_dags/example_kubernetes_executor.py
[2023-07-19T12:58:18.535+0000] {logging_mixin.py:150} INFO - [2023-07-19T12:58:18.534+0000] {dag.py:2742} INFO - Sync 1 DAGs
[2023-07-19T12:58:18.564+0000] {logging_mixin.py:150} INFO - [2023-07-19T12:58:18.564+0000] {dag.py:3508} INFO - Setting next_dagrun for example_kubernetes_executor to None, run_after=None
[2023-07-19T12:58:18.584+0000] {processor.py:179} INFO - Processing /home/airflow/.local/lib/python3.7/site-packages/airflow/example_dags/example_kubernetes_executor.py took 0.302 seconds
