[2023-07-19T12:54:16.832+0000] {processor.py:157} INFO - Started process (PID=73) to work on /home/airflow/.local/lib/python3.7/site-packages/airflow/example_dags/example_xcomargs.py
[2023-07-19T12:54:16.833+0000] {processor.py:826} INFO - Processing file /home/airflow/.local/lib/python3.7/site-packages/airflow/example_dags/example_xcomargs.py for tasks to queue
[2023-07-19T12:54:16.834+0000] {logging_mixin.py:150} INFO - [2023-07-19T12:54:16.833+0000] {dagbag.py:541} INFO - Filling up the DagBag from /home/airflow/.local/lib/python3.7/site-packages/airflow/example_dags/example_xcomargs.py
[2023-07-19T12:54:16.850+0000] {processor.py:836} INFO - DAG(s) dict_keys(['example_xcom_args_with_operators', 'example_xcom_args']) retrieved from /home/airflow/.local/lib/python3.7/site-packages/airflow/example_dags/example_xcomargs.py
[2023-07-19T12:54:16.962+0000] {logging_mixin.py:150} INFO - [2023-07-19T12:54:16.962+0000] {manager.py:504} INFO - Created Permission View: can edit on DAG:example_xcom_args_with_operators
[2023-07-19T12:54:16.972+0000] {logging_mixin.py:150} INFO - [2023-07-19T12:54:16.972+0000] {manager.py:504} INFO - Created Permission View: can read on DAG:example_xcom_args_with_operators
[2023-07-19T12:54:16.978+0000] {logging_mixin.py:150} INFO - [2023-07-19T12:54:16.978+0000] {manager.py:504} INFO - Created Permission View: can delete on DAG:example_xcom_args_with_operators
[2023-07-19T12:54:17.004+0000] {logging_mixin.py:150} INFO - [2023-07-19T12:54:17.004+0000] {manager.py:504} INFO - Created Permission View: can edit on DAG:example_xcom_args
[2023-07-19T12:54:17.009+0000] {logging_mixin.py:150} INFO - [2023-07-19T12:54:17.009+0000] {manager.py:504} INFO - Created Permission View: can read on DAG:example_xcom_args
[2023-07-19T12:54:17.014+0000] {logging_mixin.py:150} INFO - [2023-07-19T12:54:17.014+0000] {manager.py:504} INFO - Created Permission View: can delete on DAG:example_xcom_args
[2023-07-19T12:54:17.019+0000] {logging_mixin.py:150} INFO - [2023-07-19T12:54:17.019+0000] {dag.py:2742} INFO - Sync 2 DAGs
[2023-07-19T12:54:17.030+0000] {logging_mixin.py:150} INFO - [2023-07-19T12:54:17.029+0000] {dag.py:2763} INFO - Creating ORM DAG for example_xcom_args
[2023-07-19T12:54:17.030+0000] {logging_mixin.py:150} INFO - [2023-07-19T12:54:17.030+0000] {dag.py:2763} INFO - Creating ORM DAG for example_xcom_args_with_operators
[2023-07-19T12:54:17.040+0000] {logging_mixin.py:150} INFO - [2023-07-19T12:54:17.039+0000] {dag.py:3508} INFO - Setting next_dagrun for example_xcom_args to None, run_after=None
[2023-07-19T12:54:17.040+0000] {logging_mixin.py:150} INFO - [2023-07-19T12:54:17.040+0000] {dag.py:3508} INFO - Setting next_dagrun for example_xcom_args_with_operators to None, run_after=None
[2023-07-19T12:54:17.057+0000] {processor.py:179} INFO - Processing /home/airflow/.local/lib/python3.7/site-packages/airflow/example_dags/example_xcomargs.py took 0.229 seconds
[2023-07-19T12:54:47.096+0000] {processor.py:157} INFO - Started process (PID=142) to work on /home/airflow/.local/lib/python3.7/site-packages/airflow/example_dags/example_xcomargs.py
[2023-07-19T12:54:47.097+0000] {processor.py:826} INFO - Processing file /home/airflow/.local/lib/python3.7/site-packages/airflow/example_dags/example_xcomargs.py for tasks to queue
[2023-07-19T12:54:47.098+0000] {logging_mixin.py:150} INFO - [2023-07-19T12:54:47.098+0000] {dagbag.py:541} INFO - Filling up the DagBag from /home/airflow/.local/lib/python3.7/site-packages/airflow/example_dags/example_xcomargs.py
[2023-07-19T12:54:47.107+0000] {processor.py:836} INFO - DAG(s) dict_keys(['example_xcom_args', 'example_xcom_args_with_operators']) retrieved from /home/airflow/.local/lib/python3.7/site-packages/airflow/example_dags/example_xcomargs.py
[2023-07-19T12:54:47.148+0000] {logging_mixin.py:150} INFO - [2023-07-19T12:54:47.147+0000] {dag.py:2742} INFO - Sync 2 DAGs
[2023-07-19T12:54:47.204+0000] {logging_mixin.py:150} INFO - [2023-07-19T12:54:47.203+0000] {dag.py:3508} INFO - Setting next_dagrun for example_xcom_args to None, run_after=None
[2023-07-19T12:54:47.210+0000] {logging_mixin.py:150} INFO - [2023-07-19T12:54:47.210+0000] {dag.py:3508} INFO - Setting next_dagrun for example_xcom_args_with_operators to None, run_after=None
[2023-07-19T12:54:47.234+0000] {processor.py:179} INFO - Processing /home/airflow/.local/lib/python3.7/site-packages/airflow/example_dags/example_xcomargs.py took 0.143 seconds
[2023-07-19T12:55:17.843+0000] {processor.py:157} INFO - Started process (PID=220) to work on /home/airflow/.local/lib/python3.7/site-packages/airflow/example_dags/example_xcomargs.py
[2023-07-19T12:55:17.844+0000] {processor.py:826} INFO - Processing file /home/airflow/.local/lib/python3.7/site-packages/airflow/example_dags/example_xcomargs.py for tasks to queue
[2023-07-19T12:55:17.845+0000] {logging_mixin.py:150} INFO - [2023-07-19T12:55:17.844+0000] {dagbag.py:541} INFO - Filling up the DagBag from /home/airflow/.local/lib/python3.7/site-packages/airflow/example_dags/example_xcomargs.py
[2023-07-19T12:55:17.853+0000] {processor.py:836} INFO - DAG(s) dict_keys(['example_xcom_args_with_operators', 'example_xcom_args']) retrieved from /home/airflow/.local/lib/python3.7/site-packages/airflow/example_dags/example_xcomargs.py
[2023-07-19T12:55:17.883+0000] {logging_mixin.py:150} INFO - [2023-07-19T12:55:17.883+0000] {dag.py:2742} INFO - Sync 2 DAGs
[2023-07-19T12:55:17.907+0000] {logging_mixin.py:150} INFO - [2023-07-19T12:55:17.907+0000] {dag.py:3508} INFO - Setting next_dagrun for example_xcom_args to None, run_after=None
[2023-07-19T12:55:17.909+0000] {logging_mixin.py:150} INFO - [2023-07-19T12:55:17.909+0000] {dag.py:3508} INFO - Setting next_dagrun for example_xcom_args_with_operators to None, run_after=None
[2023-07-19T12:55:17.926+0000] {processor.py:179} INFO - Processing /home/airflow/.local/lib/python3.7/site-packages/airflow/example_dags/example_xcomargs.py took 0.087 seconds
[2023-07-19T12:55:48.410+0000] {processor.py:157} INFO - Started process (PID=287) to work on /home/airflow/.local/lib/python3.7/site-packages/airflow/example_dags/example_xcomargs.py
[2023-07-19T12:55:48.411+0000] {processor.py:826} INFO - Processing file /home/airflow/.local/lib/python3.7/site-packages/airflow/example_dags/example_xcomargs.py for tasks to queue
[2023-07-19T12:55:48.412+0000] {logging_mixin.py:150} INFO - [2023-07-19T12:55:48.412+0000] {dagbag.py:541} INFO - Filling up the DagBag from /home/airflow/.local/lib/python3.7/site-packages/airflow/example_dags/example_xcomargs.py
[2023-07-19T12:55:48.428+0000] {processor.py:836} INFO - DAG(s) dict_keys(['example_xcom_args_with_operators', 'example_xcom_args']) retrieved from /home/airflow/.local/lib/python3.7/site-packages/airflow/example_dags/example_xcomargs.py
[2023-07-19T12:55:48.467+0000] {logging_mixin.py:150} INFO - [2023-07-19T12:55:48.466+0000] {dag.py:2742} INFO - Sync 2 DAGs
[2023-07-19T12:55:48.503+0000] {logging_mixin.py:150} INFO - [2023-07-19T12:55:48.502+0000] {dag.py:3508} INFO - Setting next_dagrun for example_xcom_args to None, run_after=None
[2023-07-19T12:55:48.507+0000] {logging_mixin.py:150} INFO - [2023-07-19T12:55:48.507+0000] {dag.py:3508} INFO - Setting next_dagrun for example_xcom_args_with_operators to None, run_after=None
[2023-07-19T12:55:48.524+0000] {processor.py:179} INFO - Processing /home/airflow/.local/lib/python3.7/site-packages/airflow/example_dags/example_xcomargs.py took 0.120 seconds
[2023-07-19T12:56:18.961+0000] {processor.py:157} INFO - Started process (PID=364) to work on /home/airflow/.local/lib/python3.7/site-packages/airflow/example_dags/example_xcomargs.py
[2023-07-19T12:56:18.962+0000] {processor.py:826} INFO - Processing file /home/airflow/.local/lib/python3.7/site-packages/airflow/example_dags/example_xcomargs.py for tasks to queue
[2023-07-19T12:56:18.963+0000] {logging_mixin.py:150} INFO - [2023-07-19T12:56:18.963+0000] {dagbag.py:541} INFO - Filling up the DagBag from /home/airflow/.local/lib/python3.7/site-packages/airflow/example_dags/example_xcomargs.py
[2023-07-19T12:56:18.976+0000] {processor.py:836} INFO - DAG(s) dict_keys(['example_xcom_args_with_operators', 'example_xcom_args']) retrieved from /home/airflow/.local/lib/python3.7/site-packages/airflow/example_dags/example_xcomargs.py
[2023-07-19T12:56:19.006+0000] {logging_mixin.py:150} INFO - [2023-07-19T12:56:19.005+0000] {dag.py:2742} INFO - Sync 2 DAGs
[2023-07-19T12:56:19.033+0000] {logging_mixin.py:150} INFO - [2023-07-19T12:56:19.032+0000] {dag.py:3508} INFO - Setting next_dagrun for example_xcom_args to None, run_after=None
[2023-07-19T12:56:19.036+0000] {logging_mixin.py:150} INFO - [2023-07-19T12:56:19.035+0000] {dag.py:3508} INFO - Setting next_dagrun for example_xcom_args_with_operators to None, run_after=None
[2023-07-19T12:56:19.057+0000] {processor.py:179} INFO - Processing /home/airflow/.local/lib/python3.7/site-packages/airflow/example_dags/example_xcomargs.py took 0.099 seconds
[2023-07-19T12:56:49.294+0000] {processor.py:157} INFO - Started process (PID=432) to work on /home/airflow/.local/lib/python3.7/site-packages/airflow/example_dags/example_xcomargs.py
[2023-07-19T12:56:49.295+0000] {processor.py:826} INFO - Processing file /home/airflow/.local/lib/python3.7/site-packages/airflow/example_dags/example_xcomargs.py for tasks to queue
[2023-07-19T12:56:49.297+0000] {logging_mixin.py:150} INFO - [2023-07-19T12:56:49.297+0000] {dagbag.py:541} INFO - Filling up the DagBag from /home/airflow/.local/lib/python3.7/site-packages/airflow/example_dags/example_xcomargs.py
[2023-07-19T12:56:49.307+0000] {processor.py:836} INFO - DAG(s) dict_keys(['example_xcom_args_with_operators', 'example_xcom_args']) retrieved from /home/airflow/.local/lib/python3.7/site-packages/airflow/example_dags/example_xcomargs.py
[2023-07-19T12:56:49.337+0000] {logging_mixin.py:150} INFO - [2023-07-19T12:56:49.337+0000] {dag.py:2742} INFO - Sync 2 DAGs
[2023-07-19T12:56:49.367+0000] {logging_mixin.py:150} INFO - [2023-07-19T12:56:49.367+0000] {dag.py:3508} INFO - Setting next_dagrun for example_xcom_args to None, run_after=None
[2023-07-19T12:56:49.370+0000] {logging_mixin.py:150} INFO - [2023-07-19T12:56:49.370+0000] {dag.py:3508} INFO - Setting next_dagrun for example_xcom_args_with_operators to None, run_after=None
[2023-07-19T12:56:49.386+0000] {processor.py:179} INFO - Processing /home/airflow/.local/lib/python3.7/site-packages/airflow/example_dags/example_xcomargs.py took 0.095 seconds
[2023-07-19T12:57:20.113+0000] {processor.py:157} INFO - Started process (PID=509) to work on /home/airflow/.local/lib/python3.7/site-packages/airflow/example_dags/example_xcomargs.py
[2023-07-19T12:57:20.114+0000] {processor.py:826} INFO - Processing file /home/airflow/.local/lib/python3.7/site-packages/airflow/example_dags/example_xcomargs.py for tasks to queue
[2023-07-19T12:57:20.115+0000] {logging_mixin.py:150} INFO - [2023-07-19T12:57:20.115+0000] {dagbag.py:541} INFO - Filling up the DagBag from /home/airflow/.local/lib/python3.7/site-packages/airflow/example_dags/example_xcomargs.py
[2023-07-19T12:57:20.129+0000] {processor.py:836} INFO - DAG(s) dict_keys(['example_xcom_args_with_operators', 'example_xcom_args']) retrieved from /home/airflow/.local/lib/python3.7/site-packages/airflow/example_dags/example_xcomargs.py
[2023-07-19T12:57:20.173+0000] {logging_mixin.py:150} INFO - [2023-07-19T12:57:20.173+0000] {dag.py:2742} INFO - Sync 2 DAGs
[2023-07-19T12:57:20.220+0000] {logging_mixin.py:150} INFO - [2023-07-19T12:57:20.220+0000] {dag.py:3508} INFO - Setting next_dagrun for example_xcom_args to None, run_after=None
[2023-07-19T12:57:20.225+0000] {logging_mixin.py:150} INFO - [2023-07-19T12:57:20.224+0000] {dag.py:3508} INFO - Setting next_dagrun for example_xcom_args_with_operators to None, run_after=None
[2023-07-19T12:57:20.254+0000] {processor.py:179} INFO - Processing /home/airflow/.local/lib/python3.7/site-packages/airflow/example_dags/example_xcomargs.py took 0.145 seconds
[2023-07-19T12:57:50.312+0000] {processor.py:157} INFO - Started process (PID=577) to work on /home/airflow/.local/lib/python3.7/site-packages/airflow/example_dags/example_xcomargs.py
[2023-07-19T12:57:50.315+0000] {processor.py:826} INFO - Processing file /home/airflow/.local/lib/python3.7/site-packages/airflow/example_dags/example_xcomargs.py for tasks to queue
[2023-07-19T12:57:50.317+0000] {logging_mixin.py:150} INFO - [2023-07-19T12:57:50.316+0000] {dagbag.py:541} INFO - Filling up the DagBag from /home/airflow/.local/lib/python3.7/site-packages/airflow/example_dags/example_xcomargs.py
[2023-07-19T12:57:50.334+0000] {processor.py:836} INFO - DAG(s) dict_keys(['example_xcom_args', 'example_xcom_args_with_operators']) retrieved from /home/airflow/.local/lib/python3.7/site-packages/airflow/example_dags/example_xcomargs.py
[2023-07-19T12:57:50.380+0000] {logging_mixin.py:150} INFO - [2023-07-19T12:57:50.379+0000] {dag.py:2742} INFO - Sync 2 DAGs
[2023-07-19T12:57:50.404+0000] {logging_mixin.py:150} INFO - [2023-07-19T12:57:50.404+0000] {dag.py:3508} INFO - Setting next_dagrun for example_xcom_args to None, run_after=None
[2023-07-19T12:57:50.407+0000] {logging_mixin.py:150} INFO - [2023-07-19T12:57:50.407+0000] {dag.py:3508} INFO - Setting next_dagrun for example_xcom_args_with_operators to None, run_after=None
[2023-07-19T12:57:50.420+0000] {processor.py:179} INFO - Processing /home/airflow/.local/lib/python3.7/site-packages/airflow/example_dags/example_xcomargs.py took 0.117 seconds
[2023-07-19T12:58:20.955+0000] {processor.py:157} INFO - Started process (PID=654) to work on /home/airflow/.local/lib/python3.7/site-packages/airflow/example_dags/example_xcomargs.py
[2023-07-19T12:58:20.956+0000] {processor.py:826} INFO - Processing file /home/airflow/.local/lib/python3.7/site-packages/airflow/example_dags/example_xcomargs.py for tasks to queue
[2023-07-19T12:58:20.957+0000] {logging_mixin.py:150} INFO - [2023-07-19T12:58:20.956+0000] {dagbag.py:541} INFO - Filling up the DagBag from /home/airflow/.local/lib/python3.7/site-packages/airflow/example_dags/example_xcomargs.py
[2023-07-19T12:58:20.967+0000] {processor.py:836} INFO - DAG(s) dict_keys(['example_xcom_args', 'example_xcom_args_with_operators']) retrieved from /home/airflow/.local/lib/python3.7/site-packages/airflow/example_dags/example_xcomargs.py
[2023-07-19T12:58:21.005+0000] {logging_mixin.py:150} INFO - [2023-07-19T12:58:21.004+0000] {dag.py:2742} INFO - Sync 2 DAGs
[2023-07-19T12:58:21.033+0000] {logging_mixin.py:150} INFO - [2023-07-19T12:58:21.033+0000] {dag.py:3508} INFO - Setting next_dagrun for example_xcom_args to None, run_after=None
[2023-07-19T12:58:21.037+0000] {logging_mixin.py:150} INFO - [2023-07-19T12:58:21.037+0000] {dag.py:3508} INFO - Setting next_dagrun for example_xcom_args_with_operators to None, run_after=None
[2023-07-19T12:58:21.053+0000] {processor.py:179} INFO - Processing /home/airflow/.local/lib/python3.7/site-packages/airflow/example_dags/example_xcomargs.py took 0.101 seconds
