[2023-07-19T12:54:12.549+0000] {processor.py:157} INFO - Started process (PID=49) to work on /home/airflow/.local/lib/python3.7/site-packages/airflow/example_dags/example_nested_branch_dag.py
[2023-07-19T12:54:12.550+0000] {processor.py:826} INFO - Processing file /home/airflow/.local/lib/python3.7/site-packages/airflow/example_dags/example_nested_branch_dag.py for tasks to queue
[2023-07-19T12:54:12.551+0000] {logging_mixin.py:150} INFO - [2023-07-19T12:54:12.551+0000] {dagbag.py:541} INFO - Filling up the DagBag from /home/airflow/.local/lib/python3.7/site-packages/airflow/example_dags/example_nested_branch_dag.py
[2023-07-19T12:54:12.568+0000] {processor.py:836} INFO - DAG(s) dict_keys(['example_nested_branch_dag']) retrieved from /home/airflow/.local/lib/python3.7/site-packages/airflow/example_dags/example_nested_branch_dag.py
[2023-07-19T12:54:12.725+0000] {logging_mixin.py:150} INFO - [2023-07-19T12:54:12.725+0000] {manager.py:504} INFO - Created Permission View: can edit on DAG:example_nested_branch_dag
[2023-07-19T12:54:12.739+0000] {logging_mixin.py:150} INFO - [2023-07-19T12:54:12.738+0000] {manager.py:504} INFO - Created Permission View: can read on DAG:example_nested_branch_dag
[2023-07-19T12:54:12.747+0000] {logging_mixin.py:150} INFO - [2023-07-19T12:54:12.747+0000] {manager.py:504} INFO - Created Permission View: can delete on DAG:example_nested_branch_dag
[2023-07-19T12:54:12.769+0000] {logging_mixin.py:150} INFO - [2023-07-19T12:54:12.768+0000] {dag.py:2742} INFO - Sync 1 DAGs
[2023-07-19T12:54:12.786+0000] {logging_mixin.py:150} INFO - [2023-07-19T12:54:12.786+0000] {dag.py:2763} INFO - Creating ORM DAG for example_nested_branch_dag
[2023-07-19T12:54:12.806+0000] {logging_mixin.py:150} INFO - [2023-07-19T12:54:12.805+0000] {dag.py:3508} INFO - Setting next_dagrun for example_nested_branch_dag to 2023-07-18T00:00:00+00:00, run_after=2023-07-19T00:00:00+00:00
[2023-07-19T12:54:12.828+0000] {processor.py:179} INFO - Processing /home/airflow/.local/lib/python3.7/site-packages/airflow/example_dags/example_nested_branch_dag.py took 0.283 seconds
[2023-07-19T12:54:42.950+0000] {processor.py:157} INFO - Started process (PID=117) to work on /home/airflow/.local/lib/python3.7/site-packages/airflow/example_dags/example_nested_branch_dag.py
[2023-07-19T12:54:42.951+0000] {processor.py:826} INFO - Processing file /home/airflow/.local/lib/python3.7/site-packages/airflow/example_dags/example_nested_branch_dag.py for tasks to queue
[2023-07-19T12:54:42.952+0000] {logging_mixin.py:150} INFO - [2023-07-19T12:54:42.952+0000] {dagbag.py:541} INFO - Filling up the DagBag from /home/airflow/.local/lib/python3.7/site-packages/airflow/example_dags/example_nested_branch_dag.py
[2023-07-19T12:54:42.960+0000] {processor.py:836} INFO - DAG(s) dict_keys(['example_nested_branch_dag']) retrieved from /home/airflow/.local/lib/python3.7/site-packages/airflow/example_dags/example_nested_branch_dag.py
[2023-07-19T12:54:42.994+0000] {logging_mixin.py:150} INFO - [2023-07-19T12:54:42.993+0000] {dag.py:2742} INFO - Sync 1 DAGs
[2023-07-19T12:54:43.021+0000] {logging_mixin.py:150} INFO - [2023-07-19T12:54:43.021+0000] {dag.py:3508} INFO - Setting next_dagrun for example_nested_branch_dag to 2023-07-18T00:00:00+00:00, run_after=2023-07-19T00:00:00+00:00
[2023-07-19T12:54:43.039+0000] {processor.py:179} INFO - Processing /home/airflow/.local/lib/python3.7/site-packages/airflow/example_dags/example_nested_branch_dag.py took 0.092 seconds
[2023-07-19T12:55:13.174+0000] {processor.py:157} INFO - Started process (PID=195) to work on /home/airflow/.local/lib/python3.7/site-packages/airflow/example_dags/example_nested_branch_dag.py
[2023-07-19T12:55:13.174+0000] {processor.py:826} INFO - Processing file /home/airflow/.local/lib/python3.7/site-packages/airflow/example_dags/example_nested_branch_dag.py for tasks to queue
[2023-07-19T12:55:13.175+0000] {logging_mixin.py:150} INFO - [2023-07-19T12:55:13.175+0000] {dagbag.py:541} INFO - Filling up the DagBag from /home/airflow/.local/lib/python3.7/site-packages/airflow/example_dags/example_nested_branch_dag.py
[2023-07-19T12:55:13.189+0000] {processor.py:836} INFO - DAG(s) dict_keys(['example_nested_branch_dag']) retrieved from /home/airflow/.local/lib/python3.7/site-packages/airflow/example_dags/example_nested_branch_dag.py
[2023-07-19T12:55:13.221+0000] {logging_mixin.py:150} INFO - [2023-07-19T12:55:13.220+0000] {dag.py:2742} INFO - Sync 1 DAGs
[2023-07-19T12:55:13.253+0000] {logging_mixin.py:150} INFO - [2023-07-19T12:55:13.253+0000] {dag.py:3508} INFO - Setting next_dagrun for example_nested_branch_dag to 2023-07-18T00:00:00+00:00, run_after=2023-07-19T00:00:00+00:00
[2023-07-19T12:55:13.273+0000] {processor.py:179} INFO - Processing /home/airflow/.local/lib/python3.7/site-packages/airflow/example_dags/example_nested_branch_dag.py took 0.102 seconds
[2023-07-19T12:55:43.572+0000] {processor.py:157} INFO - Started process (PID=262) to work on /home/airflow/.local/lib/python3.7/site-packages/airflow/example_dags/example_nested_branch_dag.py
[2023-07-19T12:55:43.573+0000] {processor.py:826} INFO - Processing file /home/airflow/.local/lib/python3.7/site-packages/airflow/example_dags/example_nested_branch_dag.py for tasks to queue
[2023-07-19T12:55:43.574+0000] {logging_mixin.py:150} INFO - [2023-07-19T12:55:43.574+0000] {dagbag.py:541} INFO - Filling up the DagBag from /home/airflow/.local/lib/python3.7/site-packages/airflow/example_dags/example_nested_branch_dag.py
[2023-07-19T12:55:43.589+0000] {processor.py:836} INFO - DAG(s) dict_keys(['example_nested_branch_dag']) retrieved from /home/airflow/.local/lib/python3.7/site-packages/airflow/example_dags/example_nested_branch_dag.py
[2023-07-19T12:55:43.623+0000] {logging_mixin.py:150} INFO - [2023-07-19T12:55:43.623+0000] {dag.py:2742} INFO - Sync 1 DAGs
[2023-07-19T12:55:43.655+0000] {logging_mixin.py:150} INFO - [2023-07-19T12:55:43.655+0000] {dag.py:3508} INFO - Setting next_dagrun for example_nested_branch_dag to 2023-07-18T00:00:00+00:00, run_after=2023-07-19T00:00:00+00:00
[2023-07-19T12:55:43.687+0000] {processor.py:179} INFO - Processing /home/airflow/.local/lib/python3.7/site-packages/airflow/example_dags/example_nested_branch_dag.py took 0.121 seconds
[2023-07-19T12:56:14.065+0000] {processor.py:157} INFO - Started process (PID=330) to work on /home/airflow/.local/lib/python3.7/site-packages/airflow/example_dags/example_nested_branch_dag.py
[2023-07-19T12:56:14.066+0000] {processor.py:826} INFO - Processing file /home/airflow/.local/lib/python3.7/site-packages/airflow/example_dags/example_nested_branch_dag.py for tasks to queue
[2023-07-19T12:56:14.067+0000] {logging_mixin.py:150} INFO - [2023-07-19T12:56:14.067+0000] {dagbag.py:541} INFO - Filling up the DagBag from /home/airflow/.local/lib/python3.7/site-packages/airflow/example_dags/example_nested_branch_dag.py
[2023-07-19T12:56:14.076+0000] {processor.py:836} INFO - DAG(s) dict_keys(['example_nested_branch_dag']) retrieved from /home/airflow/.local/lib/python3.7/site-packages/airflow/example_dags/example_nested_branch_dag.py
[2023-07-19T12:56:14.105+0000] {logging_mixin.py:150} INFO - [2023-07-19T12:56:14.105+0000] {dag.py:2742} INFO - Sync 1 DAGs
[2023-07-19T12:56:14.142+0000] {logging_mixin.py:150} INFO - [2023-07-19T12:56:14.142+0000] {dag.py:3508} INFO - Setting next_dagrun for example_nested_branch_dag to 2023-07-18T00:00:00+00:00, run_after=2023-07-19T00:00:00+00:00
[2023-07-19T12:56:14.160+0000] {processor.py:179} INFO - Processing /home/airflow/.local/lib/python3.7/site-packages/airflow/example_dags/example_nested_branch_dag.py took 0.098 seconds
[2023-07-19T12:56:44.506+0000] {processor.py:157} INFO - Started process (PID=407) to work on /home/airflow/.local/lib/python3.7/site-packages/airflow/example_dags/example_nested_branch_dag.py
[2023-07-19T12:56:44.507+0000] {processor.py:826} INFO - Processing file /home/airflow/.local/lib/python3.7/site-packages/airflow/example_dags/example_nested_branch_dag.py for tasks to queue
[2023-07-19T12:56:44.508+0000] {logging_mixin.py:150} INFO - [2023-07-19T12:56:44.508+0000] {dagbag.py:541} INFO - Filling up the DagBag from /home/airflow/.local/lib/python3.7/site-packages/airflow/example_dags/example_nested_branch_dag.py
[2023-07-19T12:56:44.516+0000] {processor.py:836} INFO - DAG(s) dict_keys(['example_nested_branch_dag']) retrieved from /home/airflow/.local/lib/python3.7/site-packages/airflow/example_dags/example_nested_branch_dag.py
[2023-07-19T12:56:44.553+0000] {logging_mixin.py:150} INFO - [2023-07-19T12:56:44.552+0000] {dag.py:2742} INFO - Sync 1 DAGs
[2023-07-19T12:56:44.586+0000] {logging_mixin.py:150} INFO - [2023-07-19T12:56:44.586+0000] {dag.py:3508} INFO - Setting next_dagrun for example_nested_branch_dag to 2023-07-18T00:00:00+00:00, run_after=2023-07-19T00:00:00+00:00
[2023-07-19T12:56:44.625+0000] {processor.py:179} INFO - Processing /home/airflow/.local/lib/python3.7/site-packages/airflow/example_dags/example_nested_branch_dag.py took 0.122 seconds
[2023-07-19T12:57:14.893+0000] {processor.py:157} INFO - Started process (PID=475) to work on /home/airflow/.local/lib/python3.7/site-packages/airflow/example_dags/example_nested_branch_dag.py
[2023-07-19T12:57:14.894+0000] {processor.py:826} INFO - Processing file /home/airflow/.local/lib/python3.7/site-packages/airflow/example_dags/example_nested_branch_dag.py for tasks to queue
[2023-07-19T12:57:14.895+0000] {logging_mixin.py:150} INFO - [2023-07-19T12:57:14.895+0000] {dagbag.py:541} INFO - Filling up the DagBag from /home/airflow/.local/lib/python3.7/site-packages/airflow/example_dags/example_nested_branch_dag.py
[2023-07-19T12:57:14.907+0000] {processor.py:836} INFO - DAG(s) dict_keys(['example_nested_branch_dag']) retrieved from /home/airflow/.local/lib/python3.7/site-packages/airflow/example_dags/example_nested_branch_dag.py
[2023-07-19T12:57:14.935+0000] {logging_mixin.py:150} INFO - [2023-07-19T12:57:14.934+0000] {dag.py:2742} INFO - Sync 1 DAGs
[2023-07-19T12:57:14.963+0000] {logging_mixin.py:150} INFO - [2023-07-19T12:57:14.963+0000] {dag.py:3508} INFO - Setting next_dagrun for example_nested_branch_dag to 2023-07-18T00:00:00+00:00, run_after=2023-07-19T00:00:00+00:00
[2023-07-19T12:57:14.985+0000] {processor.py:179} INFO - Processing /home/airflow/.local/lib/python3.7/site-packages/airflow/example_dags/example_nested_branch_dag.py took 0.096 seconds
[2023-07-19T12:57:45.237+0000] {processor.py:157} INFO - Started process (PID=552) to work on /home/airflow/.local/lib/python3.7/site-packages/airflow/example_dags/example_nested_branch_dag.py
[2023-07-19T12:57:45.238+0000] {processor.py:826} INFO - Processing file /home/airflow/.local/lib/python3.7/site-packages/airflow/example_dags/example_nested_branch_dag.py for tasks to queue
[2023-07-19T12:57:45.240+0000] {logging_mixin.py:150} INFO - [2023-07-19T12:57:45.239+0000] {dagbag.py:541} INFO - Filling up the DagBag from /home/airflow/.local/lib/python3.7/site-packages/airflow/example_dags/example_nested_branch_dag.py
[2023-07-19T12:57:45.254+0000] {processor.py:836} INFO - DAG(s) dict_keys(['example_nested_branch_dag']) retrieved from /home/airflow/.local/lib/python3.7/site-packages/airflow/example_dags/example_nested_branch_dag.py
[2023-07-19T12:57:45.285+0000] {logging_mixin.py:150} INFO - [2023-07-19T12:57:45.284+0000] {dag.py:2742} INFO - Sync 1 DAGs
[2023-07-19T12:57:45.326+0000] {logging_mixin.py:150} INFO - [2023-07-19T12:57:45.326+0000] {dag.py:3508} INFO - Setting next_dagrun for example_nested_branch_dag to 2023-07-18T00:00:00+00:00, run_after=2023-07-19T00:00:00+00:00
[2023-07-19T12:57:45.346+0000] {processor.py:179} INFO - Processing /home/airflow/.local/lib/python3.7/site-packages/airflow/example_dags/example_nested_branch_dag.py took 0.115 seconds
[2023-07-19T12:58:16.155+0000] {processor.py:157} INFO - Started process (PID=620) to work on /home/airflow/.local/lib/python3.7/site-packages/airflow/example_dags/example_nested_branch_dag.py
[2023-07-19T12:58:16.156+0000] {processor.py:826} INFO - Processing file /home/airflow/.local/lib/python3.7/site-packages/airflow/example_dags/example_nested_branch_dag.py for tasks to queue
[2023-07-19T12:58:16.157+0000] {logging_mixin.py:150} INFO - [2023-07-19T12:58:16.157+0000] {dagbag.py:541} INFO - Filling up the DagBag from /home/airflow/.local/lib/python3.7/site-packages/airflow/example_dags/example_nested_branch_dag.py
[2023-07-19T12:58:16.169+0000] {processor.py:836} INFO - DAG(s) dict_keys(['example_nested_branch_dag']) retrieved from /home/airflow/.local/lib/python3.7/site-packages/airflow/example_dags/example_nested_branch_dag.py
[2023-07-19T12:58:16.192+0000] {logging_mixin.py:150} INFO - [2023-07-19T12:58:16.192+0000] {dag.py:2742} INFO - Sync 1 DAGs
[2023-07-19T12:58:16.212+0000] {logging_mixin.py:150} INFO - [2023-07-19T12:58:16.212+0000] {dag.py:3508} INFO - Setting next_dagrun for example_nested_branch_dag to 2023-07-18T00:00:00+00:00, run_after=2023-07-19T00:00:00+00:00
[2023-07-19T12:58:16.236+0000] {processor.py:179} INFO - Processing /home/airflow/.local/lib/python3.7/site-packages/airflow/example_dags/example_nested_branch_dag.py took 0.084 seconds
