[2023-07-19T12:54:17.562+0000] {processor.py:157} INFO - Started process (PID=79) to work on /home/airflow/.local/lib/python3.7/site-packages/airflow/example_dags/example_latest_only_with_trigger.py
[2023-07-19T12:54:17.563+0000] {processor.py:826} INFO - Processing file /home/airflow/.local/lib/python3.7/site-packages/airflow/example_dags/example_latest_only_with_trigger.py for tasks to queue
[2023-07-19T12:54:17.563+0000] {logging_mixin.py:150} INFO - [2023-07-19T12:54:17.563+0000] {dagbag.py:541} INFO - Filling up the DagBag from /home/airflow/.local/lib/python3.7/site-packages/airflow/example_dags/example_latest_only_with_trigger.py
[2023-07-19T12:54:17.570+0000] {processor.py:836} INFO - DAG(s) dict_keys(['latest_only_with_trigger']) retrieved from /home/airflow/.local/lib/python3.7/site-packages/airflow/example_dags/example_latest_only_with_trigger.py
[2023-07-19T12:54:17.667+0000] {logging_mixin.py:150} INFO - [2023-07-19T12:54:17.667+0000] {manager.py:504} INFO - Created Permission View: can edit on DAG:latest_only_with_trigger
[2023-07-19T12:54:17.675+0000] {logging_mixin.py:150} INFO - [2023-07-19T12:54:17.675+0000] {manager.py:504} INFO - Created Permission View: can read on DAG:latest_only_with_trigger
[2023-07-19T12:54:17.680+0000] {logging_mixin.py:150} INFO - [2023-07-19T12:54:17.680+0000] {manager.py:504} INFO - Created Permission View: can delete on DAG:latest_only_with_trigger
[2023-07-19T12:54:17.691+0000] {logging_mixin.py:150} INFO - [2023-07-19T12:54:17.691+0000] {dag.py:2742} INFO - Sync 1 DAGs
[2023-07-19T12:54:17.705+0000] {logging_mixin.py:150} INFO - [2023-07-19T12:54:17.705+0000] {dag.py:2763} INFO - Creating ORM DAG for latest_only_with_trigger
[2023-07-19T12:54:17.715+0000] {logging_mixin.py:150} INFO - [2023-07-19T12:54:17.715+0000] {dag.py:3508} INFO - Setting next_dagrun for latest_only_with_trigger to 2023-07-19T08:54:17.715167+00:00, run_after=2023-07-19T12:54:17.715167+00:00
[2023-07-19T12:54:17.735+0000] {processor.py:179} INFO - Processing /home/airflow/.local/lib/python3.7/site-packages/airflow/example_dags/example_latest_only_with_trigger.py took 0.176 seconds
[2023-07-19T12:54:47.830+0000] {processor.py:157} INFO - Started process (PID=157) to work on /home/airflow/.local/lib/python3.7/site-packages/airflow/example_dags/example_latest_only_with_trigger.py
[2023-07-19T12:54:47.831+0000] {processor.py:826} INFO - Processing file /home/airflow/.local/lib/python3.7/site-packages/airflow/example_dags/example_latest_only_with_trigger.py for tasks to queue
[2023-07-19T12:54:47.832+0000] {logging_mixin.py:150} INFO - [2023-07-19T12:54:47.832+0000] {dagbag.py:541} INFO - Filling up the DagBag from /home/airflow/.local/lib/python3.7/site-packages/airflow/example_dags/example_latest_only_with_trigger.py
[2023-07-19T12:54:47.842+0000] {processor.py:836} INFO - DAG(s) dict_keys(['latest_only_with_trigger']) retrieved from /home/airflow/.local/lib/python3.7/site-packages/airflow/example_dags/example_latest_only_with_trigger.py
[2023-07-19T12:54:47.875+0000] {logging_mixin.py:150} INFO - [2023-07-19T12:54:47.875+0000] {dag.py:2742} INFO - Sync 1 DAGs
[2023-07-19T12:54:47.906+0000] {logging_mixin.py:150} INFO - [2023-07-19T12:54:47.905+0000] {dag.py:3508} INFO - Setting next_dagrun for latest_only_with_trigger to 2023-07-19T08:54:47.905689+00:00, run_after=2023-07-19T12:54:47.905689+00:00
[2023-07-19T12:54:47.923+0000] {processor.py:179} INFO - Processing /home/airflow/.local/lib/python3.7/site-packages/airflow/example_dags/example_latest_only_with_trigger.py took 0.097 seconds
[2023-07-19T12:55:18.324+0000] {processor.py:157} INFO - Started process (PID=226) to work on /home/airflow/.local/lib/python3.7/site-packages/airflow/example_dags/example_latest_only_with_trigger.py
[2023-07-19T12:55:18.325+0000] {processor.py:826} INFO - Processing file /home/airflow/.local/lib/python3.7/site-packages/airflow/example_dags/example_latest_only_with_trigger.py for tasks to queue
[2023-07-19T12:55:18.326+0000] {logging_mixin.py:150} INFO - [2023-07-19T12:55:18.325+0000] {dagbag.py:541} INFO - Filling up the DagBag from /home/airflow/.local/lib/python3.7/site-packages/airflow/example_dags/example_latest_only_with_trigger.py
[2023-07-19T12:55:18.339+0000] {processor.py:836} INFO - DAG(s) dict_keys(['latest_only_with_trigger']) retrieved from /home/airflow/.local/lib/python3.7/site-packages/airflow/example_dags/example_latest_only_with_trigger.py
[2023-07-19T12:55:18.386+0000] {logging_mixin.py:150} INFO - [2023-07-19T12:55:18.385+0000] {dag.py:2742} INFO - Sync 1 DAGs
[2023-07-19T12:55:18.437+0000] {logging_mixin.py:150} INFO - [2023-07-19T12:55:18.437+0000] {dag.py:3508} INFO - Setting next_dagrun for latest_only_with_trigger to 2023-07-19T08:55:18.436746+00:00, run_after=2023-07-19T12:55:18.436746+00:00
[2023-07-19T12:55:18.478+0000] {processor.py:179} INFO - Processing /home/airflow/.local/lib/python3.7/site-packages/airflow/example_dags/example_latest_only_with_trigger.py took 0.162 seconds
[2023-07-19T12:55:48.892+0000] {processor.py:157} INFO - Started process (PID=293) to work on /home/airflow/.local/lib/python3.7/site-packages/airflow/example_dags/example_latest_only_with_trigger.py
[2023-07-19T12:55:48.893+0000] {processor.py:826} INFO - Processing file /home/airflow/.local/lib/python3.7/site-packages/airflow/example_dags/example_latest_only_with_trigger.py for tasks to queue
[2023-07-19T12:55:48.894+0000] {logging_mixin.py:150} INFO - [2023-07-19T12:55:48.894+0000] {dagbag.py:541} INFO - Filling up the DagBag from /home/airflow/.local/lib/python3.7/site-packages/airflow/example_dags/example_latest_only_with_trigger.py
[2023-07-19T12:55:48.903+0000] {processor.py:836} INFO - DAG(s) dict_keys(['latest_only_with_trigger']) retrieved from /home/airflow/.local/lib/python3.7/site-packages/airflow/example_dags/example_latest_only_with_trigger.py
[2023-07-19T12:55:48.939+0000] {logging_mixin.py:150} INFO - [2023-07-19T12:55:48.939+0000] {dag.py:2742} INFO - Sync 1 DAGs
[2023-07-19T12:55:48.964+0000] {logging_mixin.py:150} INFO - [2023-07-19T12:55:48.964+0000] {dag.py:3508} INFO - Setting next_dagrun for latest_only_with_trigger to 2023-07-19T08:55:48.964036+00:00, run_after=2023-07-19T12:55:48.964036+00:00
[2023-07-19T12:55:48.986+0000] {processor.py:179} INFO - Processing /home/airflow/.local/lib/python3.7/site-packages/airflow/example_dags/example_latest_only_with_trigger.py took 0.099 seconds
[2023-07-19T12:56:19.368+0000] {processor.py:157} INFO - Started process (PID=370) to work on /home/airflow/.local/lib/python3.7/site-packages/airflow/example_dags/example_latest_only_with_trigger.py
[2023-07-19T12:56:19.369+0000] {processor.py:826} INFO - Processing file /home/airflow/.local/lib/python3.7/site-packages/airflow/example_dags/example_latest_only_with_trigger.py for tasks to queue
[2023-07-19T12:56:19.370+0000] {logging_mixin.py:150} INFO - [2023-07-19T12:56:19.369+0000] {dagbag.py:541} INFO - Filling up the DagBag from /home/airflow/.local/lib/python3.7/site-packages/airflow/example_dags/example_latest_only_with_trigger.py
[2023-07-19T12:56:19.383+0000] {processor.py:836} INFO - DAG(s) dict_keys(['latest_only_with_trigger']) retrieved from /home/airflow/.local/lib/python3.7/site-packages/airflow/example_dags/example_latest_only_with_trigger.py
[2023-07-19T12:56:19.420+0000] {logging_mixin.py:150} INFO - [2023-07-19T12:56:19.419+0000] {dag.py:2742} INFO - Sync 1 DAGs
[2023-07-19T12:56:19.448+0000] {logging_mixin.py:150} INFO - [2023-07-19T12:56:19.448+0000] {dag.py:3508} INFO - Setting next_dagrun for latest_only_with_trigger to 2023-07-19T08:56:19.448400+00:00, run_after=2023-07-19T12:56:19.448400+00:00
[2023-07-19T12:56:19.464+0000] {processor.py:179} INFO - Processing /home/airflow/.local/lib/python3.7/site-packages/airflow/example_dags/example_latest_only_with_trigger.py took 0.099 seconds
[2023-07-19T12:56:49.744+0000] {processor.py:157} INFO - Started process (PID=438) to work on /home/airflow/.local/lib/python3.7/site-packages/airflow/example_dags/example_latest_only_with_trigger.py
[2023-07-19T12:56:49.745+0000] {processor.py:826} INFO - Processing file /home/airflow/.local/lib/python3.7/site-packages/airflow/example_dags/example_latest_only_with_trigger.py for tasks to queue
[2023-07-19T12:56:49.746+0000] {logging_mixin.py:150} INFO - [2023-07-19T12:56:49.746+0000] {dagbag.py:541} INFO - Filling up the DagBag from /home/airflow/.local/lib/python3.7/site-packages/airflow/example_dags/example_latest_only_with_trigger.py
[2023-07-19T12:56:49.752+0000] {processor.py:836} INFO - DAG(s) dict_keys(['latest_only_with_trigger']) retrieved from /home/airflow/.local/lib/python3.7/site-packages/airflow/example_dags/example_latest_only_with_trigger.py
[2023-07-19T12:56:49.773+0000] {logging_mixin.py:150} INFO - [2023-07-19T12:56:49.773+0000] {dag.py:2742} INFO - Sync 1 DAGs
[2023-07-19T12:56:49.797+0000] {logging_mixin.py:150} INFO - [2023-07-19T12:56:49.797+0000] {dag.py:3508} INFO - Setting next_dagrun for latest_only_with_trigger to 2023-07-19T08:56:49.796868+00:00, run_after=2023-07-19T12:56:49.796868+00:00
[2023-07-19T12:56:49.816+0000] {processor.py:179} INFO - Processing /home/airflow/.local/lib/python3.7/site-packages/airflow/example_dags/example_latest_only_with_trigger.py took 0.076 seconds
[2023-07-19T12:57:20.557+0000] {processor.py:157} INFO - Started process (PID=515) to work on /home/airflow/.local/lib/python3.7/site-packages/airflow/example_dags/example_latest_only_with_trigger.py
[2023-07-19T12:57:20.558+0000] {processor.py:826} INFO - Processing file /home/airflow/.local/lib/python3.7/site-packages/airflow/example_dags/example_latest_only_with_trigger.py for tasks to queue
[2023-07-19T12:57:20.559+0000] {logging_mixin.py:150} INFO - [2023-07-19T12:57:20.558+0000] {dagbag.py:541} INFO - Filling up the DagBag from /home/airflow/.local/lib/python3.7/site-packages/airflow/example_dags/example_latest_only_with_trigger.py
[2023-07-19T12:57:20.566+0000] {processor.py:836} INFO - DAG(s) dict_keys(['latest_only_with_trigger']) retrieved from /home/airflow/.local/lib/python3.7/site-packages/airflow/example_dags/example_latest_only_with_trigger.py
[2023-07-19T12:57:20.589+0000] {logging_mixin.py:150} INFO - [2023-07-19T12:57:20.589+0000] {dag.py:2742} INFO - Sync 1 DAGs
[2023-07-19T12:57:20.609+0000] {logging_mixin.py:150} INFO - [2023-07-19T12:57:20.609+0000] {dag.py:3508} INFO - Setting next_dagrun for latest_only_with_trigger to 2023-07-19T08:57:20.609370+00:00, run_after=2023-07-19T12:57:20.609370+00:00
[2023-07-19T12:57:20.626+0000] {processor.py:179} INFO - Processing /home/airflow/.local/lib/python3.7/site-packages/airflow/example_dags/example_latest_only_with_trigger.py took 0.072 seconds
[2023-07-19T12:57:50.812+0000] {processor.py:157} INFO - Started process (PID=583) to work on /home/airflow/.local/lib/python3.7/site-packages/airflow/example_dags/example_latest_only_with_trigger.py
[2023-07-19T12:57:50.813+0000] {processor.py:826} INFO - Processing file /home/airflow/.local/lib/python3.7/site-packages/airflow/example_dags/example_latest_only_with_trigger.py for tasks to queue
[2023-07-19T12:57:50.814+0000] {logging_mixin.py:150} INFO - [2023-07-19T12:57:50.813+0000] {dagbag.py:541} INFO - Filling up the DagBag from /home/airflow/.local/lib/python3.7/site-packages/airflow/example_dags/example_latest_only_with_trigger.py
[2023-07-19T12:57:50.822+0000] {processor.py:836} INFO - DAG(s) dict_keys(['latest_only_with_trigger']) retrieved from /home/airflow/.local/lib/python3.7/site-packages/airflow/example_dags/example_latest_only_with_trigger.py
[2023-07-19T12:57:50.852+0000] {logging_mixin.py:150} INFO - [2023-07-19T12:57:50.852+0000] {dag.py:2742} INFO - Sync 1 DAGs
[2023-07-19T12:57:50.877+0000] {logging_mixin.py:150} INFO - [2023-07-19T12:57:50.877+0000] {dag.py:3508} INFO - Setting next_dagrun for latest_only_with_trigger to 2023-07-19T08:57:50.876797+00:00, run_after=2023-07-19T12:57:50.876797+00:00
[2023-07-19T12:57:50.903+0000] {processor.py:179} INFO - Processing /home/airflow/.local/lib/python3.7/site-packages/airflow/example_dags/example_latest_only_with_trigger.py took 0.096 seconds
[2023-07-19T12:58:21.413+0000] {processor.py:157} INFO - Started process (PID=660) to work on /home/airflow/.local/lib/python3.7/site-packages/airflow/example_dags/example_latest_only_with_trigger.py
[2023-07-19T12:58:21.414+0000] {processor.py:826} INFO - Processing file /home/airflow/.local/lib/python3.7/site-packages/airflow/example_dags/example_latest_only_with_trigger.py for tasks to queue
[2023-07-19T12:58:21.415+0000] {logging_mixin.py:150} INFO - [2023-07-19T12:58:21.415+0000] {dagbag.py:541} INFO - Filling up the DagBag from /home/airflow/.local/lib/python3.7/site-packages/airflow/example_dags/example_latest_only_with_trigger.py
[2023-07-19T12:58:21.422+0000] {processor.py:836} INFO - DAG(s) dict_keys(['latest_only_with_trigger']) retrieved from /home/airflow/.local/lib/python3.7/site-packages/airflow/example_dags/example_latest_only_with_trigger.py
[2023-07-19T12:58:21.449+0000] {logging_mixin.py:150} INFO - [2023-07-19T12:58:21.449+0000] {dag.py:2742} INFO - Sync 1 DAGs
[2023-07-19T12:58:21.478+0000] {logging_mixin.py:150} INFO - [2023-07-19T12:58:21.477+0000] {dag.py:3508} INFO - Setting next_dagrun for latest_only_with_trigger to 2023-07-19T08:58:21.477566+00:00, run_after=2023-07-19T12:58:21.477566+00:00
[2023-07-19T12:58:21.495+0000] {processor.py:179} INFO - Processing /home/airflow/.local/lib/python3.7/site-packages/airflow/example_dags/example_latest_only_with_trigger.py took 0.086 seconds
