[2023-07-19T12:54:15.834+0000] {processor.py:157} INFO - Started process (PID=64) to work on /home/airflow/.local/lib/python3.7/site-packages/airflow/example_dags/example_time_delta_sensor_async.py
[2023-07-19T12:54:15.835+0000] {processor.py:826} INFO - Processing file /home/airflow/.local/lib/python3.7/site-packages/airflow/example_dags/example_time_delta_sensor_async.py for tasks to queue
[2023-07-19T12:54:15.835+0000] {logging_mixin.py:150} INFO - [2023-07-19T12:54:15.835+0000] {dagbag.py:541} INFO - Filling up the DagBag from /home/airflow/.local/lib/python3.7/site-packages/airflow/example_dags/example_time_delta_sensor_async.py
[2023-07-19T12:54:15.840+0000] {processor.py:836} INFO - DAG(s) dict_keys(['example_time_delta_sensor_async']) retrieved from /home/airflow/.local/lib/python3.7/site-packages/airflow/example_dags/example_time_delta_sensor_async.py
[2023-07-19T12:54:15.984+0000] {logging_mixin.py:150} INFO - [2023-07-19T12:54:15.984+0000] {manager.py:504} INFO - Created Permission View: can edit on DAG:example_time_delta_sensor_async
[2023-07-19T12:54:15.995+0000] {logging_mixin.py:150} INFO - [2023-07-19T12:54:15.994+0000] {manager.py:504} INFO - Created Permission View: can read on DAG:example_time_delta_sensor_async
[2023-07-19T12:54:16.001+0000] {logging_mixin.py:150} INFO - [2023-07-19T12:54:16.001+0000] {manager.py:504} INFO - Created Permission View: can delete on DAG:example_time_delta_sensor_async
[2023-07-19T12:54:16.017+0000] {logging_mixin.py:150} INFO - [2023-07-19T12:54:16.017+0000] {dag.py:2742} INFO - Sync 1 DAGs
[2023-07-19T12:54:16.032+0000] {logging_mixin.py:150} INFO - [2023-07-19T12:54:16.032+0000] {dag.py:2763} INFO - Creating ORM DAG for example_time_delta_sensor_async
[2023-07-19T12:54:16.045+0000] {logging_mixin.py:150} INFO - [2023-07-19T12:54:16.045+0000] {dag.py:3508} INFO - Setting next_dagrun for example_time_delta_sensor_async to None, run_after=None
[2023-07-19T12:54:16.065+0000] {processor.py:179} INFO - Processing /home/airflow/.local/lib/python3.7/site-packages/airflow/example_dags/example_time_delta_sensor_async.py took 0.237 seconds
[2023-07-19T12:54:46.458+0000] {processor.py:157} INFO - Started process (PID=133) to work on /home/airflow/.local/lib/python3.7/site-packages/airflow/example_dags/example_time_delta_sensor_async.py
[2023-07-19T12:54:46.459+0000] {processor.py:826} INFO - Processing file /home/airflow/.local/lib/python3.7/site-packages/airflow/example_dags/example_time_delta_sensor_async.py for tasks to queue
[2023-07-19T12:54:46.460+0000] {logging_mixin.py:150} INFO - [2023-07-19T12:54:46.460+0000] {dagbag.py:541} INFO - Filling up the DagBag from /home/airflow/.local/lib/python3.7/site-packages/airflow/example_dags/example_time_delta_sensor_async.py
[2023-07-19T12:54:46.466+0000] {processor.py:836} INFO - DAG(s) dict_keys(['example_time_delta_sensor_async']) retrieved from /home/airflow/.local/lib/python3.7/site-packages/airflow/example_dags/example_time_delta_sensor_async.py
[2023-07-19T12:54:46.493+0000] {logging_mixin.py:150} INFO - [2023-07-19T12:54:46.493+0000] {dag.py:2742} INFO - Sync 1 DAGs
[2023-07-19T12:54:46.522+0000] {logging_mixin.py:150} INFO - [2023-07-19T12:54:46.522+0000] {dag.py:3508} INFO - Setting next_dagrun for example_time_delta_sensor_async to None, run_after=None
[2023-07-19T12:54:46.551+0000] {processor.py:179} INFO - Processing /home/airflow/.local/lib/python3.7/site-packages/airflow/example_dags/example_time_delta_sensor_async.py took 0.097 seconds
[2023-07-19T12:55:17.367+0000] {processor.py:157} INFO - Started process (PID=211) to work on /home/airflow/.local/lib/python3.7/site-packages/airflow/example_dags/example_time_delta_sensor_async.py
[2023-07-19T12:55:17.368+0000] {processor.py:826} INFO - Processing file /home/airflow/.local/lib/python3.7/site-packages/airflow/example_dags/example_time_delta_sensor_async.py for tasks to queue
[2023-07-19T12:55:17.369+0000] {logging_mixin.py:150} INFO - [2023-07-19T12:55:17.368+0000] {dagbag.py:541} INFO - Filling up the DagBag from /home/airflow/.local/lib/python3.7/site-packages/airflow/example_dags/example_time_delta_sensor_async.py
[2023-07-19T12:55:17.376+0000] {processor.py:836} INFO - DAG(s) dict_keys(['example_time_delta_sensor_async']) retrieved from /home/airflow/.local/lib/python3.7/site-packages/airflow/example_dags/example_time_delta_sensor_async.py
[2023-07-19T12:55:17.401+0000] {logging_mixin.py:150} INFO - [2023-07-19T12:55:17.401+0000] {dag.py:2742} INFO - Sync 1 DAGs
[2023-07-19T12:55:17.432+0000] {logging_mixin.py:150} INFO - [2023-07-19T12:55:17.432+0000] {dag.py:3508} INFO - Setting next_dagrun for example_time_delta_sensor_async to None, run_after=None
[2023-07-19T12:55:17.449+0000] {processor.py:179} INFO - Processing /home/airflow/.local/lib/python3.7/site-packages/airflow/example_dags/example_time_delta_sensor_async.py took 0.086 seconds
[2023-07-19T12:55:47.594+0000] {processor.py:157} INFO - Started process (PID=278) to work on /home/airflow/.local/lib/python3.7/site-packages/airflow/example_dags/example_time_delta_sensor_async.py
[2023-07-19T12:55:47.596+0000] {processor.py:826} INFO - Processing file /home/airflow/.local/lib/python3.7/site-packages/airflow/example_dags/example_time_delta_sensor_async.py for tasks to queue
[2023-07-19T12:55:47.597+0000] {logging_mixin.py:150} INFO - [2023-07-19T12:55:47.596+0000] {dagbag.py:541} INFO - Filling up the DagBag from /home/airflow/.local/lib/python3.7/site-packages/airflow/example_dags/example_time_delta_sensor_async.py
[2023-07-19T12:55:47.602+0000] {processor.py:836} INFO - DAG(s) dict_keys(['example_time_delta_sensor_async']) retrieved from /home/airflow/.local/lib/python3.7/site-packages/airflow/example_dags/example_time_delta_sensor_async.py
[2023-07-19T12:55:47.637+0000] {logging_mixin.py:150} INFO - [2023-07-19T12:55:47.637+0000] {dag.py:2742} INFO - Sync 1 DAGs
[2023-07-19T12:55:47.665+0000] {logging_mixin.py:150} INFO - [2023-07-19T12:55:47.664+0000] {dag.py:3508} INFO - Setting next_dagrun for example_time_delta_sensor_async to None, run_after=None
[2023-07-19T12:55:47.683+0000] {processor.py:179} INFO - Processing /home/airflow/.local/lib/python3.7/site-packages/airflow/example_dags/example_time_delta_sensor_async.py took 0.094 seconds
[2023-07-19T12:56:18.385+0000] {processor.py:157} INFO - Started process (PID=355) to work on /home/airflow/.local/lib/python3.7/site-packages/airflow/example_dags/example_time_delta_sensor_async.py
[2023-07-19T12:56:18.386+0000] {processor.py:826} INFO - Processing file /home/airflow/.local/lib/python3.7/site-packages/airflow/example_dags/example_time_delta_sensor_async.py for tasks to queue
[2023-07-19T12:56:18.387+0000] {logging_mixin.py:150} INFO - [2023-07-19T12:56:18.387+0000] {dagbag.py:541} INFO - Filling up the DagBag from /home/airflow/.local/lib/python3.7/site-packages/airflow/example_dags/example_time_delta_sensor_async.py
[2023-07-19T12:56:18.393+0000] {processor.py:836} INFO - DAG(s) dict_keys(['example_time_delta_sensor_async']) retrieved from /home/airflow/.local/lib/python3.7/site-packages/airflow/example_dags/example_time_delta_sensor_async.py
[2023-07-19T12:56:18.418+0000] {logging_mixin.py:150} INFO - [2023-07-19T12:56:18.417+0000] {dag.py:2742} INFO - Sync 1 DAGs
[2023-07-19T12:56:18.450+0000] {logging_mixin.py:150} INFO - [2023-07-19T12:56:18.449+0000] {dag.py:3508} INFO - Setting next_dagrun for example_time_delta_sensor_async to None, run_after=None
[2023-07-19T12:56:18.476+0000] {processor.py:179} INFO - Processing /home/airflow/.local/lib/python3.7/site-packages/airflow/example_dags/example_time_delta_sensor_async.py took 0.096 seconds
[2023-07-19T12:56:48.797+0000] {processor.py:157} INFO - Started process (PID=423) to work on /home/airflow/.local/lib/python3.7/site-packages/airflow/example_dags/example_time_delta_sensor_async.py
[2023-07-19T12:56:48.798+0000] {processor.py:826} INFO - Processing file /home/airflow/.local/lib/python3.7/site-packages/airflow/example_dags/example_time_delta_sensor_async.py for tasks to queue
[2023-07-19T12:56:48.799+0000] {logging_mixin.py:150} INFO - [2023-07-19T12:56:48.799+0000] {dagbag.py:541} INFO - Filling up the DagBag from /home/airflow/.local/lib/python3.7/site-packages/airflow/example_dags/example_time_delta_sensor_async.py
[2023-07-19T12:56:48.806+0000] {processor.py:836} INFO - DAG(s) dict_keys(['example_time_delta_sensor_async']) retrieved from /home/airflow/.local/lib/python3.7/site-packages/airflow/example_dags/example_time_delta_sensor_async.py
[2023-07-19T12:56:48.830+0000] {logging_mixin.py:150} INFO - [2023-07-19T12:56:48.830+0000] {dag.py:2742} INFO - Sync 1 DAGs
[2023-07-19T12:56:48.852+0000] {logging_mixin.py:150} INFO - [2023-07-19T12:56:48.852+0000] {dag.py:3508} INFO - Setting next_dagrun for example_time_delta_sensor_async to None, run_after=None
[2023-07-19T12:56:48.869+0000] {processor.py:179} INFO - Processing /home/airflow/.local/lib/python3.7/site-packages/airflow/example_dags/example_time_delta_sensor_async.py took 0.079 seconds
[2023-07-19T12:57:19.474+0000] {processor.py:157} INFO - Started process (PID=500) to work on /home/airflow/.local/lib/python3.7/site-packages/airflow/example_dags/example_time_delta_sensor_async.py
[2023-07-19T12:57:19.475+0000] {processor.py:826} INFO - Processing file /home/airflow/.local/lib/python3.7/site-packages/airflow/example_dags/example_time_delta_sensor_async.py for tasks to queue
[2023-07-19T12:57:19.476+0000] {logging_mixin.py:150} INFO - [2023-07-19T12:57:19.475+0000] {dagbag.py:541} INFO - Filling up the DagBag from /home/airflow/.local/lib/python3.7/site-packages/airflow/example_dags/example_time_delta_sensor_async.py
[2023-07-19T12:57:19.484+0000] {processor.py:836} INFO - DAG(s) dict_keys(['example_time_delta_sensor_async']) retrieved from /home/airflow/.local/lib/python3.7/site-packages/airflow/example_dags/example_time_delta_sensor_async.py
[2023-07-19T12:57:19.521+0000] {logging_mixin.py:150} INFO - [2023-07-19T12:57:19.521+0000] {dag.py:2742} INFO - Sync 1 DAGs
[2023-07-19T12:57:19.556+0000] {logging_mixin.py:150} INFO - [2023-07-19T12:57:19.556+0000] {dag.py:3508} INFO - Setting next_dagrun for example_time_delta_sensor_async to None, run_after=None
[2023-07-19T12:57:19.583+0000] {processor.py:179} INFO - Processing /home/airflow/.local/lib/python3.7/site-packages/airflow/example_dags/example_time_delta_sensor_async.py took 0.112 seconds
[2023-07-19T12:57:49.729+0000] {processor.py:157} INFO - Started process (PID=568) to work on /home/airflow/.local/lib/python3.7/site-packages/airflow/example_dags/example_time_delta_sensor_async.py
[2023-07-19T12:57:49.731+0000] {processor.py:826} INFO - Processing file /home/airflow/.local/lib/python3.7/site-packages/airflow/example_dags/example_time_delta_sensor_async.py for tasks to queue
[2023-07-19T12:57:49.731+0000] {logging_mixin.py:150} INFO - [2023-07-19T12:57:49.731+0000] {dagbag.py:541} INFO - Filling up the DagBag from /home/airflow/.local/lib/python3.7/site-packages/airflow/example_dags/example_time_delta_sensor_async.py
[2023-07-19T12:57:49.736+0000] {processor.py:836} INFO - DAG(s) dict_keys(['example_time_delta_sensor_async']) retrieved from /home/airflow/.local/lib/python3.7/site-packages/airflow/example_dags/example_time_delta_sensor_async.py
[2023-07-19T12:57:49.769+0000] {logging_mixin.py:150} INFO - [2023-07-19T12:57:49.768+0000] {dag.py:2742} INFO - Sync 1 DAGs
[2023-07-19T12:57:49.803+0000] {logging_mixin.py:150} INFO - [2023-07-19T12:57:49.803+0000] {dag.py:3508} INFO - Setting next_dagrun for example_time_delta_sensor_async to None, run_after=None
[2023-07-19T12:57:49.820+0000] {processor.py:179} INFO - Processing /home/airflow/.local/lib/python3.7/site-packages/airflow/example_dags/example_time_delta_sensor_async.py took 0.096 seconds
[2023-07-19T12:58:20.366+0000] {processor.py:157} INFO - Started process (PID=645) to work on /home/airflow/.local/lib/python3.7/site-packages/airflow/example_dags/example_time_delta_sensor_async.py
[2023-07-19T12:58:20.367+0000] {processor.py:826} INFO - Processing file /home/airflow/.local/lib/python3.7/site-packages/airflow/example_dags/example_time_delta_sensor_async.py for tasks to queue
[2023-07-19T12:58:20.368+0000] {logging_mixin.py:150} INFO - [2023-07-19T12:58:20.368+0000] {dagbag.py:541} INFO - Filling up the DagBag from /home/airflow/.local/lib/python3.7/site-packages/airflow/example_dags/example_time_delta_sensor_async.py
[2023-07-19T12:58:20.375+0000] {processor.py:836} INFO - DAG(s) dict_keys(['example_time_delta_sensor_async']) retrieved from /home/airflow/.local/lib/python3.7/site-packages/airflow/example_dags/example_time_delta_sensor_async.py
[2023-07-19T12:58:20.399+0000] {logging_mixin.py:150} INFO - [2023-07-19T12:58:20.399+0000] {dag.py:2742} INFO - Sync 1 DAGs
[2023-07-19T12:58:20.423+0000] {logging_mixin.py:150} INFO - [2023-07-19T12:58:20.423+0000] {dag.py:3508} INFO - Setting next_dagrun for example_time_delta_sensor_async to None, run_after=None
[2023-07-19T12:58:20.444+0000] {processor.py:179} INFO - Processing /home/airflow/.local/lib/python3.7/site-packages/airflow/example_dags/example_time_delta_sensor_async.py took 0.082 seconds
