[2023-07-19T12:54:09.782+0000] {processor.py:157} INFO - Started process (PID=40) to work on /home/airflow/.local/lib/python3.7/site-packages/airflow/example_dags/tutorial_dag.py
[2023-07-19T12:54:09.784+0000] {processor.py:826} INFO - Processing file /home/airflow/.local/lib/python3.7/site-packages/airflow/example_dags/tutorial_dag.py for tasks to queue
[2023-07-19T12:54:09.815+0000] {logging_mixin.py:150} INFO - [2023-07-19T12:54:09.784+0000] {dagbag.py:541} INFO - Filling up the DagBag from /home/airflow/.local/lib/python3.7/site-packages/airflow/example_dags/tutorial_dag.py
[2023-07-19T12:54:09.863+0000] {processor.py:836} INFO - DAG(s) dict_keys(['tutorial_dag']) retrieved from /home/airflow/.local/lib/python3.7/site-packages/airflow/example_dags/tutorial_dag.py
[2023-07-19T12:54:10.563+0000] {logging_mixin.py:150} INFO - [2023-07-19T12:54:10.562+0000] {manager.py:504} INFO - Created Permission View: can edit on DAG:tutorial_dag
[2023-07-19T12:54:10.580+0000] {logging_mixin.py:150} INFO - [2023-07-19T12:54:10.579+0000] {manager.py:504} INFO - Created Permission View: can read on DAG:tutorial_dag
[2023-07-19T12:54:10.594+0000] {logging_mixin.py:150} INFO - [2023-07-19T12:54:10.594+0000] {manager.py:504} INFO - Created Permission View: can delete on DAG:tutorial_dag
[2023-07-19T12:54:10.640+0000] {logging_mixin.py:150} INFO - [2023-07-19T12:54:10.639+0000] {dag.py:2742} INFO - Sync 1 DAGs
[2023-07-19T12:54:10.666+0000] {logging_mixin.py:150} INFO - [2023-07-19T12:54:10.665+0000] {dag.py:2763} INFO - Creating ORM DAG for tutorial_dag
[2023-07-19T12:54:10.679+0000] {logging_mixin.py:150} INFO - [2023-07-19T12:54:10.679+0000] {dag.py:3508} INFO - Setting next_dagrun for tutorial_dag to None, run_after=None
[2023-07-19T12:54:10.717+0000] {processor.py:179} INFO - Processing /home/airflow/.local/lib/python3.7/site-packages/airflow/example_dags/tutorial_dag.py took 0.970 seconds
[2023-07-19T12:54:41.491+0000] {processor.py:157} INFO - Started process (PID=109) to work on /home/airflow/.local/lib/python3.7/site-packages/airflow/example_dags/tutorial_dag.py
[2023-07-19T12:54:41.492+0000] {processor.py:826} INFO - Processing file /home/airflow/.local/lib/python3.7/site-packages/airflow/example_dags/tutorial_dag.py for tasks to queue
[2023-07-19T12:54:41.493+0000] {logging_mixin.py:150} INFO - [2023-07-19T12:54:41.493+0000] {dagbag.py:541} INFO - Filling up the DagBag from /home/airflow/.local/lib/python3.7/site-packages/airflow/example_dags/tutorial_dag.py
[2023-07-19T12:54:41.499+0000] {processor.py:836} INFO - DAG(s) dict_keys(['tutorial_dag']) retrieved from /home/airflow/.local/lib/python3.7/site-packages/airflow/example_dags/tutorial_dag.py
[2023-07-19T12:54:41.524+0000] {logging_mixin.py:150} INFO - [2023-07-19T12:54:41.524+0000] {dag.py:2742} INFO - Sync 1 DAGs
[2023-07-19T12:54:41.543+0000] {logging_mixin.py:150} INFO - [2023-07-19T12:54:41.543+0000] {dag.py:3508} INFO - Setting next_dagrun for tutorial_dag to None, run_after=None
[2023-07-19T12:54:41.570+0000] {processor.py:179} INFO - Processing /home/airflow/.local/lib/python3.7/site-packages/airflow/example_dags/tutorial_dag.py took 0.086 seconds
[2023-07-19T12:55:11.709+0000] {processor.py:157} INFO - Started process (PID=178) to work on /home/airflow/.local/lib/python3.7/site-packages/airflow/example_dags/tutorial_dag.py
[2023-07-19T12:55:11.709+0000] {processor.py:826} INFO - Processing file /home/airflow/.local/lib/python3.7/site-packages/airflow/example_dags/tutorial_dag.py for tasks to queue
[2023-07-19T12:55:11.710+0000] {logging_mixin.py:150} INFO - [2023-07-19T12:55:11.710+0000] {dagbag.py:541} INFO - Filling up the DagBag from /home/airflow/.local/lib/python3.7/site-packages/airflow/example_dags/tutorial_dag.py
[2023-07-19T12:55:11.716+0000] {processor.py:836} INFO - DAG(s) dict_keys(['tutorial_dag']) retrieved from /home/airflow/.local/lib/python3.7/site-packages/airflow/example_dags/tutorial_dag.py
[2023-07-19T12:55:11.742+0000] {logging_mixin.py:150} INFO - [2023-07-19T12:55:11.742+0000] {dag.py:2742} INFO - Sync 1 DAGs
[2023-07-19T12:55:11.766+0000] {logging_mixin.py:150} INFO - [2023-07-19T12:55:11.765+0000] {dag.py:3508} INFO - Setting next_dagrun for tutorial_dag to None, run_after=None
[2023-07-19T12:55:11.784+0000] {processor.py:179} INFO - Processing /home/airflow/.local/lib/python3.7/site-packages/airflow/example_dags/tutorial_dag.py took 0.078 seconds
[2023-07-19T12:55:42.025+0000] {processor.py:157} INFO - Started process (PID=254) to work on /home/airflow/.local/lib/python3.7/site-packages/airflow/example_dags/tutorial_dag.py
[2023-07-19T12:55:42.026+0000] {processor.py:826} INFO - Processing file /home/airflow/.local/lib/python3.7/site-packages/airflow/example_dags/tutorial_dag.py for tasks to queue
[2023-07-19T12:55:42.027+0000] {logging_mixin.py:150} INFO - [2023-07-19T12:55:42.027+0000] {dagbag.py:541} INFO - Filling up the DagBag from /home/airflow/.local/lib/python3.7/site-packages/airflow/example_dags/tutorial_dag.py
[2023-07-19T12:55:42.033+0000] {processor.py:836} INFO - DAG(s) dict_keys(['tutorial_dag']) retrieved from /home/airflow/.local/lib/python3.7/site-packages/airflow/example_dags/tutorial_dag.py
[2023-07-19T12:55:42.065+0000] {logging_mixin.py:150} INFO - [2023-07-19T12:55:42.064+0000] {dag.py:2742} INFO - Sync 1 DAGs
[2023-07-19T12:55:42.092+0000] {logging_mixin.py:150} INFO - [2023-07-19T12:55:42.092+0000] {dag.py:3508} INFO - Setting next_dagrun for tutorial_dag to None, run_after=None
[2023-07-19T12:55:42.106+0000] {processor.py:179} INFO - Processing /home/airflow/.local/lib/python3.7/site-packages/airflow/example_dags/tutorial_dag.py took 0.088 seconds
[2023-07-19T12:56:12.430+0000] {processor.py:157} INFO - Started process (PID=322) to work on /home/airflow/.local/lib/python3.7/site-packages/airflow/example_dags/tutorial_dag.py
[2023-07-19T12:56:12.431+0000] {processor.py:826} INFO - Processing file /home/airflow/.local/lib/python3.7/site-packages/airflow/example_dags/tutorial_dag.py for tasks to queue
[2023-07-19T12:56:12.432+0000] {logging_mixin.py:150} INFO - [2023-07-19T12:56:12.432+0000] {dagbag.py:541} INFO - Filling up the DagBag from /home/airflow/.local/lib/python3.7/site-packages/airflow/example_dags/tutorial_dag.py
[2023-07-19T12:56:12.438+0000] {processor.py:836} INFO - DAG(s) dict_keys(['tutorial_dag']) retrieved from /home/airflow/.local/lib/python3.7/site-packages/airflow/example_dags/tutorial_dag.py
[2023-07-19T12:56:12.472+0000] {logging_mixin.py:150} INFO - [2023-07-19T12:56:12.472+0000] {dag.py:2742} INFO - Sync 1 DAGs
[2023-07-19T12:56:12.506+0000] {logging_mixin.py:150} INFO - [2023-07-19T12:56:12.506+0000] {dag.py:3508} INFO - Setting next_dagrun for tutorial_dag to None, run_after=None
[2023-07-19T12:56:12.531+0000] {processor.py:179} INFO - Processing /home/airflow/.local/lib/python3.7/site-packages/airflow/example_dags/tutorial_dag.py took 0.106 seconds
[2023-07-19T12:56:42.983+0000] {processor.py:157} INFO - Started process (PID=399) to work on /home/airflow/.local/lib/python3.7/site-packages/airflow/example_dags/tutorial_dag.py
[2023-07-19T12:56:42.984+0000] {processor.py:826} INFO - Processing file /home/airflow/.local/lib/python3.7/site-packages/airflow/example_dags/tutorial_dag.py for tasks to queue
[2023-07-19T12:56:42.985+0000] {logging_mixin.py:150} INFO - [2023-07-19T12:56:42.985+0000] {dagbag.py:541} INFO - Filling up the DagBag from /home/airflow/.local/lib/python3.7/site-packages/airflow/example_dags/tutorial_dag.py
[2023-07-19T12:56:42.991+0000] {processor.py:836} INFO - DAG(s) dict_keys(['tutorial_dag']) retrieved from /home/airflow/.local/lib/python3.7/site-packages/airflow/example_dags/tutorial_dag.py
[2023-07-19T12:56:43.024+0000] {logging_mixin.py:150} INFO - [2023-07-19T12:56:43.023+0000] {dag.py:2742} INFO - Sync 1 DAGs
[2023-07-19T12:56:43.054+0000] {logging_mixin.py:150} INFO - [2023-07-19T12:56:43.054+0000] {dag.py:3508} INFO - Setting next_dagrun for tutorial_dag to None, run_after=None
[2023-07-19T12:56:43.071+0000] {processor.py:179} INFO - Processing /home/airflow/.local/lib/python3.7/site-packages/airflow/example_dags/tutorial_dag.py took 0.092 seconds
[2023-07-19T12:57:13.276+0000] {processor.py:157} INFO - Started process (PID=467) to work on /home/airflow/.local/lib/python3.7/site-packages/airflow/example_dags/tutorial_dag.py
[2023-07-19T12:57:13.278+0000] {processor.py:826} INFO - Processing file /home/airflow/.local/lib/python3.7/site-packages/airflow/example_dags/tutorial_dag.py for tasks to queue
[2023-07-19T12:57:13.279+0000] {logging_mixin.py:150} INFO - [2023-07-19T12:57:13.279+0000] {dagbag.py:541} INFO - Filling up the DagBag from /home/airflow/.local/lib/python3.7/site-packages/airflow/example_dags/tutorial_dag.py
[2023-07-19T12:57:13.286+0000] {processor.py:836} INFO - DAG(s) dict_keys(['tutorial_dag']) retrieved from /home/airflow/.local/lib/python3.7/site-packages/airflow/example_dags/tutorial_dag.py
[2023-07-19T12:57:13.334+0000] {logging_mixin.py:150} INFO - [2023-07-19T12:57:13.334+0000] {dag.py:2742} INFO - Sync 1 DAGs
[2023-07-19T12:57:13.375+0000] {logging_mixin.py:150} INFO - [2023-07-19T12:57:13.375+0000] {dag.py:3508} INFO - Setting next_dagrun for tutorial_dag to None, run_after=None
[2023-07-19T12:57:13.413+0000] {processor.py:179} INFO - Processing /home/airflow/.local/lib/python3.7/site-packages/airflow/example_dags/tutorial_dag.py took 0.142 seconds
[2023-07-19T12:57:43.577+0000] {processor.py:157} INFO - Started process (PID=544) to work on /home/airflow/.local/lib/python3.7/site-packages/airflow/example_dags/tutorial_dag.py
[2023-07-19T12:57:43.578+0000] {processor.py:826} INFO - Processing file /home/airflow/.local/lib/python3.7/site-packages/airflow/example_dags/tutorial_dag.py for tasks to queue
[2023-07-19T12:57:43.579+0000] {logging_mixin.py:150} INFO - [2023-07-19T12:57:43.578+0000] {dagbag.py:541} INFO - Filling up the DagBag from /home/airflow/.local/lib/python3.7/site-packages/airflow/example_dags/tutorial_dag.py
[2023-07-19T12:57:43.585+0000] {processor.py:836} INFO - DAG(s) dict_keys(['tutorial_dag']) retrieved from /home/airflow/.local/lib/python3.7/site-packages/airflow/example_dags/tutorial_dag.py
[2023-07-19T12:57:43.612+0000] {logging_mixin.py:150} INFO - [2023-07-19T12:57:43.611+0000] {dag.py:2742} INFO - Sync 1 DAGs
[2023-07-19T12:57:43.640+0000] {logging_mixin.py:150} INFO - [2023-07-19T12:57:43.640+0000] {dag.py:3508} INFO - Setting next_dagrun for tutorial_dag to None, run_after=None
[2023-07-19T12:57:43.654+0000] {processor.py:179} INFO - Processing /home/airflow/.local/lib/python3.7/site-packages/airflow/example_dags/tutorial_dag.py took 0.082 seconds
[2023-07-19T12:58:13.700+0000] {processor.py:157} INFO - Started process (PID=612) to work on /home/airflow/.local/lib/python3.7/site-packages/airflow/example_dags/tutorial_dag.py
[2023-07-19T12:58:13.702+0000] {processor.py:826} INFO - Processing file /home/airflow/.local/lib/python3.7/site-packages/airflow/example_dags/tutorial_dag.py for tasks to queue
[2023-07-19T12:58:13.703+0000] {logging_mixin.py:150} INFO - [2023-07-19T12:58:13.702+0000] {dagbag.py:541} INFO - Filling up the DagBag from /home/airflow/.local/lib/python3.7/site-packages/airflow/example_dags/tutorial_dag.py
[2023-07-19T12:58:13.712+0000] {processor.py:836} INFO - DAG(s) dict_keys(['tutorial_dag']) retrieved from /home/airflow/.local/lib/python3.7/site-packages/airflow/example_dags/tutorial_dag.py
[2023-07-19T12:58:13.746+0000] {logging_mixin.py:150} INFO - [2023-07-19T12:58:13.746+0000] {dag.py:2742} INFO - Sync 1 DAGs
[2023-07-19T12:58:13.774+0000] {logging_mixin.py:150} INFO - [2023-07-19T12:58:13.773+0000] {dag.py:3508} INFO - Setting next_dagrun for tutorial_dag to None, run_after=None
[2023-07-19T12:58:13.794+0000] {processor.py:179} INFO - Processing /home/airflow/.local/lib/python3.7/site-packages/airflow/example_dags/tutorial_dag.py took 0.101 seconds
[2023-07-19T12:58:43.961+0000] {processor.py:157} INFO - Started process (PID=687) to work on /home/airflow/.local/lib/python3.7/site-packages/airflow/example_dags/tutorial_dag.py
[2023-07-19T12:58:43.962+0000] {processor.py:826} INFO - Processing file /home/airflow/.local/lib/python3.7/site-packages/airflow/example_dags/tutorial_dag.py for tasks to queue
[2023-07-19T12:58:43.963+0000] {logging_mixin.py:150} INFO - [2023-07-19T12:58:43.963+0000] {dagbag.py:541} INFO - Filling up the DagBag from /home/airflow/.local/lib/python3.7/site-packages/airflow/example_dags/tutorial_dag.py
[2023-07-19T12:58:43.969+0000] {processor.py:836} INFO - DAG(s) dict_keys(['tutorial_dag']) retrieved from /home/airflow/.local/lib/python3.7/site-packages/airflow/example_dags/tutorial_dag.py
[2023-07-19T12:58:43.999+0000] {logging_mixin.py:150} INFO - [2023-07-19T12:58:43.999+0000] {dag.py:2742} INFO - Sync 1 DAGs
[2023-07-19T12:58:44.026+0000] {logging_mixin.py:150} INFO - [2023-07-19T12:58:44.026+0000] {dag.py:3508} INFO - Setting next_dagrun for tutorial_dag to None, run_after=None
[2023-07-19T12:58:44.046+0000] {processor.py:179} INFO - Processing /home/airflow/.local/lib/python3.7/site-packages/airflow/example_dags/tutorial_dag.py took 0.089 seconds
