[2023-07-19T12:54:15.839+0000] {processor.py:157} INFO - Started process (PID=65) to work on /home/airflow/.local/lib/python3.7/site-packages/airflow/example_dags/tutorial.py
[2023-07-19T12:54:15.839+0000] {processor.py:826} INFO - Processing file /home/airflow/.local/lib/python3.7/site-packages/airflow/example_dags/tutorial.py for tasks to queue
[2023-07-19T12:54:15.840+0000] {logging_mixin.py:150} INFO - [2023-07-19T12:54:15.840+0000] {dagbag.py:541} INFO - Filling up the DagBag from /home/airflow/.local/lib/python3.7/site-packages/airflow/example_dags/tutorial.py
[2023-07-19T12:54:15.852+0000] {processor.py:836} INFO - DAG(s) dict_keys(['tutorial']) retrieved from /home/airflow/.local/lib/python3.7/site-packages/airflow/example_dags/tutorial.py
[2023-07-19T12:54:15.966+0000] {logging_mixin.py:150} INFO - [2023-07-19T12:54:15.966+0000] {manager.py:504} INFO - Created Permission View: can edit on DAG:tutorial
[2023-07-19T12:54:15.976+0000] {logging_mixin.py:150} INFO - [2023-07-19T12:54:15.976+0000] {manager.py:504} INFO - Created Permission View: can read on DAG:tutorial
[2023-07-19T12:54:15.982+0000] {logging_mixin.py:150} INFO - [2023-07-19T12:54:15.982+0000] {manager.py:504} INFO - Created Permission View: can delete on DAG:tutorial
[2023-07-19T12:54:16.001+0000] {logging_mixin.py:150} INFO - [2023-07-19T12:54:16.001+0000] {dag.py:2742} INFO - Sync 1 DAGs
[2023-07-19T12:54:16.016+0000] {logging_mixin.py:150} INFO - [2023-07-19T12:54:16.016+0000] {dag.py:2763} INFO - Creating ORM DAG for tutorial
[2023-07-19T12:54:16.029+0000] {logging_mixin.py:150} INFO - [2023-07-19T12:54:16.028+0000] {dag.py:3508} INFO - Setting next_dagrun for tutorial to 2023-07-18T12:54:16.028527+00:00, run_after=2023-07-19T12:54:16.028527+00:00
[2023-07-19T12:54:16.047+0000] {processor.py:179} INFO - Processing /home/airflow/.local/lib/python3.7/site-packages/airflow/example_dags/tutorial.py took 0.211 seconds
[2023-07-19T12:54:46.539+0000] {processor.py:157} INFO - Started process (PID=134) to work on /home/airflow/.local/lib/python3.7/site-packages/airflow/example_dags/tutorial.py
[2023-07-19T12:54:46.540+0000] {processor.py:826} INFO - Processing file /home/airflow/.local/lib/python3.7/site-packages/airflow/example_dags/tutorial.py for tasks to queue
[2023-07-19T12:54:46.541+0000] {logging_mixin.py:150} INFO - [2023-07-19T12:54:46.541+0000] {dagbag.py:541} INFO - Filling up the DagBag from /home/airflow/.local/lib/python3.7/site-packages/airflow/example_dags/tutorial.py
[2023-07-19T12:54:46.549+0000] {processor.py:836} INFO - DAG(s) dict_keys(['tutorial']) retrieved from /home/airflow/.local/lib/python3.7/site-packages/airflow/example_dags/tutorial.py
[2023-07-19T12:54:46.575+0000] {logging_mixin.py:150} INFO - [2023-07-19T12:54:46.575+0000] {dag.py:2742} INFO - Sync 1 DAGs
[2023-07-19T12:54:46.610+0000] {logging_mixin.py:150} INFO - [2023-07-19T12:54:46.610+0000] {dag.py:3508} INFO - Setting next_dagrun for tutorial to 2023-07-18T12:54:46.610107+00:00, run_after=2023-07-19T12:54:46.610107+00:00
[2023-07-19T12:54:46.636+0000] {processor.py:179} INFO - Processing /home/airflow/.local/lib/python3.7/site-packages/airflow/example_dags/tutorial.py took 0.101 seconds
[2023-07-19T12:55:17.372+0000] {processor.py:157} INFO - Started process (PID=212) to work on /home/airflow/.local/lib/python3.7/site-packages/airflow/example_dags/tutorial.py
[2023-07-19T12:55:17.374+0000] {processor.py:826} INFO - Processing file /home/airflow/.local/lib/python3.7/site-packages/airflow/example_dags/tutorial.py for tasks to queue
[2023-07-19T12:55:17.375+0000] {logging_mixin.py:150} INFO - [2023-07-19T12:55:17.375+0000] {dagbag.py:541} INFO - Filling up the DagBag from /home/airflow/.local/lib/python3.7/site-packages/airflow/example_dags/tutorial.py
[2023-07-19T12:55:17.384+0000] {processor.py:836} INFO - DAG(s) dict_keys(['tutorial']) retrieved from /home/airflow/.local/lib/python3.7/site-packages/airflow/example_dags/tutorial.py
[2023-07-19T12:55:17.409+0000] {logging_mixin.py:150} INFO - [2023-07-19T12:55:17.409+0000] {dag.py:2742} INFO - Sync 1 DAGs
[2023-07-19T12:55:17.437+0000] {logging_mixin.py:150} INFO - [2023-07-19T12:55:17.437+0000] {dag.py:3508} INFO - Setting next_dagrun for tutorial to 2023-07-18T12:55:17.437254+00:00, run_after=2023-07-19T12:55:17.437254+00:00
[2023-07-19T12:55:17.456+0000] {processor.py:179} INFO - Processing /home/airflow/.local/lib/python3.7/site-packages/airflow/example_dags/tutorial.py took 0.088 seconds
[2023-07-19T12:55:47.704+0000] {processor.py:157} INFO - Started process (PID=279) to work on /home/airflow/.local/lib/python3.7/site-packages/airflow/example_dags/tutorial.py
[2023-07-19T12:55:47.706+0000] {processor.py:826} INFO - Processing file /home/airflow/.local/lib/python3.7/site-packages/airflow/example_dags/tutorial.py for tasks to queue
[2023-07-19T12:55:47.706+0000] {logging_mixin.py:150} INFO - [2023-07-19T12:55:47.706+0000] {dagbag.py:541} INFO - Filling up the DagBag from /home/airflow/.local/lib/python3.7/site-packages/airflow/example_dags/tutorial.py
[2023-07-19T12:55:47.713+0000] {processor.py:836} INFO - DAG(s) dict_keys(['tutorial']) retrieved from /home/airflow/.local/lib/python3.7/site-packages/airflow/example_dags/tutorial.py
[2023-07-19T12:55:47.746+0000] {logging_mixin.py:150} INFO - [2023-07-19T12:55:47.745+0000] {dag.py:2742} INFO - Sync 1 DAGs
[2023-07-19T12:55:47.774+0000] {logging_mixin.py:150} INFO - [2023-07-19T12:55:47.773+0000] {dag.py:3508} INFO - Setting next_dagrun for tutorial to 2023-07-18T12:55:47.773607+00:00, run_after=2023-07-19T12:55:47.773607+00:00
[2023-07-19T12:55:47.800+0000] {processor.py:179} INFO - Processing /home/airflow/.local/lib/python3.7/site-packages/airflow/example_dags/tutorial.py took 0.099 seconds
[2023-07-19T12:56:18.391+0000] {processor.py:157} INFO - Started process (PID=356) to work on /home/airflow/.local/lib/python3.7/site-packages/airflow/example_dags/tutorial.py
[2023-07-19T12:56:18.392+0000] {processor.py:826} INFO - Processing file /home/airflow/.local/lib/python3.7/site-packages/airflow/example_dags/tutorial.py for tasks to queue
[2023-07-19T12:56:18.393+0000] {logging_mixin.py:150} INFO - [2023-07-19T12:56:18.393+0000] {dagbag.py:541} INFO - Filling up the DagBag from /home/airflow/.local/lib/python3.7/site-packages/airflow/example_dags/tutorial.py
[2023-07-19T12:56:18.400+0000] {processor.py:836} INFO - DAG(s) dict_keys(['tutorial']) retrieved from /home/airflow/.local/lib/python3.7/site-packages/airflow/example_dags/tutorial.py
[2023-07-19T12:56:18.423+0000] {logging_mixin.py:150} INFO - [2023-07-19T12:56:18.423+0000] {dag.py:2742} INFO - Sync 1 DAGs
[2023-07-19T12:56:18.458+0000] {logging_mixin.py:150} INFO - [2023-07-19T12:56:18.457+0000] {dag.py:3508} INFO - Setting next_dagrun for tutorial to 2023-07-18T12:56:18.457641+00:00, run_after=2023-07-19T12:56:18.457641+00:00
[2023-07-19T12:56:18.476+0000] {processor.py:179} INFO - Processing /home/airflow/.local/lib/python3.7/site-packages/airflow/example_dags/tutorial.py took 0.089 seconds
[2023-07-19T12:56:48.805+0000] {processor.py:157} INFO - Started process (PID=424) to work on /home/airflow/.local/lib/python3.7/site-packages/airflow/example_dags/tutorial.py
[2023-07-19T12:56:48.807+0000] {processor.py:826} INFO - Processing file /home/airflow/.local/lib/python3.7/site-packages/airflow/example_dags/tutorial.py for tasks to queue
[2023-07-19T12:56:48.807+0000] {logging_mixin.py:150} INFO - [2023-07-19T12:56:48.807+0000] {dagbag.py:541} INFO - Filling up the DagBag from /home/airflow/.local/lib/python3.7/site-packages/airflow/example_dags/tutorial.py
[2023-07-19T12:56:48.815+0000] {processor.py:836} INFO - DAG(s) dict_keys(['tutorial']) retrieved from /home/airflow/.local/lib/python3.7/site-packages/airflow/example_dags/tutorial.py
[2023-07-19T12:56:48.836+0000] {logging_mixin.py:150} INFO - [2023-07-19T12:56:48.836+0000] {dag.py:2742} INFO - Sync 1 DAGs
[2023-07-19T12:56:48.857+0000] {logging_mixin.py:150} INFO - [2023-07-19T12:56:48.857+0000] {dag.py:3508} INFO - Setting next_dagrun for tutorial to 2023-07-18T12:56:48.857363+00:00, run_after=2023-07-19T12:56:48.857363+00:00
[2023-07-19T12:56:48.876+0000] {processor.py:179} INFO - Processing /home/airflow/.local/lib/python3.7/site-packages/airflow/example_dags/tutorial.py took 0.075 seconds
[2023-07-19T12:57:19.583+0000] {processor.py:157} INFO - Started process (PID=501) to work on /home/airflow/.local/lib/python3.7/site-packages/airflow/example_dags/tutorial.py
[2023-07-19T12:57:19.584+0000] {processor.py:826} INFO - Processing file /home/airflow/.local/lib/python3.7/site-packages/airflow/example_dags/tutorial.py for tasks to queue
[2023-07-19T12:57:19.586+0000] {logging_mixin.py:150} INFO - [2023-07-19T12:57:19.586+0000] {dagbag.py:541} INFO - Filling up the DagBag from /home/airflow/.local/lib/python3.7/site-packages/airflow/example_dags/tutorial.py
[2023-07-19T12:57:19.594+0000] {processor.py:836} INFO - DAG(s) dict_keys(['tutorial']) retrieved from /home/airflow/.local/lib/python3.7/site-packages/airflow/example_dags/tutorial.py
[2023-07-19T12:57:19.625+0000] {logging_mixin.py:150} INFO - [2023-07-19T12:57:19.624+0000] {dag.py:2742} INFO - Sync 1 DAGs
[2023-07-19T12:57:19.660+0000] {logging_mixin.py:150} INFO - [2023-07-19T12:57:19.659+0000] {dag.py:3508} INFO - Setting next_dagrun for tutorial to 2023-07-18T12:57:19.659692+00:00, run_after=2023-07-19T12:57:19.659692+00:00
[2023-07-19T12:57:19.684+0000] {processor.py:179} INFO - Processing /home/airflow/.local/lib/python3.7/site-packages/airflow/example_dags/tutorial.py took 0.107 seconds
[2023-07-19T12:57:49.838+0000] {processor.py:157} INFO - Started process (PID=569) to work on /home/airflow/.local/lib/python3.7/site-packages/airflow/example_dags/tutorial.py
[2023-07-19T12:57:49.838+0000] {processor.py:826} INFO - Processing file /home/airflow/.local/lib/python3.7/site-packages/airflow/example_dags/tutorial.py for tasks to queue
[2023-07-19T12:57:49.839+0000] {logging_mixin.py:150} INFO - [2023-07-19T12:57:49.839+0000] {dagbag.py:541} INFO - Filling up the DagBag from /home/airflow/.local/lib/python3.7/site-packages/airflow/example_dags/tutorial.py
[2023-07-19T12:57:49.846+0000] {processor.py:836} INFO - DAG(s) dict_keys(['tutorial']) retrieved from /home/airflow/.local/lib/python3.7/site-packages/airflow/example_dags/tutorial.py
[2023-07-19T12:57:49.868+0000] {logging_mixin.py:150} INFO - [2023-07-19T12:57:49.868+0000] {dag.py:2742} INFO - Sync 1 DAGs
[2023-07-19T12:57:49.915+0000] {logging_mixin.py:150} INFO - [2023-07-19T12:57:49.915+0000] {dag.py:3508} INFO - Setting next_dagrun for tutorial to 2023-07-18T12:57:49.915349+00:00, run_after=2023-07-19T12:57:49.915349+00:00
[2023-07-19T12:57:49.934+0000] {processor.py:179} INFO - Processing /home/airflow/.local/lib/python3.7/site-packages/airflow/example_dags/tutorial.py took 0.099 seconds
[2023-07-19T12:58:20.446+0000] {processor.py:157} INFO - Started process (PID=646) to work on /home/airflow/.local/lib/python3.7/site-packages/airflow/example_dags/tutorial.py
[2023-07-19T12:58:20.447+0000] {processor.py:826} INFO - Processing file /home/airflow/.local/lib/python3.7/site-packages/airflow/example_dags/tutorial.py for tasks to queue
[2023-07-19T12:58:20.448+0000] {logging_mixin.py:150} INFO - [2023-07-19T12:58:20.448+0000] {dagbag.py:541} INFO - Filling up the DagBag from /home/airflow/.local/lib/python3.7/site-packages/airflow/example_dags/tutorial.py
[2023-07-19T12:58:20.468+0000] {processor.py:836} INFO - DAG(s) dict_keys(['tutorial']) retrieved from /home/airflow/.local/lib/python3.7/site-packages/airflow/example_dags/tutorial.py
[2023-07-19T12:58:20.500+0000] {logging_mixin.py:150} INFO - [2023-07-19T12:58:20.500+0000] {dag.py:2742} INFO - Sync 1 DAGs
[2023-07-19T12:58:20.521+0000] {logging_mixin.py:150} INFO - [2023-07-19T12:58:20.520+0000] {dag.py:3508} INFO - Setting next_dagrun for tutorial to 2023-07-18T12:58:20.520701+00:00, run_after=2023-07-19T12:58:20.520701+00:00
[2023-07-19T12:58:20.537+0000] {processor.py:179} INFO - Processing /home/airflow/.local/lib/python3.7/site-packages/airflow/example_dags/tutorial.py took 0.095 seconds
