[2023-07-19T12:54:15.183+0000] {processor.py:157} INFO - Started process (PID=61) to work on /home/airflow/.local/lib/python3.7/site-packages/airflow/example_dags/tutorial_taskflow_api.py
[2023-07-19T12:54:15.188+0000] {processor.py:826} INFO - Processing file /home/airflow/.local/lib/python3.7/site-packages/airflow/example_dags/tutorial_taskflow_api.py for tasks to queue
[2023-07-19T12:54:15.189+0000] {logging_mixin.py:150} INFO - [2023-07-19T12:54:15.188+0000] {dagbag.py:541} INFO - Filling up the DagBag from /home/airflow/.local/lib/python3.7/site-packages/airflow/example_dags/tutorial_taskflow_api.py
[2023-07-19T12:54:15.200+0000] {processor.py:836} INFO - DAG(s) dict_keys(['tutorial_taskflow_api']) retrieved from /home/airflow/.local/lib/python3.7/site-packages/airflow/example_dags/tutorial_taskflow_api.py
[2023-07-19T12:54:15.383+0000] {logging_mixin.py:150} INFO - [2023-07-19T12:54:15.383+0000] {manager.py:504} INFO - Created Permission View: can edit on DAG:tutorial_taskflow_api
[2023-07-19T12:54:15.399+0000] {logging_mixin.py:150} INFO - [2023-07-19T12:54:15.398+0000] {manager.py:504} INFO - Created Permission View: can read on DAG:tutorial_taskflow_api
[2023-07-19T12:54:15.406+0000] {logging_mixin.py:150} INFO - [2023-07-19T12:54:15.406+0000] {manager.py:504} INFO - Created Permission View: can delete on DAG:tutorial_taskflow_api
[2023-07-19T12:54:15.424+0000] {logging_mixin.py:150} INFO - [2023-07-19T12:54:15.424+0000] {dag.py:2742} INFO - Sync 1 DAGs
[2023-07-19T12:54:15.455+0000] {logging_mixin.py:150} INFO - [2023-07-19T12:54:15.454+0000] {dag.py:2763} INFO - Creating ORM DAG for tutorial_taskflow_api
[2023-07-19T12:54:15.472+0000] {logging_mixin.py:150} INFO - [2023-07-19T12:54:15.472+0000] {dag.py:3508} INFO - Setting next_dagrun for tutorial_taskflow_api to None, run_after=None
[2023-07-19T12:54:15.499+0000] {processor.py:179} INFO - Processing /home/airflow/.local/lib/python3.7/site-packages/airflow/example_dags/tutorial_taskflow_api.py took 0.321 seconds
[2023-07-19T12:54:46.292+0000] {processor.py:157} INFO - Started process (PID=130) to work on /home/airflow/.local/lib/python3.7/site-packages/airflow/example_dags/tutorial_taskflow_api.py
[2023-07-19T12:54:46.293+0000] {processor.py:826} INFO - Processing file /home/airflow/.local/lib/python3.7/site-packages/airflow/example_dags/tutorial_taskflow_api.py for tasks to queue
[2023-07-19T12:54:46.295+0000] {logging_mixin.py:150} INFO - [2023-07-19T12:54:46.294+0000] {dagbag.py:541} INFO - Filling up the DagBag from /home/airflow/.local/lib/python3.7/site-packages/airflow/example_dags/tutorial_taskflow_api.py
[2023-07-19T12:54:46.306+0000] {processor.py:836} INFO - DAG(s) dict_keys(['tutorial_taskflow_api']) retrieved from /home/airflow/.local/lib/python3.7/site-packages/airflow/example_dags/tutorial_taskflow_api.py
[2023-07-19T12:54:46.339+0000] {logging_mixin.py:150} INFO - [2023-07-19T12:54:46.338+0000] {dag.py:2742} INFO - Sync 1 DAGs
[2023-07-19T12:54:46.367+0000] {logging_mixin.py:150} INFO - [2023-07-19T12:54:46.366+0000] {dag.py:3508} INFO - Setting next_dagrun for tutorial_taskflow_api to None, run_after=None
[2023-07-19T12:54:46.385+0000] {processor.py:179} INFO - Processing /home/airflow/.local/lib/python3.7/site-packages/airflow/example_dags/tutorial_taskflow_api.py took 0.097 seconds
[2023-07-19T12:55:17.092+0000] {processor.py:157} INFO - Started process (PID=208) to work on /home/airflow/.local/lib/python3.7/site-packages/airflow/example_dags/tutorial_taskflow_api.py
[2023-07-19T12:55:17.093+0000] {processor.py:826} INFO - Processing file /home/airflow/.local/lib/python3.7/site-packages/airflow/example_dags/tutorial_taskflow_api.py for tasks to queue
[2023-07-19T12:55:17.094+0000] {logging_mixin.py:150} INFO - [2023-07-19T12:55:17.094+0000] {dagbag.py:541} INFO - Filling up the DagBag from /home/airflow/.local/lib/python3.7/site-packages/airflow/example_dags/tutorial_taskflow_api.py
[2023-07-19T12:55:17.102+0000] {processor.py:836} INFO - DAG(s) dict_keys(['tutorial_taskflow_api']) retrieved from /home/airflow/.local/lib/python3.7/site-packages/airflow/example_dags/tutorial_taskflow_api.py
[2023-07-19T12:55:17.140+0000] {logging_mixin.py:150} INFO - [2023-07-19T12:55:17.140+0000] {dag.py:2742} INFO - Sync 1 DAGs
[2023-07-19T12:55:17.167+0000] {logging_mixin.py:150} INFO - [2023-07-19T12:55:17.167+0000] {dag.py:3508} INFO - Setting next_dagrun for tutorial_taskflow_api to None, run_after=None
[2023-07-19T12:55:17.182+0000] {processor.py:179} INFO - Processing /home/airflow/.local/lib/python3.7/site-packages/airflow/example_dags/tutorial_taskflow_api.py took 0.096 seconds
[2023-07-19T12:55:47.469+0000] {processor.py:157} INFO - Started process (PID=275) to work on /home/airflow/.local/lib/python3.7/site-packages/airflow/example_dags/tutorial_taskflow_api.py
[2023-07-19T12:55:47.471+0000] {processor.py:826} INFO - Processing file /home/airflow/.local/lib/python3.7/site-packages/airflow/example_dags/tutorial_taskflow_api.py for tasks to queue
[2023-07-19T12:55:47.476+0000] {logging_mixin.py:150} INFO - [2023-07-19T12:55:47.475+0000] {dagbag.py:541} INFO - Filling up the DagBag from /home/airflow/.local/lib/python3.7/site-packages/airflow/example_dags/tutorial_taskflow_api.py
[2023-07-19T12:55:47.485+0000] {processor.py:836} INFO - DAG(s) dict_keys(['tutorial_taskflow_api']) retrieved from /home/airflow/.local/lib/python3.7/site-packages/airflow/example_dags/tutorial_taskflow_api.py
[2023-07-19T12:55:47.512+0000] {logging_mixin.py:150} INFO - [2023-07-19T12:55:47.512+0000] {dag.py:2742} INFO - Sync 1 DAGs
[2023-07-19T12:55:47.545+0000] {logging_mixin.py:150} INFO - [2023-07-19T12:55:47.545+0000] {dag.py:3508} INFO - Setting next_dagrun for tutorial_taskflow_api to None, run_after=None
[2023-07-19T12:55:47.561+0000] {processor.py:179} INFO - Processing /home/airflow/.local/lib/python3.7/site-packages/airflow/example_dags/tutorial_taskflow_api.py took 0.099 seconds
[2023-07-19T12:56:18.171+0000] {processor.py:157} INFO - Started process (PID=352) to work on /home/airflow/.local/lib/python3.7/site-packages/airflow/example_dags/tutorial_taskflow_api.py
[2023-07-19T12:56:18.172+0000] {processor.py:826} INFO - Processing file /home/airflow/.local/lib/python3.7/site-packages/airflow/example_dags/tutorial_taskflow_api.py for tasks to queue
[2023-07-19T12:56:18.173+0000] {logging_mixin.py:150} INFO - [2023-07-19T12:56:18.173+0000] {dagbag.py:541} INFO - Filling up the DagBag from /home/airflow/.local/lib/python3.7/site-packages/airflow/example_dags/tutorial_taskflow_api.py
[2023-07-19T12:56:18.179+0000] {processor.py:836} INFO - DAG(s) dict_keys(['tutorial_taskflow_api']) retrieved from /home/airflow/.local/lib/python3.7/site-packages/airflow/example_dags/tutorial_taskflow_api.py
[2023-07-19T12:56:18.208+0000] {logging_mixin.py:150} INFO - [2023-07-19T12:56:18.208+0000] {dag.py:2742} INFO - Sync 1 DAGs
[2023-07-19T12:56:18.234+0000] {logging_mixin.py:150} INFO - [2023-07-19T12:56:18.233+0000] {dag.py:3508} INFO - Setting next_dagrun for tutorial_taskflow_api to None, run_after=None
[2023-07-19T12:56:18.257+0000] {processor.py:179} INFO - Processing /home/airflow/.local/lib/python3.7/site-packages/airflow/example_dags/tutorial_taskflow_api.py took 0.092 seconds
[2023-07-19T12:56:48.510+0000] {processor.py:157} INFO - Started process (PID=420) to work on /home/airflow/.local/lib/python3.7/site-packages/airflow/example_dags/tutorial_taskflow_api.py
[2023-07-19T12:56:48.511+0000] {processor.py:826} INFO - Processing file /home/airflow/.local/lib/python3.7/site-packages/airflow/example_dags/tutorial_taskflow_api.py for tasks to queue
[2023-07-19T12:56:48.513+0000] {logging_mixin.py:150} INFO - [2023-07-19T12:56:48.513+0000] {dagbag.py:541} INFO - Filling up the DagBag from /home/airflow/.local/lib/python3.7/site-packages/airflow/example_dags/tutorial_taskflow_api.py
[2023-07-19T12:56:48.519+0000] {processor.py:836} INFO - DAG(s) dict_keys(['tutorial_taskflow_api']) retrieved from /home/airflow/.local/lib/python3.7/site-packages/airflow/example_dags/tutorial_taskflow_api.py
[2023-07-19T12:56:48.553+0000] {logging_mixin.py:150} INFO - [2023-07-19T12:56:48.552+0000] {dag.py:2742} INFO - Sync 1 DAGs
[2023-07-19T12:56:48.577+0000] {logging_mixin.py:150} INFO - [2023-07-19T12:56:48.577+0000] {dag.py:3508} INFO - Setting next_dagrun for tutorial_taskflow_api to None, run_after=None
[2023-07-19T12:56:48.600+0000] {processor.py:179} INFO - Processing /home/airflow/.local/lib/python3.7/site-packages/airflow/example_dags/tutorial_taskflow_api.py took 0.094 seconds
[2023-07-19T12:57:19.291+0000] {processor.py:157} INFO - Started process (PID=497) to work on /home/airflow/.local/lib/python3.7/site-packages/airflow/example_dags/tutorial_taskflow_api.py
[2023-07-19T12:57:19.292+0000] {processor.py:826} INFO - Processing file /home/airflow/.local/lib/python3.7/site-packages/airflow/example_dags/tutorial_taskflow_api.py for tasks to queue
[2023-07-19T12:57:19.292+0000] {logging_mixin.py:150} INFO - [2023-07-19T12:57:19.292+0000] {dagbag.py:541} INFO - Filling up the DagBag from /home/airflow/.local/lib/python3.7/site-packages/airflow/example_dags/tutorial_taskflow_api.py
[2023-07-19T12:57:19.301+0000] {processor.py:836} INFO - DAG(s) dict_keys(['tutorial_taskflow_api']) retrieved from /home/airflow/.local/lib/python3.7/site-packages/airflow/example_dags/tutorial_taskflow_api.py
[2023-07-19T12:57:19.356+0000] {logging_mixin.py:150} INFO - [2023-07-19T12:57:19.356+0000] {dag.py:2742} INFO - Sync 1 DAGs
[2023-07-19T12:57:19.395+0000] {logging_mixin.py:150} INFO - [2023-07-19T12:57:19.394+0000] {dag.py:3508} INFO - Setting next_dagrun for tutorial_taskflow_api to None, run_after=None
[2023-07-19T12:57:19.440+0000] {processor.py:179} INFO - Processing /home/airflow/.local/lib/python3.7/site-packages/airflow/example_dags/tutorial_taskflow_api.py took 0.155 seconds
[2023-07-19T12:57:49.538+0000] {processor.py:157} INFO - Started process (PID=566) to work on /home/airflow/.local/lib/python3.7/site-packages/airflow/example_dags/tutorial_taskflow_api.py
[2023-07-19T12:57:49.540+0000] {processor.py:826} INFO - Processing file /home/airflow/.local/lib/python3.7/site-packages/airflow/example_dags/tutorial_taskflow_api.py for tasks to queue
[2023-07-19T12:57:49.542+0000] {logging_mixin.py:150} INFO - [2023-07-19T12:57:49.541+0000] {dagbag.py:541} INFO - Filling up the DagBag from /home/airflow/.local/lib/python3.7/site-packages/airflow/example_dags/tutorial_taskflow_api.py
[2023-07-19T12:57:49.558+0000] {processor.py:836} INFO - DAG(s) dict_keys(['tutorial_taskflow_api']) retrieved from /home/airflow/.local/lib/python3.7/site-packages/airflow/example_dags/tutorial_taskflow_api.py
[2023-07-19T12:57:49.595+0000] {logging_mixin.py:150} INFO - [2023-07-19T12:57:49.595+0000] {dag.py:2742} INFO - Sync 1 DAGs
[2023-07-19T12:57:49.617+0000] {logging_mixin.py:150} INFO - [2023-07-19T12:57:49.617+0000] {dag.py:3508} INFO - Setting next_dagrun for tutorial_taskflow_api to None, run_after=None
[2023-07-19T12:57:49.648+0000] {processor.py:179} INFO - Processing /home/airflow/.local/lib/python3.7/site-packages/airflow/example_dags/tutorial_taskflow_api.py took 0.117 seconds
[2023-07-19T12:58:20.140+0000] {processor.py:157} INFO - Started process (PID=642) to work on /home/airflow/.local/lib/python3.7/site-packages/airflow/example_dags/tutorial_taskflow_api.py
[2023-07-19T12:58:20.142+0000] {processor.py:826} INFO - Processing file /home/airflow/.local/lib/python3.7/site-packages/airflow/example_dags/tutorial_taskflow_api.py for tasks to queue
[2023-07-19T12:58:20.143+0000] {logging_mixin.py:150} INFO - [2023-07-19T12:58:20.143+0000] {dagbag.py:541} INFO - Filling up the DagBag from /home/airflow/.local/lib/python3.7/site-packages/airflow/example_dags/tutorial_taskflow_api.py
[2023-07-19T12:58:20.158+0000] {processor.py:836} INFO - DAG(s) dict_keys(['tutorial_taskflow_api']) retrieved from /home/airflow/.local/lib/python3.7/site-packages/airflow/example_dags/tutorial_taskflow_api.py
[2023-07-19T12:58:20.206+0000] {logging_mixin.py:150} INFO - [2023-07-19T12:58:20.205+0000] {dag.py:2742} INFO - Sync 1 DAGs
[2023-07-19T12:58:20.232+0000] {logging_mixin.py:150} INFO - [2023-07-19T12:58:20.232+0000] {dag.py:3508} INFO - Setting next_dagrun for tutorial_taskflow_api to None, run_after=None
[2023-07-19T12:58:20.250+0000] {processor.py:179} INFO - Processing /home/airflow/.local/lib/python3.7/site-packages/airflow/example_dags/tutorial_taskflow_api.py took 0.114 seconds
