[2023-07-19T15:03:42.212+0000] {taskinstance.py:1103} INFO - Dependencies all met for dep_context=non-requeueable deps ti=<TaskInstance: etl.extract_api_data manual__2023-07-19T15:03:40.086172+00:00 [queued]>
[2023-07-19T15:03:42.241+0000] {taskinstance.py:1103} INFO - Dependencies all met for dep_context=requeueable deps ti=<TaskInstance: etl.extract_api_data manual__2023-07-19T15:03:40.086172+00:00 [queued]>
[2023-07-19T15:03:42.242+0000] {taskinstance.py:1308} INFO - Starting attempt 1 of 2
[2023-07-19T15:03:42.273+0000] {taskinstance.py:1327} INFO - Executing <Task(PythonOperator): extract_api_data> on 2023-07-19 15:03:40.086172+00:00
[2023-07-19T15:03:42.280+0000] {standard_task_runner.py:57} INFO - Started process 342 to run task
[2023-07-19T15:03:42.286+0000] {standard_task_runner.py:84} INFO - Running: ['***', 'tasks', 'run', 'etl', 'extract_api_data', 'manual__2023-07-19T15:03:40.086172+00:00', '--job-id', '14', '--raw', '--subdir', 'DAGS_FOLDER/etl.py', '--cfg-path', '/tmp/tmptd11sdzp']
[2023-07-19T15:03:42.300+0000] {standard_task_runner.py:85} INFO - Job 14: Subtask extract_api_data
[2023-07-19T15:03:42.573+0000] {task_command.py:410} INFO - Running <TaskInstance: etl.extract_api_data manual__2023-07-19T15:03:40.086172+00:00 [running]> on host 6f676df8422e
[2023-07-19T15:03:42.972+0000] {taskinstance.py:1547} INFO - Exporting env vars: AIRFLOW_CTX_DAG_OWNER='Rodrigo Carvalho' AIRFLOW_CTX_DAG_ID='etl' AIRFLOW_CTX_TASK_ID='extract_api_data' AIRFLOW_CTX_EXECUTION_DATE='2023-07-19T15:03:40.086172+00:00' AIRFLOW_CTX_TRY_NUMBER='1' AIRFLOW_CTX_DAG_RUN_ID='manual__2023-07-19T15:03:40.086172+00:00'
[2023-07-19T15:03:42.975+0000] {logging_mixin.py:150} INFO - An error occurred while making the request: Invalid URL 'None': No scheme supplied. Perhaps you meant https://None?
[2023-07-19T15:03:42.975+0000] {taskinstance.py:1824} ERROR - Task failed with exception
Traceback (most recent call last):
  File "/home/airflow/.local/lib/python3.7/site-packages/airflow/operators/python.py", line 181, in execute
    return_value = self.execute_callable()
  File "/home/airflow/.local/lib/python3.7/site-packages/airflow/operators/python.py", line 198, in execute_callable
    return self.python_callable(*self.op_args, **self.op_kwargs)
  File "/opt/airflow/dags/etl.py", line 99, in extract_api_data
    response = requests.get(base_url, params={'id': employee_id})
  File "/home/airflow/.local/lib/python3.7/site-packages/requests/api.py", line 73, in get
    return request("get", url, params=params, **kwargs)
  File "/home/airflow/.local/lib/python3.7/site-packages/requests/api.py", line 59, in request
    return session.request(method=method, url=url, **kwargs)
  File "/home/airflow/.local/lib/python3.7/site-packages/requests/sessions.py", line 575, in request
    prep = self.prepare_request(req)
  File "/home/airflow/.local/lib/python3.7/site-packages/requests/sessions.py", line 498, in prepare_request
    hooks=merge_hooks(request.hooks, self.hooks),
  File "/home/airflow/.local/lib/python3.7/site-packages/requests/models.py", line 368, in prepare
    self.prepare_url(url, params)
  File "/home/airflow/.local/lib/python3.7/site-packages/requests/models.py", line 440, in prepare_url
    f"Invalid URL {url!r}: No scheme supplied. "
requests.exceptions.MissingSchema: Invalid URL 'None': No scheme supplied. Perhaps you meant https://None?
[2023-07-19T15:03:43.037+0000] {taskinstance.py:1350} INFO - Marking task as UP_FOR_RETRY. dag_id=etl, task_id=extract_api_data, execution_date=20230719T150340, start_date=20230719T150342, end_date=20230719T150343
[2023-07-19T15:03:43.084+0000] {standard_task_runner.py:109} ERROR - Failed to execute job 14 for task extract_api_data (Invalid URL 'None': No scheme supplied. Perhaps you meant https://None?; 342)
[2023-07-19T15:03:43.138+0000] {local_task_job_runner.py:225} INFO - Task exited with return code 1
[2023-07-19T15:03:43.266+0000] {taskinstance.py:2653} INFO - 0 downstream tasks scheduled from follow-on schedule check
